09:36:55.741 [main] INFO  com.dfyy.DfyyiApplication - Starting DfyyiApplication on shijieX with PID 4164 (E:\workspaces\dfyy\target\classes started by Administrator in E:\workspaces\dfyy)
09:36:55.756 [main] DEBUG com.dfyy.DfyyiApplication - Running with Spring Boot v1.5.10.RELEASE, Spring v4.3.14.RELEASE
09:36:55.757 [main] INFO  com.dfyy.DfyyiApplication - The following profiles are active: druid
09:36:56.049 [background-preinit] INFO  org.hibernate.validator.internal.util.Version - HV000001: Hibernate Validator 5.3.6.Final
09:36:57.624 [main] INFO  org.apache.shiro.cache.ehcache.EhCacheManager - Cache with name 'com.dfyy.framework.shiro.realm.UserRealm.authorizationCache' does not yet exist.  Creating now.
09:36:57.625 [main] INFO  org.apache.shiro.cache.ehcache.EhCacheManager - Added EhCache named [com.dfyy.framework.shiro.realm.UserRealm.authorizationCache]
09:36:58.665 [main] INFO  com.alibaba.druid.pool.DruidDataSource - {dataSource-1} inited
09:36:59.530 [main] INFO  org.apache.shiro.cache.ehcache.EhCacheManager - Using existing EHCache named [loginRecordCache]
09:37:00.541 [main] INFO  org.apache.catalina.core.StandardService - Starting service [Tomcat]
09:37:00.542 [main] INFO  org.apache.catalina.core.StandardEngine - Starting Servlet Engine: Apache Tomcat/8.5.27
09:37:00.665 [localhost-startStop-1] INFO  org.apache.catalina.core.ContainerBase.[Tomcat].[localhost].[/] - Initializing Spring embedded WebApplicationContext
09:37:03.752 [main] INFO  org.quartz.impl.StdSchedulerFactory - Using default implementation for ThreadExecutor
09:37:03.775 [main] INFO  org.quartz.core.SchedulerSignalerImpl - Initialized Scheduler Signaller of type: class org.quartz.core.SchedulerSignalerImpl
09:37:03.775 [main] INFO  org.quartz.core.QuartzScheduler - Quartz Scheduler v.2.3.0 created.
09:37:03.792 [main] INFO  org.quartz.core.QuartzScheduler - Scheduler meta-data: Quartz Scheduler (v2.3.0) 'dfyyScheduler' with instanceId 'shijieX1542591423755'
  Scheduler class: 'org.quartz.core.QuartzScheduler' - running locally.
  NOT STARTED.
  Currently in standby mode.
  Number of jobs executed: 0
  Using thread pool 'org.quartz.simpl.SimpleThreadPool' - with 20 threads.
  Using job-store 'org.springframework.scheduling.quartz.LocalDataSourceJobStore' - which supports persistence. and is clustered.

09:37:03.792 [main] INFO  org.quartz.impl.StdSchedulerFactory - Quartz scheduler 'dfyyScheduler' initialized from an externally provided properties instance.
09:37:03.792 [main] INFO  org.quartz.impl.StdSchedulerFactory - Quartz scheduler version: 2.3.0
09:37:03.794 [main] INFO  org.quartz.core.QuartzScheduler - JobFactory set to: org.springframework.scheduling.quartz.AdaptableJobFactory@7210f559
09:37:03.873 [main] DEBUG com.dfyy.project.monitor.job.dao.IJobDao.selectJobAll - ==>  Preparing: SELECT job_id, job_name, job_group, method_name, params, cron_expression, status, create_by, create_time FROM sys_job 
09:37:03.991 [main] DEBUG com.dfyy.project.monitor.job.dao.IJobDao.selectJobAll - ==> Parameters: 
09:37:04.043 [main] DEBUG com.dfyy.project.monitor.job.dao.IJobDao.selectJobAll - <==      Total: 1
09:37:07.239 [main] WARN  org.thymeleaf.templatemode.TemplateMode - [THYMELEAF][main] Template Mode 'LEGACYHTML5' is deprecated. Using Template Mode 'HTML' instead.
09:37:09.119 [main] INFO  org.apache.coyote.http11.Http11NioProtocol - Initializing ProtocolHandler ["http-nio-8085"]
09:37:09.134 [main] INFO  org.apache.coyote.http11.Http11NioProtocol - Starting ProtocolHandler ["http-nio-8085"]
09:37:09.183 [main] INFO  org.apache.tomcat.util.net.NioSelectorPool - Using a shared selector for servlet write/read
09:37:09.212 [main] INFO  com.dfyy.DfyyiApplication - Started DfyyiApplication in 13.853 seconds (JVM running for 14.61)
09:37:10.390 [Quartz Scheduler [dfyyScheduler]] INFO  org.quartz.core.QuartzScheduler - Scheduler dfyyScheduler_$_shijieX1542591423755 started.
09:37:45.376 [http-nio-8085-exec-1] INFO  org.apache.catalina.core.ContainerBase.[Tomcat].[localhost].[/] - Initializing Spring FrameworkServlet 'dispatcherServlet'
09:37:45.550 [http-nio-8085-exec-1] INFO  org.apache.shiro.session.mgt.AbstractValidatingSessionManager - Enabling session validation scheduler...
09:37:45.550 [http-nio-8085-exec-1] DEBUG com.dfyy.framework.shiro.web.session.SpringSessionValidationScheduler - Scheduling session validation job using Spring Scheduler with session validation interval of [600000]ms...
09:37:45.551 [http-nio-8085-exec-1] DEBUG com.dfyy.framework.shiro.web.session.SpringSessionValidationScheduler - Session validation job successfully scheduled with Spring Scheduler.
09:37:45.573 [http-nio-8085-exec-1] INFO  org.apache.shiro.cache.ehcache.EhCacheManager - Using existing EHCache named [shiro-activeSessionCache]
09:37:46.552 [pool-2-thread-1] INFO  com.dfyy.framework.shiro.web.session.OnlineWebSessionManager - invalidation sessions...
09:37:46.568 [pool-2-thread-1] DEBUG com.dfyy.project.monitor.online.dao.IUserOnlineDao.selectOnlineByExpired - ==>  Preparing: SELECT * FROM sys_user_online o WHERE o.last_access_time <= ? ORDER BY o.last_access_time ASC 
09:37:46.570 [pool-2-thread-1] DEBUG com.dfyy.project.monitor.online.dao.IUserOnlineDao.selectOnlineByExpired - ==> Parameters: 2018-11-19 09:07:46(String)
09:37:46.605 [pool-2-thread-1] DEBUG com.dfyy.project.monitor.online.dao.IUserOnlineDao.selectOnlineByExpired - <==      Total: 0
09:37:46.606 [pool-2-thread-1] INFO  com.dfyy.framework.shiro.web.session.OnlineWebSessionManager - Finished invalidation session. No sessions were stopped.
09:37:58.554 [http-nio-8085-exec-10] DEBUG com.dfyy.project.system.user.dao.IUserDao.selectUserByName - ==>  Preparing: select u.user_id, u.dept_id,u.user_number,u.branch_id, u.login_name, u.user_name, u.email, u.phonenumber, u.sex, u.avatar, u.password, u.salt, u.status, u.refuse_des, u.create_time, d.dept_id, d.parent_id, d.dept_name, d.order_num, d.status as dept_status from sys_user u left join sys_dept d on u.dept_id = d.dept_id left join sys_user_role ur on u.user_id = ur.user_id where u.login_name = ? 
09:37:58.587 [http-nio-8085-exec-10] DEBUG com.dfyy.project.system.user.dao.IUserDao.selectUserByName - ==> Parameters: admin(String)
09:37:58.589 [http-nio-8085-exec-4] INFO  sys-user - [0:0:0:0:0:0:0:1][][Error][* 必须填写]
09:37:58.594 [http-nio-8085-exec-4] DEBUG com.dfyy.project.monitor.logininfor.dao.ILogininforDao.insertLogininfor - ==>  Preparing: insert into sys_logininfor (login_name, status, ipaddr, browser, os, msg) values (?, ?, ?, ?, ?, ?) 
09:37:58.598 [http-nio-8085-exec-4] DEBUG com.dfyy.project.monitor.logininfor.dao.ILogininforDao.insertLogininfor - ==> Parameters: null, 1(String), 0:0:0:0:0:0:0:1(String), Chrome(String), Windows 7(String), * 必须填写(String)
09:37:58.625 [http-nio-8085-exec-10] DEBUG com.dfyy.project.system.user.dao.IUserDao.selectUserByName - <==      Total: 1
09:37:58.629 [http-nio-8085-exec-4] DEBUG com.dfyy.project.monitor.logininfor.dao.ILogininforDao.insertLogininfor - <==    Updates: 1
09:37:58.637 [http-nio-8085-exec-10] INFO  sys-user - [0:0:0:0:0:0:0:1][admin][Success][登录成功]
09:37:58.638 [http-nio-8085-exec-10] DEBUG com.dfyy.project.monitor.logininfor.dao.ILogininforDao.insertLogininfor - ==>  Preparing: insert into sys_logininfor (login_name, status, ipaddr, browser, os, msg) values (?, ?, ?, ?, ?, ?) 
09:37:58.648 [http-nio-8085-exec-10] DEBUG com.dfyy.project.monitor.logininfor.dao.ILogininforDao.insertLogininfor - ==> Parameters: admin(String), 0(String), 0:0:0:0:0:0:0:1(String), Chrome(String), Windows 7(String), 登录成功(String)
09:37:58.676 [http-nio-8085-exec-10] DEBUG com.dfyy.project.monitor.logininfor.dao.ILogininforDao.insertLogininfor - <==    Updates: 1
09:37:59.744 [http-nio-8085-exec-2] DEBUG com.dfyy.project.system.menu.dao.IMenuDao.selectMenusByUserId - ==>  Preparing: select distinct m.menu_id, m.parent_id, m.menu_name, m.url, m.perms , m.menu_type, m.icon, m.order_num, m.create_time from sys_menu m left join sys_role_menu rm on m.menu_id = rm.menu_id left join sys_user_role ur on rm.role_id = ur.role_id where ur.user_id = ? and m.menu_type in ('M', 'C') and m.visible = 0 order by m.order_num 
09:37:59.752 [http-nio-8085-exec-2] DEBUG com.dfyy.project.system.menu.dao.IMenuDao.selectMenusByUserId - ==> Parameters: 1(Long)
09:37:59.804 [http-nio-8085-exec-2] DEBUG com.dfyy.project.system.menu.dao.IMenuDao.selectMenusByUserId - <==      Total: 64
09:38:00.277 [http-nio-8085-exec-10] DEBUG com.dfyy.project.monitor.online.dao.IUserOnlineDao.saveOnline - ==>  Preparing: replace into sys_user_online(sessionId, login_name, dept_name, ipaddr, browser, os, status, start_timestsamp, last_access_time, expire_time) values (?, ?, ?, ?, ?, ?, ?, ?, ?, ?) 
09:38:00.318 [http-nio-8085-exec-10] DEBUG com.dfyy.project.monitor.online.dao.IUserOnlineDao.saveOnline - ==> Parameters: fa3795ac-bb6a-445e-b574-c40141d3d318(String), admin(String), 东方易元(String), 0:0:0:0:0:0:0:1(String), Chrome(String), Windows 7(String), on_line(String), 2018-11-19 09:37:45.56(Timestamp), 2018-11-19 09:38:00.276(Timestamp), 1800000(Long)
09:38:00.347 [http-nio-8085-exec-10] DEBUG com.dfyy.project.monitor.online.dao.IUserOnlineDao.saveOnline - <==    Updates: 1
09:40:16.108 [http-nio-8085-exec-4] DEBUG com.dfyy.project.module.carousel.dao.ICarouselDao.appSelectPicture - ==>  Preparing: SELECT ( SELECT url FROM picture WHERE picture.content_id = carousel.image_id ) img,url_type,url_id FROM carousel where type=0 order by sort 
09:40:16.110 [http-nio-8085-exec-4] DEBUG com.dfyy.project.module.carousel.dao.ICarouselDao.appSelectPicture - ==> Parameters: 
09:40:16.147 [http-nio-8085-exec-4] DEBUG com.dfyy.project.module.carousel.dao.ICarouselDao.appSelectPicture - <==      Total: 3
09:40:16.151 [http-nio-8085-exec-8] DEBUG com.dfyy.project.module.relationship.dao.IRelationshipDao.selectRelationshipList - ==>  Preparing: select id, user_number , user_id , type , name , open_id , user_name , phone_number , user_url from user_relationship 
09:40:16.152 [http-nio-8085-exec-8] DEBUG com.dfyy.project.module.relationship.dao.IRelationshipDao.selectRelationshipList - ==> Parameters: 
09:40:16.180 [http-nio-8085-exec-1] DEBUG com.dfyy.project.module.relationship.dao.IRelationshipDao.selectRelationshipList - ==>  Preparing: select id, user_number , user_id , type , name , open_id , user_name , phone_number , user_url from user_relationship 
09:40:16.180 [http-nio-8085-exec-1] DEBUG com.dfyy.project.module.relationship.dao.IRelationshipDao.selectRelationshipList - ==> Parameters: 
09:40:16.205 [http-nio-8085-exec-8] DEBUG com.dfyy.project.module.relationship.dao.IRelationshipDao.selectRelationshipList - <==      Total: 51
09:40:16.212 [http-nio-8085-exec-2] DEBUG com.dfyy.project.module.activity.dao.IActivityDao.selectActivityListA - ==>  Preparing: SELECT id, picture.url as picture, ta.activity_num activityNum, ta.activity_name activityName, (SELECT cl.content FROM classify cl WHERE cl.id=ta.activity_type) activityType, REPLACE(RIGHT(SUBSTRING_INDEX(ta.city ,'-' ,2), LOCATE('-' ,ta.city)),'-','')citys, ta.city, ta.place, ta.activity_introduce activityIntroduce, ta.lecturer, DATE_FORMAT( ta.create_time, '%Y-%m-%d %H:%i:%s' ) createTime, DATE_FORMAT( ta.activity_time, '%Y-%m-%d %H:%i' ) activityTime, DATE_FORMAT( ta.activity_time, '%m-%d' ) activityTimes, DATE_FORMAT( ta.registration_start, '%Y-%m-%d' ) registrationStart, DATE_FORMAT( ta.registration_end, '%Y-%m-%d' ) registrationEnd, ta.activity_status activityStatus, ta.is_release isRelease, ta.activity_qrcode activityQrcode, ta.activity_money activityMoney, ( SELECT COUNT(tae.id) FROM t_activity_enroll tae WHERE tae.activity_id = ta.id ) enroll, ( SELECT COUNT(tae.id) FROM t_activity_enroll tae WHERE tae.activity_id = ta.id AND tae.money_status = 1 ) paid FROM t_activity ta left join picture on picture.content_id = ta.picture WHERE 1 = 1 ORDER BY ta.activity_status 
09:40:16.216 [http-nio-8085-exec-2] DEBUG com.dfyy.project.module.activity.dao.IActivityDao.selectActivityListA - ==> Parameters: 
09:40:16.246 [http-nio-8085-exec-1] DEBUG com.dfyy.project.module.relationship.dao.IRelationshipDao.selectRelationshipList - <==      Total: 51
09:40:16.269 [http-nio-8085-exec-3] DEBUG com.dfyy.project.module.coach.dao.ICoachDao.selectCoachList - ==>  Preparing: select a.coach_id , a.intro,a.coach_number ,a.city, a.name , a.phone , a.wx , a.status , a.image_url , a.sex ,sort,(select count(1) from t_user b where b.coach_id = a.coach_id) as number, (select count(DISTINCT t.id)as numbers from t_user t join practice p on p.user_id = t.id and p.type = '1' where t.coach_id = a.coach_id)as numberw, (select count(DISTINCT t.id)as numbers from t_user t join practice p on p.user_id = t.id and p.type = '2' where t.coach_id = a.coach_id)as numbers, (select count(DISTINCT t.id)as numbers from t_user t join practice p on p.user_id = t.id and p.type = '3' where t.coach_id = a.coach_id)as numberx from coach a 
09:40:16.272 [http-nio-8085-exec-3] DEBUG com.dfyy.project.module.coach.dao.ICoachDao.selectCoachList - ==> Parameters: 
09:40:16.274 [http-nio-8085-exec-2] DEBUG com.dfyy.project.module.activity.dao.IActivityDao.selectActivityListA - <==      Total: 6
09:40:16.307 [http-nio-8085-exec-5] ERROR com.dfyy.framework.web.exception.DefaultExceptionHandler - org.springframework.validation.BeanPropertyBindingResult: 1 errors
Field error in object 'curriculum' on field 'curriculumId': rejected value [null]; codes [typeMismatch.curriculum.curriculumId,typeMismatch.curriculumId,typeMismatch.java.lang.Integer,typeMismatch]; arguments [org.springframework.context.support.DefaultMessageSourceResolvable: codes [curriculum.curriculumId,curriculumId]; arguments []; default message [curriculumId]]; default message [Failed to convert property value of type 'java.lang.String' to required type 'java.lang.Integer' for property 'curriculumId'; nested exception is java.lang.NumberFormatException: For input string: "null"]
org.springframework.validation.BindException: org.springframework.validation.BeanPropertyBindingResult: 1 errors
Field error in object 'curriculum' on field 'curriculumId': rejected value [null]; codes [typeMismatch.curriculum.curriculumId,typeMismatch.curriculumId,typeMismatch.java.lang.Integer,typeMismatch]; arguments [org.springframework.context.support.DefaultMessageSourceResolvable: codes [curriculum.curriculumId,curriculumId]; arguments []; default message [curriculumId]]; default message [Failed to convert property value of type 'java.lang.String' to required type 'java.lang.Integer' for property 'curriculumId'; nested exception is java.lang.NumberFormatException: For input string: "null"]
	at org.springframework.web.method.annotation.ModelAttributeMethodProcessor.resolveArgument(ModelAttributeMethodProcessor.java:115)
	at org.springframework.web.method.support.HandlerMethodArgumentResolverComposite.resolveArgument(HandlerMethodArgumentResolverComposite.java:121)
	at org.springframework.web.method.support.InvocableHandlerMethod.getMethodArgumentValues(InvocableHandlerMethod.java:158)
	at org.springframework.web.method.support.InvocableHandlerMethod.invokeForRequest(InvocableHandlerMethod.java:128)
	at org.springframework.web.servlet.mvc.method.annotation.ServletInvocableHandlerMethod.invokeAndHandle(ServletInvocableHandlerMethod.java:97)
	at org.springframework.web.servlet.mvc.method.annotation.RequestMappingHandlerAdapter.invokeHandlerMethod(RequestMappingHandlerAdapter.java:827)
	at org.springframework.web.servlet.mvc.method.annotation.RequestMappingHandlerAdapter.handleInternal(RequestMappingHandlerAdapter.java:738)
	at org.springframework.web.servlet.mvc.method.AbstractHandlerMethodAdapter.handle(AbstractHandlerMethodAdapter.java:85)
	at org.springframework.web.servlet.DispatcherServlet.doDispatch(DispatcherServlet.java:967)
	at org.springframework.web.servlet.DispatcherServlet.doService(DispatcherServlet.java:901)
	at org.springframework.web.servlet.FrameworkServlet.processRequest(FrameworkServlet.java:970)
	at org.springframework.web.servlet.FrameworkServlet.doGet(FrameworkServlet.java:861)
	at javax.servlet.http.HttpServlet.service(HttpServlet.java:635)
	at org.springframework.web.servlet.FrameworkServlet.service(FrameworkServlet.java:846)
	at javax.servlet.http.HttpServlet.service(HttpServlet.java:742)
	at org.apache.catalina.core.ApplicationFilterChain.internalDoFilter(ApplicationFilterChain.java:231)
	at org.apache.catalina.core.ApplicationFilterChain.doFilter(ApplicationFilterChain.java:166)
	at org.apache.tomcat.websocket.server.WsFilter.doFilter(WsFilter.java:52)
	at org.apache.catalina.core.ApplicationFilterChain.internalDoFilter(ApplicationFilterChain.java:193)
	at org.apache.catalina.core.ApplicationFilterChain.doFilter(ApplicationFilterChain.java:166)
	at org.apache.shiro.web.servlet.AdviceFilter.executeChain(AdviceFilter.java:108)
	at org.apache.shiro.web.servlet.AdviceFilter.doFilterInternal(AdviceFilter.java:137)
	at org.apache.shiro.web.servlet.OncePerRequestFilter.doFilter(OncePerRequestFilter.java:125)
	at org.apache.catalina.core.ApplicationFilterChain.internalDoFilter(ApplicationFilterChain.java:193)
	at org.apache.catalina.core.ApplicationFilterChain.doFilter(ApplicationFilterChain.java:166)
	at org.apache.shiro.web.servlet.AdviceFilter.executeChain(AdviceFilter.java:108)
	at org.apache.shiro.web.servlet.AdviceFilter.doFilterInternal(AdviceFilter.java:137)
	at org.apache.shiro.web.servlet.OncePerRequestFilter.doFilter(OncePerRequestFilter.java:125)
	at org.apache.catalina.core.ApplicationFilterChain.internalDoFilter(ApplicationFilterChain.java:193)
	at org.apache.catalina.core.ApplicationFilterChain.doFilter(ApplicationFilterChain.java:166)
	at org.apache.shiro.web.servlet.ProxiedFilterChain.doFilter(ProxiedFilterChain.java:61)
	at org.apache.shiro.web.servlet.AdviceFilter.executeChain(AdviceFilter.java:108)
	at org.apache.shiro.web.servlet.AdviceFilter.doFilterInternal(AdviceFilter.java:137)
	at org.apache.shiro.web.servlet.OncePerRequestFilter.doFilter(OncePerRequestFilter.java:125)
	at org.apache.shiro.web.servlet.ProxiedFilterChain.doFilter(ProxiedFilterChain.java:66)
	at org.apache.shiro.web.servlet.AbstractShiroFilter.executeChain(AbstractShiroFilter.java:449)
	at org.apache.shiro.web.servlet.AbstractShiroFilter$1.call(AbstractShiroFilter.java:365)
	at org.apache.shiro.subject.support.SubjectCallable.doCall(SubjectCallable.java:90)
	at org.apache.shiro.subject.support.SubjectCallable.call(SubjectCallable.java:83)
	at org.apache.shiro.subject.support.DelegatingSubject.execute(DelegatingSubject.java:383)
	at org.apache.shiro.web.servlet.AbstractShiroFilter.doFilterInternal(AbstractShiroFilter.java:362)
	at org.apache.shiro.web.servlet.OncePerRequestFilter.doFilter(OncePerRequestFilter.java:125)
	at org.apache.catalina.core.ApplicationFilterChain.internalDoFilter(ApplicationFilterChain.java:193)
	at org.apache.catalina.core.ApplicationFilterChain.doFilter(ApplicationFilterChain.java:166)
	at com.alibaba.druid.support.http.WebStatFilter.doFilter(WebStatFilter.java:123)
	at org.apache.catalina.core.ApplicationFilterChain.internalDoFilter(ApplicationFilterChain.java:193)
	at org.apache.catalina.core.ApplicationFilterChain.doFilter(ApplicationFilterChain.java:166)
	at org.springframework.web.filter.RequestContextFilter.doFilterInternal(RequestContextFilter.java:99)
	at org.springframework.web.filter.OncePerRequestFilter.doFilter(OncePerRequestFilter.java:107)
	at org.apache.catalina.core.ApplicationFilterChain.internalDoFilter(ApplicationFilterChain.java:193)
	at org.apache.catalina.core.ApplicationFilterChain.doFilter(ApplicationFilterChain.java:166)
	at org.springframework.web.filter.HttpPutFormContentFilter.doFilterInternal(HttpPutFormContentFilter.java:108)
	at org.springframework.web.filter.OncePerRequestFilter.doFilter(OncePerRequestFilter.java:107)
	at org.apache.catalina.core.ApplicationFilterChain.internalDoFilter(ApplicationFilterChain.java:193)
	at org.apache.catalina.core.ApplicationFilterChain.doFilter(ApplicationFilterChain.java:166)
	at org.springframework.web.filter.HiddenHttpMethodFilter.doFilterInternal(HiddenHttpMethodFilter.java:81)
	at org.springframework.web.filter.OncePerRequestFilter.doFilter(OncePerRequestFilter.java:107)
	at org.apache.catalina.core.ApplicationFilterChain.internalDoFilter(ApplicationFilterChain.java:193)
	at org.apache.catalina.core.ApplicationFilterChain.doFilter(ApplicationFilterChain.java:166)
	at org.springframework.web.filter.CharacterEncodingFilter.doFilterInternal(CharacterEncodingFilter.java:197)
	at org.springframework.web.filter.OncePerRequestFilter.doFilter(OncePerRequestFilter.java:107)
	at org.apache.catalina.core.ApplicationFilterChain.internalDoFilter(ApplicationFilterChain.java:193)
	at org.apache.catalina.core.ApplicationFilterChain.doFilter(ApplicationFilterChain.java:166)
	at org.apache.catalina.core.StandardWrapperValve.invoke(StandardWrapperValve.java:199)
	at org.apache.catalina.core.StandardContextValve.invoke(StandardContextValve.java:96)
	at org.apache.catalina.authenticator.AuthenticatorBase.invoke(AuthenticatorBase.java:504)
	at org.apache.catalina.core.StandardHostValve.invoke(StandardHostValve.java:140)
	at org.apache.catalina.valves.ErrorReportValve.invoke(ErrorReportValve.java:81)
	at org.apache.catalina.core.StandardEngineValve.invoke(StandardEngineValve.java:87)
	at org.apache.catalina.connector.CoyoteAdapter.service(CoyoteAdapter.java:342)
	at org.apache.coyote.http11.Http11Processor.service(Http11Processor.java:803)
	at org.apache.coyote.AbstractProcessorLight.process(AbstractProcessorLight.java:66)
	at org.apache.coyote.AbstractProtocol$ConnectionHandler.process(AbstractProtocol.java:790)
	at org.apache.tomcat.util.net.NioEndpoint$SocketProcessor.doRun(NioEndpoint.java:1459)
	at org.apache.tomcat.util.net.SocketProcessorBase.run(SocketProcessorBase.java:49)
	at java.util.concurrent.ThreadPoolExecutor.runWorker(ThreadPoolExecutor.java:1142)
	at java.util.concurrent.ThreadPoolExecutor$Worker.run(ThreadPoolExecutor.java:617)
	at org.apache.tomcat.util.threads.TaskThread$WrappingRunnable.run(TaskThread.java:61)
	at java.lang.Thread.run(Thread.java:745)
09:40:16.314 [http-nio-8085-exec-3] DEBUG com.dfyy.project.module.coach.dao.ICoachDao.selectCoachList - <==      Total: 17
09:40:16.383 [http-nio-8085-exec-6] DEBUG c.d.project.module.companynews.dao.ICompanynewsDao.selectCompanynewsList_COUNT - ==>  Preparing: SELECT count(0) FROM (SELECT picture.url AS pictureNum, id, companynews_num, title, (SELECT count(1) FROM playrecord p WHERE p.video_id = ?) playrecord, content, DATE_FORMAT(picture.create_time, '%Y-%m-%d %H:%i') create_time, sort, readsum, status FROM companynews LEFT JOIN picture ON picture.content_id = companynews.pictureNum WHERE status = ?) table_count 
09:40:16.386 [http-nio-8085-exec-6] DEBUG c.d.project.module.companynews.dao.ICompanynewsDao.selectCompanynewsList_COUNT - ==> Parameters: null, 1(Integer)
09:40:16.394 [http-nio-8085-exec-7] DEBUG com.dfyy.project.module.video.dao.IVideoDao.selectVideoListA_COUNT - ==>  Preparing: SELECT count(0) FROM video vi WHERE 1 = 1 AND vi.classify_id = ? 
09:40:16.395 [http-nio-8085-exec-7] DEBUG com.dfyy.project.module.video.dao.IVideoDao.selectVideoListA_COUNT - ==> Parameters: 12(Integer)
09:40:16.414 [http-nio-8085-exec-6] DEBUG c.d.project.module.companynews.dao.ICompanynewsDao.selectCompanynewsList_COUNT - <==      Total: 1
09:40:16.417 [http-nio-8085-exec-6] DEBUG com.dfyy.project.module.companynews.dao.ICompanynewsDao.selectCompanynewsList - ==>  Preparing: select picture.url as pictureNum,id , companynews_num , title , (select count(1) from playrecord p where p.video_id = ?) playrecord, content , DATE_FORMAT( picture.create_time, '%Y-%m-%d %H:%i' ) create_time , sort , readsum , status from companynews left join picture on picture.content_id = companynews.pictureNum WHERE status = ? order by sort LIMIT ? 
09:40:16.420 [http-nio-8085-exec-6] DEBUG com.dfyy.project.module.companynews.dao.ICompanynewsDao.selectCompanynewsList - ==> Parameters: null, 1(Integer), 3(Integer)
09:40:16.429 [http-nio-8085-exec-7] DEBUG com.dfyy.project.module.video.dao.IVideoDao.selectVideoListA_COUNT - <==      Total: 1
09:40:16.431 [http-nio-8085-exec-7] DEBUG com.dfyy.project.module.video.dao.IVideoDao.selectVideoListA - ==>  Preparing: SELECT vi.grade, vi.id, vi.video_number, vi.video_name, vi.pictureurl, (SELECT cl.content FROM classify cl WHERE cl.id=vi.classify_id) classifyType, ( SELECT COUNT(*) FROM playrecord pr WHERE pr.video_id = vi.id ) counts, vi.create_time, vi.videourl, vi.intro FROM video vi where 1 = 1 AND vi.classify_id = ? order by classifyType,vi.id desc LIMIT ? 
09:40:16.433 [http-nio-8085-exec-7] DEBUG com.dfyy.project.module.video.dao.IVideoDao.selectVideoListA - ==> Parameters: 12(Integer), 6(Integer)
09:40:16.469 [http-nio-8085-exec-7] DEBUG com.dfyy.project.module.video.dao.IVideoDao.selectVideoListA - <==      Total: 2
09:40:16.470 [http-nio-8085-exec-9] DEBUG com.dfyy.project.module.video.dao.IVideoDao.selectVideoListA_COUNT - ==>  Preparing: SELECT count(0) FROM video vi WHERE 1 = 1 AND vi.classify_id != '12' 
09:40:16.471 [http-nio-8085-exec-9] DEBUG com.dfyy.project.module.video.dao.IVideoDao.selectVideoListA_COUNT - ==> Parameters: 
09:40:16.478 [http-nio-8085-exec-6] DEBUG com.dfyy.project.module.companynews.dao.ICompanynewsDao.selectCompanynewsList - <==      Total: 2
09:40:16.505 [http-nio-8085-exec-9] DEBUG com.dfyy.project.module.video.dao.IVideoDao.selectVideoListA_COUNT - <==      Total: 1
09:40:16.506 [http-nio-8085-exec-9] DEBUG com.dfyy.project.module.video.dao.IVideoDao.selectVideoListA - ==>  Preparing: SELECT vi.grade, vi.id, vi.video_number, vi.video_name, vi.pictureurl, (SELECT cl.content FROM classify cl WHERE cl.id=vi.classify_id) classifyType, ( SELECT COUNT(*) FROM playrecord pr WHERE pr.video_id = vi.id ) counts, vi.create_time, vi.videourl, vi.intro FROM video vi where 1 = 1 AND vi.classify_id != '12' order by classifyType,vi.id desc LIMIT ? 
09:40:16.508 [http-nio-8085-exec-9] DEBUG com.dfyy.project.module.video.dao.IVideoDao.selectVideoListA - ==> Parameters: 4(Integer)
09:40:16.543 [http-nio-8085-exec-9] DEBUG com.dfyy.project.module.video.dao.IVideoDao.selectVideoListA - <==      Total: 3
09:40:17.812 [http-nio-8085-exec-1] DEBUG com.dfyy.project.module.relationship.dao.IRelationshipDao.selectRelationshipList - ==>  Preparing: select id, user_number , user_id , type , name , open_id , user_name , phone_number , user_url from user_relationship WHERE open_id = ? 
09:40:17.813 [http-nio-8085-exec-7] DEBUG c.dfyy.project.module.certificate.dao.ICertificateDao.selectCertificateListByUid - ==>  Preparing: select id , uid , course , create_time , number , url,type from certificate where uid = ? and type=0 order by id desc 
09:40:17.814 [http-nio-8085-exec-7] DEBUG c.dfyy.project.module.certificate.dao.ICertificateDao.selectCertificateListByUid - ==> Parameters: 1(Integer)
09:40:17.814 [http-nio-8085-exec-1] DEBUG com.dfyy.project.module.relationship.dao.IRelationshipDao.selectRelationshipList - ==> Parameters: oabDM4gm-mFUeIpScTnX0dJEAuyw(String)
09:40:17.851 [http-nio-8085-exec-1] DEBUG com.dfyy.project.module.relationship.dao.IRelationshipDao.selectRelationshipList - <==      Total: 1
09:40:17.851 [http-nio-8085-exec-7] DEBUG c.dfyy.project.module.certificate.dao.ICertificateDao.selectCertificateListByUid - <==      Total: 1
09:40:17.948 [http-nio-8085-exec-2] DEBUG c.dfyy.project.module.certificate.dao.ICertificateDao.selectCertificateListByUid - ==>  Preparing: select id , uid , course , create_time , number , url,type from certificate where uid = ? and type=0 order by id desc 
09:40:17.949 [http-nio-8085-exec-2] DEBUG c.dfyy.project.module.certificate.dao.ICertificateDao.selectCertificateListByUid - ==> Parameters: 77(Integer)
09:40:17.984 [http-nio-8085-exec-2] DEBUG c.dfyy.project.module.certificate.dao.ICertificateDao.selectCertificateListByUid - <==      Total: 0
09:47:46.555 [pool-2-thread-1] INFO  com.dfyy.framework.shiro.web.session.OnlineWebSessionManager - invalidation sessions...
09:47:46.592 [pool-2-thread-1] DEBUG com.dfyy.project.monitor.online.dao.IUserOnlineDao.selectOnlineByExpired - ==>  Preparing: SELECT * FROM sys_user_online o WHERE o.last_access_time <= ? ORDER BY o.last_access_time ASC 
09:47:46.593 [pool-2-thread-1] DEBUG com.dfyy.project.monitor.online.dao.IUserOnlineDao.selectOnlineByExpired - ==> Parameters: 2018-11-19 09:17:46(String)
09:47:46.627 [pool-2-thread-1] DEBUG com.dfyy.project.monitor.online.dao.IUserOnlineDao.selectOnlineByExpired - <==      Total: 0
09:47:46.629 [pool-2-thread-1] INFO  com.dfyy.framework.shiro.web.session.OnlineWebSessionManager - Finished invalidation session. No sessions were stopped.
09:54:58.449 [http-nio-8085-exec-3] DEBUG com.dfyy.project.module.certificate.dao.ICertificateDao.updateCertificate - ==>  Preparing: update certificate SET `type` = ? where id = ? 
09:54:58.452 [http-nio-8085-exec-3] DEBUG com.dfyy.project.module.certificate.dao.ICertificateDao.updateCertificate - ==> Parameters: 1(Integer), 2(Integer)
09:54:58.524 [http-nio-8085-exec-3] DEBUG com.dfyy.project.module.certificate.dao.ICertificateDao.updateCertificate - <==    Updates: 1
09:57:46.557 [pool-2-thread-1] INFO  com.dfyy.framework.shiro.web.session.OnlineWebSessionManager - invalidation sessions...
09:57:46.595 [pool-2-thread-1] DEBUG com.dfyy.project.monitor.online.dao.IUserOnlineDao.selectOnlineByExpired - ==>  Preparing: SELECT * FROM sys_user_online o WHERE o.last_access_time <= ? ORDER BY o.last_access_time ASC 
09:57:46.596 [pool-2-thread-1] DEBUG com.dfyy.project.monitor.online.dao.IUserOnlineDao.selectOnlineByExpired - ==> Parameters: 2018-11-19 09:27:46(String)
09:57:46.631 [pool-2-thread-1] DEBUG com.dfyy.project.monitor.online.dao.IUserOnlineDao.selectOnlineByExpired - <==      Total: 0
09:57:46.632 [pool-2-thread-1] INFO  com.dfyy.framework.shiro.web.session.OnlineWebSessionManager - Finished invalidation session. No sessions were stopped.
10:07:46.559 [pool-2-thread-1] INFO  com.dfyy.framework.shiro.web.session.OnlineWebSessionManager - invalidation sessions...
10:07:46.597 [pool-2-thread-1] DEBUG com.dfyy.project.monitor.online.dao.IUserOnlineDao.selectOnlineByExpired - ==>  Preparing: SELECT * FROM sys_user_online o WHERE o.last_access_time <= ? ORDER BY o.last_access_time ASC 
10:07:46.598 [pool-2-thread-1] DEBUG com.dfyy.project.monitor.online.dao.IUserOnlineDao.selectOnlineByExpired - ==> Parameters: 2018-11-19 09:37:46(String)
10:07:46.635 [pool-2-thread-1] DEBUG com.dfyy.project.monitor.online.dao.IUserOnlineDao.selectOnlineByExpired - <==      Total: 0
10:07:46.637 [pool-2-thread-1] INFO  com.dfyy.framework.shiro.web.session.OnlineWebSessionManager - Finished invalidation session. No sessions were stopped.
10:17:46.562 [pool-2-thread-1] INFO  com.dfyy.framework.shiro.web.session.OnlineWebSessionManager - invalidation sessions...
10:17:46.601 [pool-2-thread-1] DEBUG com.dfyy.project.monitor.online.dao.IUserOnlineDao.selectOnlineByExpired - ==>  Preparing: SELECT * FROM sys_user_online o WHERE o.last_access_time <= ? ORDER BY o.last_access_time ASC 
10:17:46.602 [pool-2-thread-1] DEBUG com.dfyy.project.monitor.online.dao.IUserOnlineDao.selectOnlineByExpired - ==> Parameters: 2018-11-19 09:47:46(String)
10:17:46.638 [pool-2-thread-1] DEBUG com.dfyy.project.monitor.online.dao.IUserOnlineDao.selectOnlineByExpired - <==      Total: 0
10:17:46.639 [pool-2-thread-1] INFO  com.dfyy.framework.shiro.web.session.OnlineWebSessionManager - Finished invalidation session. No sessions were stopped.
10:27:46.564 [pool-2-thread-1] INFO  com.dfyy.framework.shiro.web.session.OnlineWebSessionManager - invalidation sessions...
10:27:46.567 [pool-2-thread-1] DEBUG com.dfyy.project.monitor.online.dao.IUserOnlineDao.selectOnlineByExpired - ==>  Preparing: SELECT * FROM sys_user_online o WHERE o.last_access_time <= ? ORDER BY o.last_access_time ASC 
10:27:46.568 [pool-2-thread-1] DEBUG com.dfyy.project.monitor.online.dao.IUserOnlineDao.selectOnlineByExpired - ==> Parameters: 2018-11-19 09:57:46(String)
10:27:46.605 [pool-2-thread-1] DEBUG com.dfyy.project.monitor.online.dao.IUserOnlineDao.selectOnlineByExpired - <==      Total: 0
10:27:46.606 [pool-2-thread-1] INFO  com.dfyy.framework.shiro.web.session.OnlineWebSessionManager - Finished invalidation session. No sessions were stopped.
10:29:36.298 [http-nio-8085-exec-4] DEBUG com.dfyy.project.module.relationship.dao.IRelationshipDao.selectRelationshipList - ==>  Preparing: select id, user_number , user_id , type , name , open_id , user_name , phone_number , user_url from user_relationship WHERE open_id = ? 
10:29:36.301 [http-nio-8085-exec-4] DEBUG com.dfyy.project.module.relationship.dao.IRelationshipDao.selectRelationshipList - ==> Parameters: oabDM4gm-mFUeIpScTnX0dJEAuyw(String)
10:29:36.337 [http-nio-8085-exec-4] DEBUG com.dfyy.project.module.relationship.dao.IRelationshipDao.selectRelationshipList - <==      Total: 1
10:29:36.377 [http-nio-8085-exec-9] DEBUG com.dfyy.project.module.user.dao.IAppUserDao.selectMemberList - ==>  Preparing: SELECT u.avatarUrl,u.username,u.user_type,u.grade,IFNULL(u.advance,0.00) AS advance ,IFNULL(u.revenue,0.00) AS revenue FROM t_user u WHERE u.id=? 
10:29:36.381 [http-nio-8085-exec-9] DEBUG com.dfyy.project.module.user.dao.IAppUserDao.selectMemberList - ==> Parameters: 77(Integer)
10:29:36.416 [http-nio-8085-exec-9] DEBUG com.dfyy.project.module.user.dao.IAppUserDao.selectMemberList - <==      Total: 1
10:29:36.418 [http-nio-8085-exec-9] DEBUG com.dfyy.project.module.user.dao.IAppUserDao.selectRevenue - ==>  Preparing: SELECT IFNULL(SUM(extract_money),0) AS revenue FROM profitdetails WHERE recommend_id = ? 
10:29:36.419 [http-nio-8085-exec-9] DEBUG com.dfyy.project.module.user.dao.IAppUserDao.selectRevenue - ==> Parameters: 77(Integer)
10:29:36.455 [http-nio-8085-exec-9] DEBUG com.dfyy.project.module.user.dao.IAppUserDao.selectRevenue - <==      Total: 1
10:29:36.474 [http-nio-8085-exec-2] DEBUG com.dfyy.project.module.user.dao.IAppUserDao.selectMemberList - ==>  Preparing: SELECT u.avatarUrl,u.username,u.user_type,u.grade,IFNULL(u.advance,0.00) AS advance ,IFNULL(u.revenue,0.00) AS revenue FROM t_user u WHERE u.id=? 
10:29:36.474 [http-nio-8085-exec-2] DEBUG com.dfyy.project.module.user.dao.IAppUserDao.selectMemberList - ==> Parameters: 77(Integer)
10:29:36.508 [http-nio-8085-exec-2] DEBUG com.dfyy.project.module.user.dao.IAppUserDao.selectMemberList - <==      Total: 1
10:29:36.509 [http-nio-8085-exec-2] DEBUG com.dfyy.project.module.user.dao.IAppUserDao.selectRevenue - ==>  Preparing: SELECT IFNULL(SUM(extract_money),0) AS revenue FROM profitdetails WHERE recommend_id = ? 
10:29:36.510 [http-nio-8085-exec-2] DEBUG com.dfyy.project.module.user.dao.IAppUserDao.selectRevenue - ==> Parameters: 77(Integer)
10:29:36.544 [http-nio-8085-exec-2] DEBUG com.dfyy.project.module.user.dao.IAppUserDao.selectRevenue - <==      Total: 1
10:30:12.081 [http-nio-8085-exec-7] DEBUG com.dfyy.project.monitor.online.dao.IUserOnlineDao.selectOnlineById - ==>  Preparing: select * from sys_user_online where sessionid = ? 
10:30:12.083 [http-nio-8085-exec-7] DEBUG com.dfyy.project.monitor.online.dao.IUserOnlineDao.selectOnlineById - ==> Parameters: fa3795ac-bb6a-445e-b574-c40141d3d318(String)
10:30:12.119 [http-nio-8085-exec-7] DEBUG com.dfyy.project.monitor.online.dao.IUserOnlineDao.selectOnlineById - <==      Total: 0
10:37:46.566 [pool-2-thread-1] INFO  com.dfyy.framework.shiro.web.session.OnlineWebSessionManager - invalidation sessions...
10:37:46.569 [pool-2-thread-1] DEBUG com.dfyy.project.monitor.online.dao.IUserOnlineDao.selectOnlineByExpired - ==>  Preparing: SELECT * FROM sys_user_online o WHERE o.last_access_time <= ? ORDER BY o.last_access_time ASC 
10:37:46.570 [pool-2-thread-1] DEBUG com.dfyy.project.monitor.online.dao.IUserOnlineDao.selectOnlineByExpired - ==> Parameters: 2018-11-19 10:07:46(String)
10:37:46.607 [pool-2-thread-1] DEBUG com.dfyy.project.monitor.online.dao.IUserOnlineDao.selectOnlineByExpired - <==      Total: 0
10:37:46.608 [pool-2-thread-1] INFO  com.dfyy.framework.shiro.web.session.OnlineWebSessionManager - Finished invalidation session. No sessions were stopped.
10:41:47.206 [http-nio-8085-exec-6] DEBUG com.dfyy.project.module.relationship.dao.IRelationshipDao.selectRelationshipList - ==>  Preparing: select id, user_number , user_id , type , name , open_id , user_name , phone_number , user_url from user_relationship WHERE open_id = ? 
10:41:47.208 [http-nio-8085-exec-6] DEBUG com.dfyy.project.module.relationship.dao.IRelationshipDao.selectRelationshipList - ==> Parameters: oabDM4gm-mFUeIpScTnX0dJEAuyw(String)
10:41:47.243 [http-nio-8085-exec-6] DEBUG com.dfyy.project.module.relationship.dao.IRelationshipDao.selectRelationshipList - <==      Total: 1
10:41:47.246 [http-nio-8085-exec-4] DEBUG com.dfyy.project.module.viewpoint.dao.IViewpointDao.selectCount - ==>  Preparing: select count(1) from comment c where c.viewpoint_id in((select v.viewpoint_number from viewpoint v where v.user_num = ?)) and c.status is null and c.user_num!= ? 
10:41:47.254 [http-nio-8085-exec-4] DEBUG com.dfyy.project.module.viewpoint.dao.IViewpointDao.selectCount - ==> Parameters: U201811164315(String), U201811164315(String)
10:41:47.269 [http-nio-8085-exec-9] DEBUG com.dfyy.project.module.viewpoint.dao.IViewpointDao.selectViewpointListA_COUNT - ==>  Preparing: SELECT count(0) FROM (SELECT vp.picture_num, vp.viewpoint_id viewpointId, vp.viewpoint_number viewpointNumber, vp.user_num userNum, ur.user_number, ur.user_name, ur.phone_number, ur.user_url, vp.content, (SELECT COUNT(*) FROM t_like lk WHERE lk.viewpoint = vp.viewpoint_number) AS likes, (SELECT COUNT(*) FROM `comment` cm WHERE cm.viewpoint_id = vp.viewpoint_number AND cm.comment_number IS NULL) AS comments, vp.publish_time, (SELECT count(1) FROM t_like l WHERE l.viewpoint = vp.viewpoint_number AND l.user_num = ?) AS collected FROM viewpoint vp LEFT JOIN user_relationship ur ON vp.user_num = ur.user_number WHERE 1 = 1) table_count 
10:41:47.275 [http-nio-8085-exec-9] DEBUG com.dfyy.project.module.viewpoint.dao.IViewpointDao.selectViewpointListA_COUNT - ==> Parameters: U201811164315(String)
10:41:47.291 [http-nio-8085-exec-4] DEBUG com.dfyy.project.module.viewpoint.dao.IViewpointDao.selectCount - <==      Total: 1
10:41:47.293 [http-nio-8085-exec-4] DEBUG com.dfyy.project.module.viewpoint.dao.IViewpointDao.selectViewpointXx - ==>  Preparing: select c.*,u.user_name,u.user_url from comment c left join user_relationship u on u.user_number = c.user_num where c.viewpoint_id in((select v.viewpoint_number from viewpoint v where v.user_num = ?)) and c.status is null and c.user_num!= ? 
10:41:47.294 [http-nio-8085-exec-4] DEBUG com.dfyy.project.module.viewpoint.dao.IViewpointDao.selectViewpointXx - ==> Parameters: U201811164315(String), U201811164315(String)
10:41:47.310 [http-nio-8085-exec-9] DEBUG com.dfyy.project.module.viewpoint.dao.IViewpointDao.selectViewpointListA_COUNT - <==      Total: 1
10:41:47.312 [http-nio-8085-exec-9] DEBUG com.dfyy.project.module.viewpoint.dao.IViewpointDao.selectViewpointListA - ==>  Preparing: SELECT vp.picture_num, vp.viewpoint_id viewpointId, vp.viewpoint_number viewpointNumber, vp.user_num userNum, ur.user_number, ur.user_name, ur.phone_number, ur.user_url, vp.content, ( SELECT COUNT(*) FROM t_like lk WHERE lk.viewpoint = vp.viewpoint_number ) AS likes, ( SELECT COUNT(*) FROM `comment` cm WHERE cm.viewpoint_id = vp.viewpoint_number and cm.comment_number is null ) AS comments, vp.publish_time, (select count(1) from t_like l where l.viewpoint = vp.viewpoint_number and l.user_num =?)as collected FROM viewpoint vp LEFT JOIN user_relationship ur ON vp.user_num = ur.user_number where 1 = 1 ORDER BY vp.publish_time DESC LIMIT ? 
10:41:47.315 [http-nio-8085-exec-9] DEBUG com.dfyy.project.module.viewpoint.dao.IViewpointDao.selectViewpointListA - ==> Parameters: U201811164315(String), 5(Integer)
10:41:47.329 [http-nio-8085-exec-4] DEBUG com.dfyy.project.module.viewpoint.dao.IViewpointDao.selectViewpointXx - <==      Total: 0
10:41:47.354 [http-nio-8085-exec-9] DEBUG com.dfyy.project.module.viewpoint.dao.IViewpointDao.selectViewpointListA - <==      Total: 5
10:41:47.355 [http-nio-8085-exec-9] DEBUG com.dfyy.project.module.video.dao.IVideoDao.selectVideoCommentById - ==>  Preparing: SELECT vd.grade, cm.comment_id, vd.video_number, ur.user_number, ur.user_name, ur.phone_number, ur.user_url, cm.content, ( SELECT COUNT(*) FROM t_like tl WHERE tl.viewpoint = cm.comment_id ) thumbs, cm.creation_time, (select count(1) from t_like l where l.viewpoint = cm.comment_id and l.user_num =?)as collected FROM `comment` cm LEFT JOIN video vd ON cm.viewpoint_id = vd.video_number LEFT JOIN user_relationship ur ON cm.user_num=ur.user_number WHERE cm.viewpoint_id=? and cm.comment_number is null ORDER BY cm.creation_time 
10:41:47.357 [http-nio-8085-exec-9] DEBUG com.dfyy.project.module.video.dao.IVideoDao.selectVideoCommentById - ==> Parameters: null, VP201811169872(String)
10:41:47.392 [http-nio-8085-exec-9] DEBUG com.dfyy.project.module.video.dao.IVideoDao.selectVideoCommentById - <==      Total: 1
10:41:47.396 [http-nio-8085-exec-9] DEBUG com.dfyy.project.module.viewpoint.dao.IViewpointDao.selectLike - ==>  Preparing: select u.user_name from t_like l left join user_relationship u on u.user_number = l.user_num where l.viewpoint = ? 
10:41:47.397 [http-nio-8085-exec-9] DEBUG com.dfyy.project.module.viewpoint.dao.IViewpointDao.selectLike - ==> Parameters: VP201811169872(String)
10:41:47.431 [http-nio-8085-exec-9] DEBUG com.dfyy.project.module.viewpoint.dao.IViewpointDao.selectLike - <==      Total: 2
10:41:47.433 [http-nio-8085-exec-9] DEBUG com.dfyy.project.module.picture.dao.IPictureDao.selectPictureList - ==>  Preparing: select picture_id , content_id , url , create_time from picture WHERE content_id = ? 
10:41:47.434 [http-nio-8085-exec-9] DEBUG com.dfyy.project.module.picture.dao.IPictureDao.selectPictureList - ==> Parameters: GWT1542351235(String)
10:41:47.468 [http-nio-8085-exec-9] DEBUG com.dfyy.project.module.picture.dao.IPictureDao.selectPictureList - <==      Total: 0
10:41:47.470 [http-nio-8085-exec-9] DEBUG com.dfyy.project.module.video.dao.IVideoDao.selectVideoCommentById - ==>  Preparing: SELECT vd.grade, cm.comment_id, vd.video_number, ur.user_number, ur.user_name, ur.phone_number, ur.user_url, cm.content, ( SELECT COUNT(*) FROM t_like tl WHERE tl.viewpoint = cm.comment_id ) thumbs, cm.creation_time, (select count(1) from t_like l where l.viewpoint = cm.comment_id and l.user_num =?)as collected FROM `comment` cm LEFT JOIN video vd ON cm.viewpoint_id = vd.video_number LEFT JOIN user_relationship ur ON cm.user_num=ur.user_number WHERE cm.viewpoint_id=? and cm.comment_number is null ORDER BY cm.creation_time 
10:41:47.470 [http-nio-8085-exec-9] DEBUG com.dfyy.project.module.video.dao.IVideoDao.selectVideoCommentById - ==> Parameters: null, VP201811155192(String)
10:41:47.506 [http-nio-8085-exec-9] DEBUG com.dfyy.project.module.video.dao.IVideoDao.selectVideoCommentById - <==      Total: 1
10:41:47.507 [http-nio-8085-exec-9] DEBUG com.dfyy.project.module.viewpoint.dao.IViewpointDao.selectLike - ==>  Preparing: select u.user_name from t_like l left join user_relationship u on u.user_number = l.user_num where l.viewpoint = ? 
10:41:47.507 [http-nio-8085-exec-9] DEBUG com.dfyy.project.module.viewpoint.dao.IViewpointDao.selectLike - ==> Parameters: VP201811155192(String)
10:41:47.541 [http-nio-8085-exec-9] DEBUG com.dfyy.project.module.viewpoint.dao.IViewpointDao.selectLike - <==      Total: 4
10:41:47.543 [http-nio-8085-exec-9] DEBUG com.dfyy.project.module.picture.dao.IPictureDao.selectPictureList - ==>  Preparing: select picture_id , content_id , url , create_time from picture WHERE content_id = ? 
10:41:47.544 [http-nio-8085-exec-9] DEBUG com.dfyy.project.module.picture.dao.IPictureDao.selectPictureList - ==> Parameters: GWT1542261664(String)
10:41:47.578 [http-nio-8085-exec-9] DEBUG com.dfyy.project.module.picture.dao.IPictureDao.selectPictureList - <==      Total: 1
10:41:47.580 [http-nio-8085-exec-9] DEBUG com.dfyy.project.module.video.dao.IVideoDao.selectVideoCommentById - ==>  Preparing: SELECT vd.grade, cm.comment_id, vd.video_number, ur.user_number, ur.user_name, ur.phone_number, ur.user_url, cm.content, ( SELECT COUNT(*) FROM t_like tl WHERE tl.viewpoint = cm.comment_id ) thumbs, cm.creation_time, (select count(1) from t_like l where l.viewpoint = cm.comment_id and l.user_num =?)as collected FROM `comment` cm LEFT JOIN video vd ON cm.viewpoint_id = vd.video_number LEFT JOIN user_relationship ur ON cm.user_num=ur.user_number WHERE cm.viewpoint_id=? and cm.comment_number is null ORDER BY cm.creation_time 
10:41:47.582 [http-nio-8085-exec-9] DEBUG com.dfyy.project.module.video.dao.IVideoDao.selectVideoCommentById - ==> Parameters: null, VP201811156892(String)
10:41:47.617 [http-nio-8085-exec-9] DEBUG com.dfyy.project.module.video.dao.IVideoDao.selectVideoCommentById - <==      Total: 0
10:41:47.619 [http-nio-8085-exec-9] DEBUG com.dfyy.project.module.viewpoint.dao.IViewpointDao.selectLike - ==>  Preparing: select u.user_name from t_like l left join user_relationship u on u.user_number = l.user_num where l.viewpoint = ? 
10:41:47.619 [http-nio-8085-exec-9] DEBUG com.dfyy.project.module.viewpoint.dao.IViewpointDao.selectLike - ==> Parameters: VP201811156892(String)
10:41:47.654 [http-nio-8085-exec-9] DEBUG com.dfyy.project.module.viewpoint.dao.IViewpointDao.selectLike - <==      Total: 2
10:41:47.655 [http-nio-8085-exec-9] DEBUG com.dfyy.project.module.picture.dao.IPictureDao.selectPictureList - ==>  Preparing: select picture_id , content_id , url , create_time from picture WHERE content_id = ? 
10:41:47.656 [http-nio-8085-exec-9] DEBUG com.dfyy.project.module.picture.dao.IPictureDao.selectPictureList - ==> Parameters: GWT1542251729(String)
10:41:47.690 [http-nio-8085-exec-9] DEBUG com.dfyy.project.module.picture.dao.IPictureDao.selectPictureList - <==      Total: 0
10:41:47.692 [http-nio-8085-exec-9] DEBUG com.dfyy.project.module.video.dao.IVideoDao.selectVideoCommentById - ==>  Preparing: SELECT vd.grade, cm.comment_id, vd.video_number, ur.user_number, ur.user_name, ur.phone_number, ur.user_url, cm.content, ( SELECT COUNT(*) FROM t_like tl WHERE tl.viewpoint = cm.comment_id ) thumbs, cm.creation_time, (select count(1) from t_like l where l.viewpoint = cm.comment_id and l.user_num =?)as collected FROM `comment` cm LEFT JOIN video vd ON cm.viewpoint_id = vd.video_number LEFT JOIN user_relationship ur ON cm.user_num=ur.user_number WHERE cm.viewpoint_id=? and cm.comment_number is null ORDER BY cm.creation_time 
10:41:47.692 [http-nio-8085-exec-9] DEBUG com.dfyy.project.module.video.dao.IVideoDao.selectVideoCommentById - ==> Parameters: null, VP201811124011(String)
10:41:47.728 [http-nio-8085-exec-9] DEBUG com.dfyy.project.module.video.dao.IVideoDao.selectVideoCommentById - <==      Total: 3
10:41:47.730 [http-nio-8085-exec-9] DEBUG com.dfyy.project.module.viewpoint.dao.IViewpointDao.selectLike - ==>  Preparing: select u.user_name from t_like l left join user_relationship u on u.user_number = l.user_num where l.viewpoint = ? 
10:41:47.730 [http-nio-8085-exec-9] DEBUG com.dfyy.project.module.viewpoint.dao.IViewpointDao.selectLike - ==> Parameters: VP201811124011(String)
10:41:47.764 [http-nio-8085-exec-9] DEBUG com.dfyy.project.module.viewpoint.dao.IViewpointDao.selectLike - <==      Total: 2
10:41:47.766 [http-nio-8085-exec-9] DEBUG com.dfyy.project.module.picture.dao.IPictureDao.selectPictureList - ==>  Preparing: select picture_id , content_id , url , create_time from picture WHERE content_id = ? 
10:41:47.767 [http-nio-8085-exec-9] DEBUG com.dfyy.project.module.picture.dao.IPictureDao.selectPictureList - ==> Parameters: GWT1542018778(String)
10:41:47.802 [http-nio-8085-exec-9] DEBUG com.dfyy.project.module.picture.dao.IPictureDao.selectPictureList - <==      Total: 9
10:41:47.803 [http-nio-8085-exec-9] DEBUG com.dfyy.project.module.video.dao.IVideoDao.selectVideoCommentById - ==>  Preparing: SELECT vd.grade, cm.comment_id, vd.video_number, ur.user_number, ur.user_name, ur.phone_number, ur.user_url, cm.content, ( SELECT COUNT(*) FROM t_like tl WHERE tl.viewpoint = cm.comment_id ) thumbs, cm.creation_time, (select count(1) from t_like l where l.viewpoint = cm.comment_id and l.user_num =?)as collected FROM `comment` cm LEFT JOIN video vd ON cm.viewpoint_id = vd.video_number LEFT JOIN user_relationship ur ON cm.user_num=ur.user_number WHERE cm.viewpoint_id=? and cm.comment_number is null ORDER BY cm.creation_time 
10:41:47.804 [http-nio-8085-exec-9] DEBUG com.dfyy.project.module.video.dao.IVideoDao.selectVideoCommentById - ==> Parameters: null, VP201811129768(String)
10:41:47.838 [http-nio-8085-exec-9] DEBUG com.dfyy.project.module.video.dao.IVideoDao.selectVideoCommentById - <==      Total: 0
10:41:47.839 [http-nio-8085-exec-9] DEBUG com.dfyy.project.module.viewpoint.dao.IViewpointDao.selectLike - ==>  Preparing: select u.user_name from t_like l left join user_relationship u on u.user_number = l.user_num where l.viewpoint = ? 
10:41:47.840 [http-nio-8085-exec-9] DEBUG com.dfyy.project.module.viewpoint.dao.IViewpointDao.selectLike - ==> Parameters: VP201811129768(String)
10:41:47.874 [http-nio-8085-exec-9] DEBUG com.dfyy.project.module.viewpoint.dao.IViewpointDao.selectLike - <==      Total: 3
10:41:47.876 [http-nio-8085-exec-9] DEBUG com.dfyy.project.module.picture.dao.IPictureDao.selectPictureList - ==>  Preparing: select picture_id , content_id , url , create_time from picture WHERE content_id = ? 
10:41:47.877 [http-nio-8085-exec-9] DEBUG com.dfyy.project.module.picture.dao.IPictureDao.selectPictureList - ==> Parameters: GWT1542008618(String)
10:41:47.911 [http-nio-8085-exec-9] DEBUG com.dfyy.project.module.picture.dao.IPictureDao.selectPictureList - <==      Total: 0
10:41:49.766 [http-nio-8085-exec-8] DEBUG com.dfyy.project.module.relationship.dao.IRelationshipDao.selectRelationshipList - ==>  Preparing: select id, user_number , user_id , type , name , open_id , user_name , phone_number , user_url from user_relationship WHERE open_id = ? 
10:41:49.767 [http-nio-8085-exec-8] DEBUG com.dfyy.project.module.relationship.dao.IRelationshipDao.selectRelationshipList - ==> Parameters: oabDM4gm-mFUeIpScTnX0dJEAuyw(String)
10:41:49.802 [http-nio-8085-exec-8] DEBUG com.dfyy.project.module.relationship.dao.IRelationshipDao.selectRelationshipList - <==      Total: 1
10:41:49.879 [http-nio-8085-exec-10] DEBUG com.dfyy.project.module.user.dao.IAppUserDao.selectMemberList - ==>  Preparing: SELECT u.avatarUrl,u.username,u.user_type,u.grade,IFNULL(u.advance,0.00) AS advance ,IFNULL(u.revenue,0.00) AS revenue FROM t_user u WHERE u.id=? 
10:41:49.880 [http-nio-8085-exec-10] DEBUG com.dfyy.project.module.user.dao.IAppUserDao.selectMemberList - ==> Parameters: 77(Integer)
10:41:49.914 [http-nio-8085-exec-10] DEBUG com.dfyy.project.module.user.dao.IAppUserDao.selectMemberList - <==      Total: 1
10:41:49.915 [http-nio-8085-exec-10] DEBUG com.dfyy.project.module.user.dao.IAppUserDao.selectRevenue - ==>  Preparing: SELECT IFNULL(SUM(extract_money),0) AS revenue FROM profitdetails WHERE recommend_id = ? 
10:41:49.916 [http-nio-8085-exec-10] DEBUG com.dfyy.project.module.user.dao.IAppUserDao.selectRevenue - ==> Parameters: 77(Integer)
10:41:49.951 [http-nio-8085-exec-10] DEBUG com.dfyy.project.module.user.dao.IAppUserDao.selectRevenue - <==      Total: 1
10:41:49.973 [http-nio-8085-exec-1] DEBUG com.dfyy.project.module.user.dao.IAppUserDao.selectMemberList - ==>  Preparing: SELECT u.avatarUrl,u.username,u.user_type,u.grade,IFNULL(u.advance,0.00) AS advance ,IFNULL(u.revenue,0.00) AS revenue FROM t_user u WHERE u.id=? 
10:41:49.975 [http-nio-8085-exec-1] DEBUG com.dfyy.project.module.user.dao.IAppUserDao.selectMemberList - ==> Parameters: 77(Integer)
10:41:50.010 [http-nio-8085-exec-1] DEBUG com.dfyy.project.module.user.dao.IAppUserDao.selectMemberList - <==      Total: 1
10:41:50.011 [http-nio-8085-exec-1] DEBUG com.dfyy.project.module.user.dao.IAppUserDao.selectRevenue - ==>  Preparing: SELECT IFNULL(SUM(extract_money),0) AS revenue FROM profitdetails WHERE recommend_id = ? 
10:41:50.011 [http-nio-8085-exec-1] DEBUG com.dfyy.project.module.user.dao.IAppUserDao.selectRevenue - ==> Parameters: 77(Integer)
10:41:50.045 [http-nio-8085-exec-1] DEBUG com.dfyy.project.module.user.dao.IAppUserDao.selectRevenue - <==      Total: 1
10:47:46.568 [pool-2-thread-1] INFO  com.dfyy.framework.shiro.web.session.OnlineWebSessionManager - invalidation sessions...
10:47:46.571 [pool-2-thread-1] DEBUG com.dfyy.project.monitor.online.dao.IUserOnlineDao.selectOnlineByExpired - ==>  Preparing: SELECT * FROM sys_user_online o WHERE o.last_access_time <= ? ORDER BY o.last_access_time ASC 
10:47:46.572 [pool-2-thread-1] DEBUG com.dfyy.project.monitor.online.dao.IUserOnlineDao.selectOnlineByExpired - ==> Parameters: 2018-11-19 10:17:46(String)
10:47:46.608 [pool-2-thread-1] DEBUG com.dfyy.project.monitor.online.dao.IUserOnlineDao.selectOnlineByExpired - <==      Total: 0
10:47:46.609 [pool-2-thread-1] INFO  com.dfyy.framework.shiro.web.session.OnlineWebSessionManager - Finished invalidation session. No sessions were stopped.
10:57:46.570 [pool-2-thread-1] INFO  com.dfyy.framework.shiro.web.session.OnlineWebSessionManager - invalidation sessions...
10:57:46.573 [pool-2-thread-1] DEBUG com.dfyy.project.monitor.online.dao.IUserOnlineDao.selectOnlineByExpired - ==>  Preparing: SELECT * FROM sys_user_online o WHERE o.last_access_time <= ? ORDER BY o.last_access_time ASC 
10:57:46.574 [pool-2-thread-1] DEBUG com.dfyy.project.monitor.online.dao.IUserOnlineDao.selectOnlineByExpired - ==> Parameters: 2018-11-19 10:27:46(String)
10:57:46.644 [pool-2-thread-1] DEBUG com.dfyy.project.monitor.online.dao.IUserOnlineDao.selectOnlineByExpired - <==      Total: 0
10:57:46.646 [pool-2-thread-1] INFO  com.dfyy.framework.shiro.web.session.OnlineWebSessionManager - Finished invalidation session. No sessions were stopped.
11:07:46.572 [pool-2-thread-1] INFO  com.dfyy.framework.shiro.web.session.OnlineWebSessionManager - invalidation sessions...
11:07:46.575 [pool-2-thread-1] DEBUG com.dfyy.project.monitor.online.dao.IUserOnlineDao.selectOnlineByExpired - ==>  Preparing: SELECT * FROM sys_user_online o WHERE o.last_access_time <= ? ORDER BY o.last_access_time ASC 
11:07:46.576 [pool-2-thread-1] DEBUG com.dfyy.project.monitor.online.dao.IUserOnlineDao.selectOnlineByExpired - ==> Parameters: 2018-11-19 10:37:46(String)
11:07:46.611 [pool-2-thread-1] DEBUG com.dfyy.project.monitor.online.dao.IUserOnlineDao.selectOnlineByExpired - <==      Total: 0
11:07:46.612 [pool-2-thread-1] INFO  com.dfyy.framework.shiro.web.session.OnlineWebSessionManager - Finished invalidation session. No sessions were stopped.
11:17:46.575 [pool-2-thread-1] INFO  com.dfyy.framework.shiro.web.session.OnlineWebSessionManager - invalidation sessions...
11:17:46.577 [pool-2-thread-1] DEBUG com.dfyy.project.monitor.online.dao.IUserOnlineDao.selectOnlineByExpired - ==>  Preparing: SELECT * FROM sys_user_online o WHERE o.last_access_time <= ? ORDER BY o.last_access_time ASC 
11:17:46.578 [pool-2-thread-1] DEBUG com.dfyy.project.monitor.online.dao.IUserOnlineDao.selectOnlineByExpired - ==> Parameters: 2018-11-19 10:47:46(String)
11:17:46.614 [pool-2-thread-1] DEBUG com.dfyy.project.monitor.online.dao.IUserOnlineDao.selectOnlineByExpired - <==      Total: 0
11:17:46.615 [pool-2-thread-1] INFO  com.dfyy.framework.shiro.web.session.OnlineWebSessionManager - Finished invalidation session. No sessions were stopped.
11:27:46.577 [pool-2-thread-1] INFO  com.dfyy.framework.shiro.web.session.OnlineWebSessionManager - invalidation sessions...
11:27:46.580 [pool-2-thread-1] DEBUG com.dfyy.project.monitor.online.dao.IUserOnlineDao.selectOnlineByExpired - ==>  Preparing: SELECT * FROM sys_user_online o WHERE o.last_access_time <= ? ORDER BY o.last_access_time ASC 
11:27:46.581 [pool-2-thread-1] DEBUG com.dfyy.project.monitor.online.dao.IUserOnlineDao.selectOnlineByExpired - ==> Parameters: 2018-11-19 10:57:46(String)
11:27:46.617 [pool-2-thread-1] DEBUG com.dfyy.project.monitor.online.dao.IUserOnlineDao.selectOnlineByExpired - <==      Total: 0
11:27:46.618 [pool-2-thread-1] INFO  com.dfyy.framework.shiro.web.session.OnlineWebSessionManager - Finished invalidation session. No sessions were stopped.
11:37:46.579 [pool-2-thread-1] INFO  com.dfyy.framework.shiro.web.session.OnlineWebSessionManager - invalidation sessions...
11:37:46.582 [pool-2-thread-1] DEBUG com.dfyy.project.monitor.online.dao.IUserOnlineDao.selectOnlineByExpired - ==>  Preparing: SELECT * FROM sys_user_online o WHERE o.last_access_time <= ? ORDER BY o.last_access_time ASC 
11:37:46.583 [pool-2-thread-1] DEBUG com.dfyy.project.monitor.online.dao.IUserOnlineDao.selectOnlineByExpired - ==> Parameters: 2018-11-19 11:07:46(String)
11:37:46.618 [pool-2-thread-1] DEBUG com.dfyy.project.monitor.online.dao.IUserOnlineDao.selectOnlineByExpired - <==      Total: 0
11:37:46.619 [pool-2-thread-1] INFO  com.dfyy.framework.shiro.web.session.OnlineWebSessionManager - Finished invalidation session. No sessions were stopped.
11:42:37.625 [http-nio-8085-exec-1] DEBUG com.dfyy.project.module.user.dao.IAppUserDao.selectMyconsultant - ==>  Preparing: SELECT sales_picture,`name`,phone,wxnumber FROM salesman WHERE salesman_id = (SELECT salesman_id FROM t_user WHERE id=?) 
11:42:37.631 [http-nio-8085-exec-1] DEBUG com.dfyy.project.module.user.dao.IAppUserDao.selectMyconsultant - ==> Parameters: 77(Integer)
11:42:37.700 [http-nio-8085-exec-1] DEBUG com.dfyy.project.module.user.dao.IAppUserDao.selectMyconsultant - <==      Total: 0
11:43:12.935 [http-nio-8085-exec-7] DEBUG com.dfyy.project.module.relationship.dao.IRelationshipDao.selectRelationshipList - ==>  Preparing: select id, user_number , user_id , type , name , open_id , user_name , phone_number , user_url from user_relationship WHERE open_id = ? 
11:43:12.937 [http-nio-8085-exec-7] DEBUG com.dfyy.project.module.relationship.dao.IRelationshipDao.selectRelationshipList - ==> Parameters: oabDM4gm-mFUeIpScTnX0dJEAuyw(String)
11:43:12.972 [http-nio-8085-exec-7] DEBUG com.dfyy.project.module.relationship.dao.IRelationshipDao.selectRelationshipList - <==      Total: 1
11:43:12.991 [http-nio-8085-exec-3] DEBUG com.dfyy.project.module.user.dao.IAppUserDao.selectMemberList - ==>  Preparing: SELECT u.avatarUrl,u.username,u.user_type,u.grade,IFNULL(u.advance,0.00) AS advance ,IFNULL(u.revenue,0.00) AS revenue FROM t_user u WHERE u.id=? 
11:43:12.992 [http-nio-8085-exec-3] DEBUG com.dfyy.project.module.user.dao.IAppUserDao.selectMemberList - ==> Parameters: 77(Integer)
11:43:13.027 [http-nio-8085-exec-3] DEBUG com.dfyy.project.module.user.dao.IAppUserDao.selectMemberList - <==      Total: 1
11:43:13.029 [http-nio-8085-exec-3] DEBUG com.dfyy.project.module.user.dao.IAppUserDao.selectRevenue - ==>  Preparing: SELECT IFNULL(SUM(extract_money),0) AS revenue FROM profitdetails WHERE recommend_id = ? 
11:43:13.030 [http-nio-8085-exec-3] DEBUG com.dfyy.project.module.user.dao.IAppUserDao.selectRevenue - ==> Parameters: 77(Integer)
11:43:13.065 [http-nio-8085-exec-3] DEBUG com.dfyy.project.module.user.dao.IAppUserDao.selectRevenue - <==      Total: 1
11:43:13.085 [http-nio-8085-exec-5] DEBUG com.dfyy.project.module.user.dao.IAppUserDao.selectMemberList - ==>  Preparing: SELECT u.avatarUrl,u.username,u.user_type,u.grade,IFNULL(u.advance,0.00) AS advance ,IFNULL(u.revenue,0.00) AS revenue FROM t_user u WHERE u.id=? 
11:43:13.086 [http-nio-8085-exec-5] DEBUG com.dfyy.project.module.user.dao.IAppUserDao.selectMemberList - ==> Parameters: 77(Integer)
11:43:13.135 [http-nio-8085-exec-5] DEBUG com.dfyy.project.module.user.dao.IAppUserDao.selectMemberList - <==      Total: 1
11:43:13.138 [http-nio-8085-exec-5] DEBUG com.dfyy.project.module.user.dao.IAppUserDao.selectRevenue - ==>  Preparing: SELECT IFNULL(SUM(extract_money),0) AS revenue FROM profitdetails WHERE recommend_id = ? 
11:43:13.139 [http-nio-8085-exec-5] DEBUG com.dfyy.project.module.user.dao.IAppUserDao.selectRevenue - ==> Parameters: 77(Integer)
11:43:13.174 [http-nio-8085-exec-5] DEBUG com.dfyy.project.module.user.dao.IAppUserDao.selectRevenue - <==      Total: 1
11:44:52.428 [http-nio-8085-exec-6] DEBUG com.dfyy.project.module.curriculum.dao.ICurriculumDao.selectCurriculumList - ==>  Preparing: select picture.url as url, curriculum_id , curriculum_number , curriculum_name , curriculum_money , establish_time , cover_url , curriculum_cover_id , number , sort , status from curriculum left join picture on picture.content_id = curriculum.cover_url order by sort 
11:44:52.430 [http-nio-8085-exec-6] DEBUG com.dfyy.project.module.curriculum.dao.ICurriculumDao.selectCurriculumList - ==> Parameters: 
11:44:52.467 [http-nio-8085-exec-6] DEBUG com.dfyy.project.module.curriculum.dao.ICurriculumDao.selectCurriculumList - <==      Total: 4
11:44:54.395 [http-nio-8085-exec-1] DEBUG com.dfyy.project.module.relationship.dao.IRelationshipDao.selectRelationshipList - ==>  Preparing: select id, user_number , user_id , type , name , open_id , user_name , phone_number , user_url from user_relationship WHERE open_id = ? 
11:44:54.397 [http-nio-8085-exec-1] DEBUG com.dfyy.project.module.relationship.dao.IRelationshipDao.selectRelationshipList - ==> Parameters: oabDM4gm-mFUeIpScTnX0dJEAuyw(String)
11:44:54.432 [http-nio-8085-exec-7] DEBUG com.dfyy.project.module.carousel.dao.ICarouselDao.appSelectPicture - ==>  Preparing: SELECT ( SELECT url FROM picture WHERE picture.content_id = carousel.image_id ) img,url_type,url_id FROM carousel where type=0 order by sort 
11:44:54.434 [http-nio-8085-exec-7] DEBUG com.dfyy.project.module.carousel.dao.ICarouselDao.appSelectPicture - ==> Parameters: 
11:44:54.434 [http-nio-8085-exec-1] DEBUG com.dfyy.project.module.relationship.dao.IRelationshipDao.selectRelationshipList - <==      Total: 1
11:44:54.437 [http-nio-8085-exec-3] DEBUG c.d.project.module.companynews.dao.ICompanynewsDao.selectCompanynewsList_COUNT - ==>  Preparing: SELECT count(0) FROM (SELECT picture.url AS pictureNum, id, companynews_num, title, (SELECT count(1) FROM playrecord p WHERE p.video_id = ?) playrecord, content, DATE_FORMAT(picture.create_time, '%Y-%m-%d %H:%i') create_time, sort, readsum, status FROM companynews LEFT JOIN picture ON picture.content_id = companynews.pictureNum WHERE status = ?) table_count 
11:44:54.438 [http-nio-8085-exec-3] DEBUG c.d.project.module.companynews.dao.ICompanynewsDao.selectCompanynewsList_COUNT - ==> Parameters: null, 1(Integer)
11:44:54.441 [http-nio-8085-exec-2] DEBUG com.dfyy.project.module.activity.dao.IActivityDao.selectActivityListA - ==>  Preparing: SELECT id, picture.url as picture, ta.activity_num activityNum, ta.activity_name activityName, (SELECT cl.content FROM classify cl WHERE cl.id=ta.activity_type) activityType, REPLACE(RIGHT(SUBSTRING_INDEX(ta.city ,'-' ,2), LOCATE('-' ,ta.city)),'-','')citys, ta.city, ta.place, ta.activity_introduce activityIntroduce, ta.lecturer, DATE_FORMAT( ta.create_time, '%Y-%m-%d %H:%i:%s' ) createTime, DATE_FORMAT( ta.activity_time, '%Y-%m-%d %H:%i' ) activityTime, DATE_FORMAT( ta.activity_time, '%m-%d' ) activityTimes, DATE_FORMAT( ta.registration_start, '%Y-%m-%d' ) registrationStart, DATE_FORMAT( ta.registration_end, '%Y-%m-%d' ) registrationEnd, ta.activity_status activityStatus, ta.is_release isRelease, ta.activity_qrcode activityQrcode, ta.activity_money activityMoney, ( SELECT COUNT(tae.id) FROM t_activity_enroll tae WHERE tae.activity_id = ta.id ) enroll, ( SELECT COUNT(tae.id) FROM t_activity_enroll tae WHERE tae.activity_id = ta.id AND tae.money_status = 1 ) paid FROM t_activity ta left join picture on picture.content_id = ta.picture WHERE 1 = 1 ORDER BY ta.activity_status 
11:44:54.442 [http-nio-8085-exec-2] DEBUG com.dfyy.project.module.activity.dao.IActivityDao.selectActivityListA - ==> Parameters: 
11:44:54.462 [http-nio-8085-exec-7] DEBUG com.dfyy.project.module.carousel.dao.ICarouselDao.appSelectPicture - <==      Total: 3
11:44:54.463 [http-nio-8085-exec-9] DEBUG com.dfyy.project.module.coach.dao.ICoachDao.selectCoachList - ==>  Preparing: select a.coach_id , a.intro,a.coach_number ,a.city, a.name , a.phone , a.wx , a.status , a.image_url , a.sex ,sort,(select count(1) from t_user b where b.coach_id = a.coach_id) as number, (select count(DISTINCT t.id)as numbers from t_user t join practice p on p.user_id = t.id and p.type = '1' where t.coach_id = a.coach_id)as numberw, (select count(DISTINCT t.id)as numbers from t_user t join practice p on p.user_id = t.id and p.type = '2' where t.coach_id = a.coach_id)as numbers, (select count(DISTINCT t.id)as numbers from t_user t join practice p on p.user_id = t.id and p.type = '3' where t.coach_id = a.coach_id)as numberx from coach a 
11:44:54.464 [http-nio-8085-exec-9] DEBUG com.dfyy.project.module.coach.dao.ICoachDao.selectCoachList - ==> Parameters: 
11:44:54.472 [http-nio-8085-exec-3] DEBUG c.d.project.module.companynews.dao.ICompanynewsDao.selectCompanynewsList_COUNT - <==      Total: 1
11:44:54.473 [http-nio-8085-exec-3] DEBUG com.dfyy.project.module.companynews.dao.ICompanynewsDao.selectCompanynewsList - ==>  Preparing: select picture.url as pictureNum,id , companynews_num , title , (select count(1) from playrecord p where p.video_id = ?) playrecord, content , DATE_FORMAT( picture.create_time, '%Y-%m-%d %H:%i' ) create_time , sort , readsum , status from companynews left join picture on picture.content_id = companynews.pictureNum WHERE status = ? order by sort LIMIT ? 
11:44:54.474 [http-nio-8085-exec-3] DEBUG com.dfyy.project.module.companynews.dao.ICompanynewsDao.selectCompanynewsList - ==> Parameters: null, 1(Integer), 3(Integer)
11:44:54.484 [http-nio-8085-exec-10] ERROR com.dfyy.framework.web.exception.DefaultExceptionHandler - org.springframework.validation.BeanPropertyBindingResult: 1 errors
Field error in object 'curriculum' on field 'curriculumId': rejected value [null]; codes [typeMismatch.curriculum.curriculumId,typeMismatch.curriculumId,typeMismatch.java.lang.Integer,typeMismatch]; arguments [org.springframework.context.support.DefaultMessageSourceResolvable: codes [curriculum.curriculumId,curriculumId]; arguments []; default message [curriculumId]]; default message [Failed to convert property value of type 'java.lang.String' to required type 'java.lang.Integer' for property 'curriculumId'; nested exception is java.lang.NumberFormatException: For input string: "null"]
org.springframework.validation.BindException: org.springframework.validation.BeanPropertyBindingResult: 1 errors
Field error in object 'curriculum' on field 'curriculumId': rejected value [null]; codes [typeMismatch.curriculum.curriculumId,typeMismatch.curriculumId,typeMismatch.java.lang.Integer,typeMismatch]; arguments [org.springframework.context.support.DefaultMessageSourceResolvable: codes [curriculum.curriculumId,curriculumId]; arguments []; default message [curriculumId]]; default message [Failed to convert property value of type 'java.lang.String' to required type 'java.lang.Integer' for property 'curriculumId'; nested exception is java.lang.NumberFormatException: For input string: "null"]
	at org.springframework.web.method.annotation.ModelAttributeMethodProcessor.resolveArgument(ModelAttributeMethodProcessor.java:115)
	at org.springframework.web.method.support.HandlerMethodArgumentResolverComposite.resolveArgument(HandlerMethodArgumentResolverComposite.java:121)
	at org.springframework.web.method.support.InvocableHandlerMethod.getMethodArgumentValues(InvocableHandlerMethod.java:158)
	at org.springframework.web.method.support.InvocableHandlerMethod.invokeForRequest(InvocableHandlerMethod.java:128)
	at org.springframework.web.servlet.mvc.method.annotation.ServletInvocableHandlerMethod.invokeAndHandle(ServletInvocableHandlerMethod.java:97)
	at org.springframework.web.servlet.mvc.method.annotation.RequestMappingHandlerAdapter.invokeHandlerMethod(RequestMappingHandlerAdapter.java:827)
	at org.springframework.web.servlet.mvc.method.annotation.RequestMappingHandlerAdapter.handleInternal(RequestMappingHandlerAdapter.java:738)
	at org.springframework.web.servlet.mvc.method.AbstractHandlerMethodAdapter.handle(AbstractHandlerMethodAdapter.java:85)
	at org.springframework.web.servlet.DispatcherServlet.doDispatch(DispatcherServlet.java:967)
	at org.springframework.web.servlet.DispatcherServlet.doService(DispatcherServlet.java:901)
	at org.springframework.web.servlet.FrameworkServlet.processRequest(FrameworkServlet.java:970)
	at org.springframework.web.servlet.FrameworkServlet.doGet(FrameworkServlet.java:861)
	at javax.servlet.http.HttpServlet.service(HttpServlet.java:635)
	at org.springframework.web.servlet.FrameworkServlet.service(FrameworkServlet.java:846)
	at javax.servlet.http.HttpServlet.service(HttpServlet.java:742)
	at org.apache.catalina.core.ApplicationFilterChain.internalDoFilter(ApplicationFilterChain.java:231)
	at org.apache.catalina.core.ApplicationFilterChain.doFilter(ApplicationFilterChain.java:166)
	at org.apache.tomcat.websocket.server.WsFilter.doFilter(WsFilter.java:52)
	at org.apache.catalina.core.ApplicationFilterChain.internalDoFilter(ApplicationFilterChain.java:193)
	at org.apache.catalina.core.ApplicationFilterChain.doFilter(ApplicationFilterChain.java:166)
	at org.apache.shiro.web.servlet.AdviceFilter.executeChain(AdviceFilter.java:108)
	at org.apache.shiro.web.servlet.AdviceFilter.doFilterInternal(AdviceFilter.java:137)
	at org.apache.shiro.web.servlet.OncePerRequestFilter.doFilter(OncePerRequestFilter.java:125)
	at org.apache.catalina.core.ApplicationFilterChain.internalDoFilter(ApplicationFilterChain.java:193)
	at org.apache.catalina.core.ApplicationFilterChain.doFilter(ApplicationFilterChain.java:166)
	at org.apache.shiro.web.servlet.AdviceFilter.executeChain(AdviceFilter.java:108)
	at org.apache.shiro.web.servlet.AdviceFilter.doFilterInternal(AdviceFilter.java:137)
	at org.apache.shiro.web.servlet.OncePerRequestFilter.doFilter(OncePerRequestFilter.java:125)
	at org.apache.catalina.core.ApplicationFilterChain.internalDoFilter(ApplicationFilterChain.java:193)
	at org.apache.catalina.core.ApplicationFilterChain.doFilter(ApplicationFilterChain.java:166)
	at org.apache.shiro.web.servlet.ProxiedFilterChain.doFilter(ProxiedFilterChain.java:61)
	at org.apache.shiro.web.servlet.AdviceFilter.executeChain(AdviceFilter.java:108)
	at org.apache.shiro.web.servlet.AdviceFilter.doFilterInternal(AdviceFilter.java:137)
	at org.apache.shiro.web.servlet.OncePerRequestFilter.doFilter(OncePerRequestFilter.java:125)
	at org.apache.shiro.web.servlet.ProxiedFilterChain.doFilter(ProxiedFilterChain.java:66)
	at org.apache.shiro.web.servlet.AbstractShiroFilter.executeChain(AbstractShiroFilter.java:449)
	at org.apache.shiro.web.servlet.AbstractShiroFilter$1.call(AbstractShiroFilter.java:365)
	at org.apache.shiro.subject.support.SubjectCallable.doCall(SubjectCallable.java:90)
	at org.apache.shiro.subject.support.SubjectCallable.call(SubjectCallable.java:83)
	at org.apache.shiro.subject.support.DelegatingSubject.execute(DelegatingSubject.java:383)
	at org.apache.shiro.web.servlet.AbstractShiroFilter.doFilterInternal(AbstractShiroFilter.java:362)
	at org.apache.shiro.web.servlet.OncePerRequestFilter.doFilter(OncePerRequestFilter.java:125)
	at org.apache.catalina.core.ApplicationFilterChain.internalDoFilter(ApplicationFilterChain.java:193)
	at org.apache.catalina.core.ApplicationFilterChain.doFilter(ApplicationFilterChain.java:166)
	at com.alibaba.druid.support.http.WebStatFilter.doFilter(WebStatFilter.java:123)
	at org.apache.catalina.core.ApplicationFilterChain.internalDoFilter(ApplicationFilterChain.java:193)
	at org.apache.catalina.core.ApplicationFilterChain.doFilter(ApplicationFilterChain.java:166)
	at org.springframework.web.filter.RequestContextFilter.doFilterInternal(RequestContextFilter.java:99)
	at org.springframework.web.filter.OncePerRequestFilter.doFilter(OncePerRequestFilter.java:107)
	at org.apache.catalina.core.ApplicationFilterChain.internalDoFilter(ApplicationFilterChain.java:193)
	at org.apache.catalina.core.ApplicationFilterChain.doFilter(ApplicationFilterChain.java:166)
	at org.springframework.web.filter.HttpPutFormContentFilter.doFilterInternal(HttpPutFormContentFilter.java:108)
	at org.springframework.web.filter.OncePerRequestFilter.doFilter(OncePerRequestFilter.java:107)
	at org.apache.catalina.core.ApplicationFilterChain.internalDoFilter(ApplicationFilterChain.java:193)
	at org.apache.catalina.core.ApplicationFilterChain.doFilter(ApplicationFilterChain.java:166)
	at org.springframework.web.filter.HiddenHttpMethodFilter.doFilterInternal(HiddenHttpMethodFilter.java:81)
	at org.springframework.web.filter.OncePerRequestFilter.doFilter(OncePerRequestFilter.java:107)
	at org.apache.catalina.core.ApplicationFilterChain.internalDoFilter(ApplicationFilterChain.java:193)
	at org.apache.catalina.core.ApplicationFilterChain.doFilter(ApplicationFilterChain.java:166)
	at org.springframework.web.filter.CharacterEncodingFilter.doFilterInternal(CharacterEncodingFilter.java:197)
	at org.springframework.web.filter.OncePerRequestFilter.doFilter(OncePerRequestFilter.java:107)
	at org.apache.catalina.core.ApplicationFilterChain.internalDoFilter(ApplicationFilterChain.java:193)
	at org.apache.catalina.core.ApplicationFilterChain.doFilter(ApplicationFilterChain.java:166)
	at org.apache.catalina.core.StandardWrapperValve.invoke(StandardWrapperValve.java:199)
	at org.apache.catalina.core.StandardContextValve.invoke(StandardContextValve.java:96)
	at org.apache.catalina.authenticator.AuthenticatorBase.invoke(AuthenticatorBase.java:504)
	at org.apache.catalina.core.StandardHostValve.invoke(StandardHostValve.java:140)
	at org.apache.catalina.valves.ErrorReportValve.invoke(ErrorReportValve.java:81)
	at org.apache.catalina.core.StandardEngineValve.invoke(StandardEngineValve.java:87)
	at org.apache.catalina.connector.CoyoteAdapter.service(CoyoteAdapter.java:342)
	at org.apache.coyote.http11.Http11Processor.service(Http11Processor.java:803)
	at org.apache.coyote.AbstractProcessorLight.process(AbstractProcessorLight.java:66)
	at org.apache.coyote.AbstractProtocol$ConnectionHandler.process(AbstractProtocol.java:790)
	at org.apache.tomcat.util.net.NioEndpoint$SocketProcessor.doRun(NioEndpoint.java:1459)
	at org.apache.tomcat.util.net.SocketProcessorBase.run(SocketProcessorBase.java:49)
	at java.util.concurrent.ThreadPoolExecutor.runWorker(ThreadPoolExecutor.java:1142)
	at java.util.concurrent.ThreadPoolExecutor$Worker.run(ThreadPoolExecutor.java:617)
	at org.apache.tomcat.util.threads.TaskThread$WrappingRunnable.run(TaskThread.java:61)
	at java.lang.Thread.run(Thread.java:745)
11:44:54.495 [http-nio-8085-exec-9] DEBUG com.dfyy.project.module.coach.dao.ICoachDao.selectCoachList - <==      Total: 17
11:44:54.496 [http-nio-8085-exec-6] DEBUG com.dfyy.project.module.video.dao.IVideoDao.selectVideoListA_COUNT - ==>  Preparing: SELECT count(0) FROM video vi WHERE 1 = 1 AND vi.classify_id = ? 
11:44:54.497 [http-nio-8085-exec-6] DEBUG com.dfyy.project.module.video.dao.IVideoDao.selectVideoListA_COUNT - ==> Parameters: 12(Integer)
11:44:54.516 [http-nio-8085-exec-2] DEBUG com.dfyy.project.module.activity.dao.IActivityDao.selectActivityListA - <==      Total: 6
11:44:54.516 [http-nio-8085-exec-5] DEBUG com.dfyy.project.module.video.dao.IVideoDao.selectVideoListA_COUNT - ==>  Preparing: SELECT count(0) FROM video vi WHERE 1 = 1 AND vi.classify_id != '12' 
11:44:54.518 [http-nio-8085-exec-5] DEBUG com.dfyy.project.module.video.dao.IVideoDao.selectVideoListA_COUNT - ==> Parameters: 
11:44:54.524 [http-nio-8085-exec-6] DEBUG com.dfyy.project.module.video.dao.IVideoDao.selectVideoListA_COUNT - <==      Total: 1
11:44:54.525 [http-nio-8085-exec-6] DEBUG com.dfyy.project.module.video.dao.IVideoDao.selectVideoListA - ==>  Preparing: SELECT vi.grade, vi.id, vi.video_number, vi.video_name, vi.pictureurl, (SELECT cl.content FROM classify cl WHERE cl.id=vi.classify_id) classifyType, ( SELECT COUNT(*) FROM playrecord pr WHERE pr.video_id = vi.id ) counts, vi.create_time, vi.videourl, vi.intro FROM video vi where 1 = 1 AND vi.classify_id = ? order by classifyType,vi.id desc LIMIT ? 
11:44:54.525 [http-nio-8085-exec-6] DEBUG com.dfyy.project.module.video.dao.IVideoDao.selectVideoListA - ==> Parameters: 12(Integer), 6(Integer)
11:44:54.553 [http-nio-8085-exec-5] DEBUG com.dfyy.project.module.video.dao.IVideoDao.selectVideoListA_COUNT - <==      Total: 1
11:44:54.554 [http-nio-8085-exec-6] DEBUG com.dfyy.project.module.video.dao.IVideoDao.selectVideoListA - <==      Total: 2
11:44:54.554 [http-nio-8085-exec-5] DEBUG com.dfyy.project.module.video.dao.IVideoDao.selectVideoListA - ==>  Preparing: SELECT vi.grade, vi.id, vi.video_number, vi.video_name, vi.pictureurl, (SELECT cl.content FROM classify cl WHERE cl.id=vi.classify_id) classifyType, ( SELECT COUNT(*) FROM playrecord pr WHERE pr.video_id = vi.id ) counts, vi.create_time, vi.videourl, vi.intro FROM video vi where 1 = 1 AND vi.classify_id != '12' order by classifyType,vi.id desc LIMIT ? 
11:44:54.556 [http-nio-8085-exec-5] DEBUG com.dfyy.project.module.video.dao.IVideoDao.selectVideoListA - ==> Parameters: 4(Integer)
11:44:54.578 [http-nio-8085-exec-3] DEBUG com.dfyy.project.module.companynews.dao.ICompanynewsDao.selectCompanynewsList - <==      Total: 2
11:44:54.592 [http-nio-8085-exec-5] DEBUG com.dfyy.project.module.video.dao.IVideoDao.selectVideoListA - <==      Total: 3
11:44:55.958 [http-nio-8085-exec-8] DEBUG c.dfyy.project.module.certificate.dao.ICertificateDao.selectCertificateListByUid - ==>  Preparing: select id , uid , course , create_time , number , url,type from certificate where uid = ? and type=0 order by id desc 
11:44:55.961 [http-nio-8085-exec-8] DEBUG c.dfyy.project.module.certificate.dao.ICertificateDao.selectCertificateListByUid - ==> Parameters: 77(Integer)
11:44:55.994 [http-nio-8085-exec-8] DEBUG c.dfyy.project.module.certificate.dao.ICertificateDao.selectCertificateListByUid - <==      Total: 0
11:47:46.582 [pool-2-thread-1] INFO  com.dfyy.framework.shiro.web.session.OnlineWebSessionManager - invalidation sessions...
11:47:46.585 [pool-2-thread-1] DEBUG com.dfyy.project.monitor.online.dao.IUserOnlineDao.selectOnlineByExpired - ==>  Preparing: SELECT * FROM sys_user_online o WHERE o.last_access_time <= ? ORDER BY o.last_access_time ASC 
11:47:46.586 [pool-2-thread-1] DEBUG com.dfyy.project.monitor.online.dao.IUserOnlineDao.selectOnlineByExpired - ==> Parameters: 2018-11-19 11:17:46(String)
11:47:46.619 [pool-2-thread-1] DEBUG com.dfyy.project.monitor.online.dao.IUserOnlineDao.selectOnlineByExpired - <==      Total: 0
11:47:46.620 [pool-2-thread-1] INFO  com.dfyy.framework.shiro.web.session.OnlineWebSessionManager - Finished invalidation session. No sessions were stopped.
11:49:45.065 [http-nio-8085-exec-1] DEBUG com.dfyy.project.module.relationship.dao.IRelationshipDao.selectRelationshipList - ==>  Preparing: select id, user_number , user_id , type , name , open_id , user_name , phone_number , user_url from user_relationship WHERE open_id = ? 
11:49:45.066 [http-nio-8085-exec-1] DEBUG com.dfyy.project.module.relationship.dao.IRelationshipDao.selectRelationshipList - ==> Parameters: oabDM4gm-mFUeIpScTnX0dJEAuyw(String)
11:49:45.129 [http-nio-8085-exec-1] DEBUG com.dfyy.project.module.relationship.dao.IRelationshipDao.selectRelationshipList - <==      Total: 1
11:49:45.150 [http-nio-8085-exec-4] DEBUG com.dfyy.project.module.user.dao.IAppUserDao.selectMemberList - ==>  Preparing: SELECT u.avatarUrl,u.username,u.user_type,u.grade,IFNULL(u.advance,0.00) AS advance ,IFNULL(u.revenue,0.00) AS revenue FROM t_user u WHERE u.id=? 
11:49:45.152 [http-nio-8085-exec-4] DEBUG com.dfyy.project.module.user.dao.IAppUserDao.selectMemberList - ==> Parameters: 77(Integer)
11:49:45.184 [http-nio-8085-exec-4] DEBUG com.dfyy.project.module.user.dao.IAppUserDao.selectMemberList - <==      Total: 1
11:49:45.186 [http-nio-8085-exec-4] DEBUG com.dfyy.project.module.user.dao.IAppUserDao.selectRevenue - ==>  Preparing: SELECT IFNULL(SUM(extract_money),0) AS revenue FROM profitdetails WHERE recommend_id = ? 
11:49:45.187 [http-nio-8085-exec-4] DEBUG com.dfyy.project.module.user.dao.IAppUserDao.selectRevenue - ==> Parameters: 77(Integer)
11:49:45.219 [http-nio-8085-exec-4] DEBUG com.dfyy.project.module.user.dao.IAppUserDao.selectRevenue - <==      Total: 1
11:49:45.240 [http-nio-8085-exec-7] DEBUG com.dfyy.project.module.user.dao.IAppUserDao.selectMemberList - ==>  Preparing: SELECT u.avatarUrl,u.username,u.user_type,u.grade,IFNULL(u.advance,0.00) AS advance ,IFNULL(u.revenue,0.00) AS revenue FROM t_user u WHERE u.id=? 
11:49:45.241 [http-nio-8085-exec-7] DEBUG com.dfyy.project.module.user.dao.IAppUserDao.selectMemberList - ==> Parameters: 77(Integer)
11:49:45.273 [http-nio-8085-exec-7] DEBUG com.dfyy.project.module.user.dao.IAppUserDao.selectMemberList - <==      Total: 1
11:49:45.275 [http-nio-8085-exec-7] DEBUG com.dfyy.project.module.user.dao.IAppUserDao.selectRevenue - ==>  Preparing: SELECT IFNULL(SUM(extract_money),0) AS revenue FROM profitdetails WHERE recommend_id = ? 
11:49:45.276 [http-nio-8085-exec-7] DEBUG com.dfyy.project.module.user.dao.IAppUserDao.selectRevenue - ==> Parameters: 77(Integer)
11:49:45.308 [http-nio-8085-exec-7] DEBUG com.dfyy.project.module.user.dao.IAppUserDao.selectRevenue - <==      Total: 1
11:57:46.584 [pool-2-thread-1] INFO  com.dfyy.framework.shiro.web.session.OnlineWebSessionManager - invalidation sessions...
11:57:46.587 [pool-2-thread-1] DEBUG com.dfyy.project.monitor.online.dao.IUserOnlineDao.selectOnlineByExpired - ==>  Preparing: SELECT * FROM sys_user_online o WHERE o.last_access_time <= ? ORDER BY o.last_access_time ASC 
11:57:46.588 [pool-2-thread-1] DEBUG com.dfyy.project.monitor.online.dao.IUserOnlineDao.selectOnlineByExpired - ==> Parameters: 2018-11-19 11:27:46(String)
11:57:46.651 [pool-2-thread-1] DEBUG com.dfyy.project.monitor.online.dao.IUserOnlineDao.selectOnlineByExpired - <==      Total: 0
11:57:46.652 [pool-2-thread-1] INFO  com.dfyy.framework.shiro.web.session.OnlineWebSessionManager - Finished invalidation session. No sessions were stopped.
