13:58:33.820 [main] INFO  com.dfyy.DfyyiApplication - Starting DfyyiApplication on shijieX with PID 8528 (E:\workspaces\dfyy\target\classes started by Administrator in E:\workspaces\dfyy)
13:58:33.830 [main] DEBUG com.dfyy.DfyyiApplication - Running with Spring Boot v1.5.10.RELEASE, Spring v4.3.14.RELEASE
13:58:33.830 [main] INFO  com.dfyy.DfyyiApplication - The following profiles are active: druid
13:58:34.177 [background-preinit] INFO  org.hibernate.validator.internal.util.Version - HV000001: Hibernate Validator 5.3.6.Final
13:58:38.270 [main] INFO  org.apache.shiro.cache.ehcache.EhCacheManager - Cache with name 'com.dfyy.framework.shiro.realm.UserRealm.authorizationCache' does not yet exist.  Creating now.
13:58:38.280 [main] INFO  org.apache.shiro.cache.ehcache.EhCacheManager - Added EhCache named [com.dfyy.framework.shiro.realm.UserRealm.authorizationCache]
13:58:40.669 [main] INFO  com.alibaba.druid.pool.DruidDataSource - {dataSource-1} inited
13:58:42.080 [main] INFO  org.apache.shiro.cache.ehcache.EhCacheManager - Using existing EHCache named [loginRecordCache]
13:58:43.212 [main] INFO  org.apache.catalina.core.StandardService - Starting service [Tomcat]
13:58:43.222 [main] INFO  org.apache.catalina.core.StandardEngine - Starting Servlet Engine: Apache Tomcat/8.5.27
13:58:43.383 [localhost-startStop-1] INFO  org.apache.catalina.core.ContainerBase.[Tomcat].[localhost].[/] - Initializing Spring embedded WebApplicationContext
13:58:46.657 [main] INFO  org.quartz.impl.StdSchedulerFactory - Using default implementation for ThreadExecutor
13:58:46.749 [main] INFO  org.quartz.core.SchedulerSignalerImpl - Initialized Scheduler Signaller of type: class org.quartz.core.SchedulerSignalerImpl
13:58:46.749 [main] INFO  org.quartz.core.QuartzScheduler - Quartz Scheduler v.2.3.0 created.
13:58:46.759 [main] INFO  org.quartz.core.QuartzScheduler - Scheduler meta-data: Quartz Scheduler (v2.3.0) 'dfyyScheduler' with instanceId 'shijieX1544075926657'
  Scheduler class: 'org.quartz.core.QuartzScheduler' - running locally.
  NOT STARTED.
  Currently in standby mode.
  Number of jobs executed: 0
  Using thread pool 'org.quartz.simpl.SimpleThreadPool' - with 20 threads.
  Using job-store 'org.springframework.scheduling.quartz.LocalDataSourceJobStore' - which supports persistence. and is clustered.

13:58:46.759 [main] INFO  org.quartz.impl.StdSchedulerFactory - Quartz scheduler 'dfyyScheduler' initialized from an externally provided properties instance.
13:58:46.759 [main] INFO  org.quartz.impl.StdSchedulerFactory - Quartz scheduler version: 2.3.0
13:58:46.769 [main] INFO  org.quartz.core.QuartzScheduler - JobFactory set to: org.springframework.scheduling.quartz.AdaptableJobFactory@21e702b8
13:58:46.891 [main] DEBUG com.dfyy.project.monitor.job.dao.IJobDao.selectJobAll - ==>  Preparing: SELECT job_id, job_name, job_group, method_name, params, cron_expression, status, create_by, create_time FROM sys_job 
13:58:47.115 [main] DEBUG com.dfyy.project.monitor.job.dao.IJobDao.selectJobAll - ==> Parameters: 
13:58:47.175 [main] DEBUG com.dfyy.project.monitor.job.dao.IJobDao.selectJobAll - <==      Total: 1
13:58:50.487 [main] WARN  org.thymeleaf.templatemode.TemplateMode - [THYMELEAF][main] Template Mode 'LEGACYHTML5' is deprecated. Using Template Mode 'HTML' instead.
13:58:52.178 [main] INFO  org.apache.coyote.http11.Http11NioProtocol - Initializing ProtocolHandler ["http-nio-8085"]
13:58:52.198 [main] INFO  org.apache.coyote.http11.Http11NioProtocol - Starting ProtocolHandler ["http-nio-8085"]
13:58:52.239 [main] INFO  org.apache.tomcat.util.net.NioSelectorPool - Using a shared selector for servlet write/read
13:58:52.269 [main] INFO  com.dfyy.DfyyiApplication - Started DfyyiApplication in 18.83 seconds (JVM running for 20.213)
13:58:53.389 [Quartz Scheduler [dfyyScheduler]] INFO  org.quartz.core.QuartzScheduler - Scheduler dfyyScheduler_$_shijieX1544075926657 started.
13:59:00.019 [pool-3-thread-1] DEBUG com.dfyy.project.module.activity.dao.IActivityDao.selectId - ==>  Preparing: select id from t_activity WHERE DATE_FORMAT(registration_start, '%Y-%m-%d %H:%i') = ? LIMIT 1 
13:59:00.026 [pool-3-thread-1] DEBUG com.dfyy.project.module.activity.dao.IActivityDao.selectId - ==> Parameters: 2018-12-06 13:59(String)
13:59:00.078 [pool-3-thread-1] DEBUG com.dfyy.project.module.activity.dao.IActivityDao.selectId - <==      Total: 0
13:59:00.079 [pool-3-thread-1] DEBUG com.dfyy.project.module.activity.dao.IActivityDao.selectId2 - ==>  Preparing: select id from t_activity WHERE DATE_FORMAT(registration_end, '%Y-%m-%d %H:%i') = ? LIMIT 1 
13:59:00.080 [pool-3-thread-1] DEBUG com.dfyy.project.module.activity.dao.IActivityDao.selectId2 - ==> Parameters: 2018-12-06 13:59(String)
13:59:00.105 [pool-3-thread-1] DEBUG com.dfyy.project.module.activity.dao.IActivityDao.selectId2 - <==      Total: 0
13:59:00.106 [pool-3-thread-1] DEBUG com.dfyy.project.module.activity.dao.IActivityDao.selectId3 - ==>  Preparing: select id from t_activity WHERE DATE_FORMAT(activity_time, '%Y-%m-%d %H:%i') = ? LIMIT 1 
13:59:00.107 [pool-3-thread-1] DEBUG com.dfyy.project.module.activity.dao.IActivityDao.selectId3 - ==> Parameters: 2018-12-06 13:59(String)
13:59:00.134 [pool-3-thread-1] DEBUG com.dfyy.project.module.activity.dao.IActivityDao.selectId3 - <==      Total: 0
14:00:00.003 [pool-3-thread-1] DEBUG com.dfyy.project.module.activity.dao.IActivityDao.selectId - ==>  Preparing: select id from t_activity WHERE DATE_FORMAT(registration_start, '%Y-%m-%d %H:%i') = ? LIMIT 1 
14:00:00.005 [pool-3-thread-1] DEBUG com.dfyy.project.module.activity.dao.IActivityDao.selectId - ==> Parameters: 2018-12-06 14:00(String)
14:00:00.025 [pool-3-thread-1] DEBUG com.dfyy.project.module.activity.dao.IActivityDao.selectId - <==      Total: 0
14:00:00.028 [pool-3-thread-1] DEBUG com.dfyy.project.module.activity.dao.IActivityDao.selectId2 - ==>  Preparing: select id from t_activity WHERE DATE_FORMAT(registration_end, '%Y-%m-%d %H:%i') = ? LIMIT 1 
14:00:00.030 [pool-3-thread-1] DEBUG com.dfyy.project.module.activity.dao.IActivityDao.selectId2 - ==> Parameters: 2018-12-06 14:00(String)
14:00:00.050 [pool-3-thread-1] DEBUG com.dfyy.project.module.activity.dao.IActivityDao.selectId2 - <==      Total: 0
14:00:00.052 [pool-3-thread-1] DEBUG com.dfyy.project.module.activity.dao.IActivityDao.selectId3 - ==>  Preparing: select id from t_activity WHERE DATE_FORMAT(activity_time, '%Y-%m-%d %H:%i') = ? LIMIT 1 
14:00:00.054 [pool-3-thread-1] DEBUG com.dfyy.project.module.activity.dao.IActivityDao.selectId3 - ==> Parameters: 2018-12-06 14:00(String)
14:00:00.073 [pool-3-thread-1] DEBUG com.dfyy.project.module.activity.dao.IActivityDao.selectId3 - <==      Total: 0
14:00:00.077 [pool-3-thread-1] DEBUG com.dfyy.project.module.activity.dao.IActivityDao.selectActivityEndByTime - ==>  Preparing: SELECT ta.id, tu.username, tu.phone_number, tae.money_status, ta.activity_name, ta.place, DATE_FORMAT( ta.activity_time, '%Y-%m-%d' ) activity_time, DATE_FORMAT( ta.registration_start, '%Y-%m-%d' ) registration_start, DATE_FORMAT( ta.registration_end, '%Y-%m-%d' ) registration_end FROM t_activity ta LEFT JOIN t_activity_enroll tae ON ta.id = tae.activity_id LEFT JOIN t_user tu ON tae.user_id = tu.id WHERE DATE_FORMAT(ta.registration_end, '%Y-%m-%d %H') = ? LIMIT 1 
14:00:00.081 [pool-3-thread-1] DEBUG com.dfyy.project.module.activity.dao.IActivityDao.selectActivityEndByTime - ==> Parameters: 2018-12-07 14(String)
14:00:00.101 [pool-3-thread-1] DEBUG com.dfyy.project.module.activity.dao.IActivityDao.selectActivityEndByTime - <==      Total: 0
14:00:00.104 [pool-3-thread-1] DEBUG com.dfyy.project.module.activity.dao.IActivityDao.selectActivitySucceedByTime - ==>  Preparing: SELECT ta.id, tu.username, tu.phone_number, tae.money_status, ta.activity_name, ta.place, DATE_FORMAT( ta.activity_time, '%Y-%m-%d' ) activity_time, DATE_FORMAT( ta.registration_start, '%Y-%m-%d' ) registration_start, DATE_FORMAT( ta.registration_end, '%Y-%m-%d' ) registration_end FROM t_activity ta LEFT JOIN t_activity_enroll tae ON ta.id = tae.activity_id LEFT JOIN t_user tu ON tae.user_id = tu.id WHERE DATE_FORMAT(ta.activity_time, '%Y-%m-%d %H') = ? LIMIT 1 
14:00:00.108 [pool-3-thread-1] DEBUG com.dfyy.project.module.activity.dao.IActivityDao.selectActivitySucceedByTime - ==> Parameters: 2018-12-07 14(String)
14:00:00.128 [pool-3-thread-1] DEBUG com.dfyy.project.module.activity.dao.IActivityDao.selectActivitySucceedByTime - <==      Total: 0
14:01:00.004 [pool-3-thread-1] DEBUG com.dfyy.project.module.activity.dao.IActivityDao.selectId - ==>  Preparing: select id from t_activity WHERE DATE_FORMAT(registration_start, '%Y-%m-%d %H:%i') = ? LIMIT 1 
14:01:00.005 [pool-3-thread-1] DEBUG com.dfyy.project.module.activity.dao.IActivityDao.selectId - ==> Parameters: 2018-12-06 14:01(String)
14:01:00.025 [pool-3-thread-1] DEBUG com.dfyy.project.module.activity.dao.IActivityDao.selectId - <==      Total: 0
14:01:00.028 [pool-3-thread-1] DEBUG com.dfyy.project.module.activity.dao.IActivityDao.selectId2 - ==>  Preparing: select id from t_activity WHERE DATE_FORMAT(registration_end, '%Y-%m-%d %H:%i') = ? LIMIT 1 
14:01:00.029 [pool-3-thread-1] DEBUG com.dfyy.project.module.activity.dao.IActivityDao.selectId2 - ==> Parameters: 2018-12-06 14:01(String)
14:01:00.048 [pool-3-thread-1] DEBUG com.dfyy.project.module.activity.dao.IActivityDao.selectId2 - <==      Total: 0
14:01:00.051 [pool-3-thread-1] DEBUG com.dfyy.project.module.activity.dao.IActivityDao.selectId3 - ==>  Preparing: select id from t_activity WHERE DATE_FORMAT(activity_time, '%Y-%m-%d %H:%i') = ? LIMIT 1 
14:01:00.052 [pool-3-thread-1] DEBUG com.dfyy.project.module.activity.dao.IActivityDao.selectId3 - ==> Parameters: 2018-12-06 14:01(String)
14:01:00.072 [pool-3-thread-1] DEBUG com.dfyy.project.module.activity.dao.IActivityDao.selectId3 - <==      Total: 0
14:02:00.001 [pool-3-thread-1] DEBUG com.dfyy.project.module.activity.dao.IActivityDao.selectId - ==>  Preparing: select id from t_activity WHERE DATE_FORMAT(registration_start, '%Y-%m-%d %H:%i') = ? LIMIT 1 
14:02:00.002 [pool-3-thread-1] DEBUG com.dfyy.project.module.activity.dao.IActivityDao.selectId - ==> Parameters: 2018-12-06 14:02(String)
14:02:00.038 [pool-3-thread-1] DEBUG com.dfyy.project.module.activity.dao.IActivityDao.selectId - <==      Total: 0
14:02:00.039 [pool-3-thread-1] DEBUG com.dfyy.project.module.activity.dao.IActivityDao.selectId2 - ==>  Preparing: select id from t_activity WHERE DATE_FORMAT(registration_end, '%Y-%m-%d %H:%i') = ? LIMIT 1 
14:02:00.039 [pool-3-thread-1] DEBUG com.dfyy.project.module.activity.dao.IActivityDao.selectId2 - ==> Parameters: 2018-12-06 14:02(String)
14:02:00.058 [pool-3-thread-1] DEBUG com.dfyy.project.module.activity.dao.IActivityDao.selectId2 - <==      Total: 0
14:02:00.059 [pool-3-thread-1] DEBUG com.dfyy.project.module.activity.dao.IActivityDao.selectId3 - ==>  Preparing: select id from t_activity WHERE DATE_FORMAT(activity_time, '%Y-%m-%d %H:%i') = ? LIMIT 1 
14:02:00.059 [pool-3-thread-1] DEBUG com.dfyy.project.module.activity.dao.IActivityDao.selectId3 - ==> Parameters: 2018-12-06 14:02(String)
14:02:00.078 [pool-3-thread-1] DEBUG com.dfyy.project.module.activity.dao.IActivityDao.selectId3 - <==      Total: 0
14:02:01.209 [http-nio-8085-exec-1] INFO  org.apache.catalina.core.ContainerBase.[Tomcat].[localhost].[/] - Initializing Spring FrameworkServlet 'dispatcherServlet'
14:02:01.279 [http-nio-8085-exec-1] INFO  org.apache.shiro.session.mgt.AbstractValidatingSessionManager - Enabling session validation scheduler...
14:02:01.280 [http-nio-8085-exec-1] DEBUG com.dfyy.framework.shiro.web.session.SpringSessionValidationScheduler - Scheduling session validation job using Spring Scheduler with session validation interval of [600000]ms...
14:02:01.280 [http-nio-8085-exec-1] DEBUG com.dfyy.framework.shiro.web.session.SpringSessionValidationScheduler - Session validation job successfully scheduled with Spring Scheduler.
14:02:01.306 [http-nio-8085-exec-1] INFO  org.apache.shiro.cache.ehcache.EhCacheManager - Using existing EHCache named [shiro-activeSessionCache]
14:02:02.281 [pool-2-thread-1] INFO  com.dfyy.framework.shiro.web.session.OnlineWebSessionManager - invalidation sessions...
14:02:02.293 [pool-2-thread-1] DEBUG com.dfyy.project.monitor.online.dao.IUserOnlineDao.selectOnlineByExpired - ==>  Preparing: SELECT * FROM sys_user_online o WHERE o.last_access_time <= ? ORDER BY o.last_access_time ASC 
14:02:02.296 [pool-2-thread-1] DEBUG com.dfyy.project.monitor.online.dao.IUserOnlineDao.selectOnlineByExpired - ==> Parameters: 2018-12-06 13:32:02(String)
14:02:02.319 [pool-2-thread-1] DEBUG com.dfyy.project.monitor.online.dao.IUserOnlineDao.selectOnlineByExpired - <==      Total: 0
14:02:02.321 [pool-2-thread-1] INFO  com.dfyy.framework.shiro.web.session.OnlineWebSessionManager - Finished invalidation session. No sessions were stopped.
14:02:11.564 [http-nio-8085-exec-7] DEBUG com.dfyy.project.system.user.dao.IUserDao.selectUserByName - ==>  Preparing: select u.user_id, u.dept_id,u.user_number,u.branch_id, u.login_name, u.user_name, u.email, u.phonenumber, u.sex, u.avatar, u.password, u.salt, u.status, u.refuse_des, u.create_time, d.dept_id, d.parent_id, d.dept_name, d.order_num, d.status as dept_status from sys_user u left join sys_dept d on u.dept_id = d.dept_id left join sys_user_role ur on u.user_id = ur.user_id where u.login_name = ? 
14:02:11.575 [http-nio-8085-exec-7] DEBUG com.dfyy.project.system.user.dao.IUserDao.selectUserByName - ==> Parameters: admin(String)
14:02:11.590 [http-nio-8085-exec-5] INFO  sys-user - [0:0:0:0:0:0:0:1][][Error][* 必须填写]
14:02:11.597 [http-nio-8085-exec-7] DEBUG com.dfyy.project.system.user.dao.IUserDao.selectUserByName - <==      Total: 1
14:02:11.603 [http-nio-8085-exec-7] INFO  sys-user - [0:0:0:0:0:0:0:1][admin][Success][登录成功]
14:02:11.604 [http-nio-8085-exec-7] DEBUG com.dfyy.project.monitor.logininfor.dao.ILogininforDao.insertLogininfor - ==>  Preparing: insert into sys_logininfor (login_name, status, ipaddr, browser, os, msg) values (?, ?, ?, ?, ?, ?) 
14:02:11.605 [http-nio-8085-exec-7] DEBUG com.dfyy.project.monitor.logininfor.dao.ILogininforDao.insertLogininfor - ==> Parameters: admin(String), 0(String), 0:0:0:0:0:0:0:1(String), Chrome(String), Windows 7(String), 登录成功(String)
14:02:11.619 [http-nio-8085-exec-5] DEBUG com.dfyy.project.monitor.logininfor.dao.ILogininforDao.insertLogininfor - ==>  Preparing: insert into sys_logininfor (login_name, status, ipaddr, browser, os, msg) values (?, ?, ?, ?, ?, ?) 
14:02:11.620 [http-nio-8085-exec-5] DEBUG com.dfyy.project.monitor.logininfor.dao.ILogininforDao.insertLogininfor - ==> Parameters: null, 1(String), 0:0:0:0:0:0:0:1(String), Chrome(String), Windows 7(String), * 必须填写(String)
14:02:11.625 [http-nio-8085-exec-7] DEBUG com.dfyy.project.monitor.logininfor.dao.ILogininforDao.insertLogininfor - <==    Updates: 1
14:02:11.646 [http-nio-8085-exec-5] DEBUG com.dfyy.project.monitor.logininfor.dao.ILogininforDao.insertLogininfor - <==    Updates: 1
14:02:12.700 [http-nio-8085-exec-10] DEBUG com.dfyy.project.system.menu.dao.IMenuDao.selectMenusByUserId - ==>  Preparing: select distinct m.menu_id, m.parent_id, m.menu_name, m.url, m.perms , m.menu_type, m.icon, m.order_num, m.create_time from sys_menu m left join sys_role_menu rm on m.menu_id = rm.menu_id left join sys_user_role ur on rm.role_id = ur.role_id where ur.user_id = ? and m.menu_type in ('M', 'C') and m.visible = 0 order by m.order_num 
14:02:12.704 [http-nio-8085-exec-10] DEBUG com.dfyy.project.system.menu.dao.IMenuDao.selectMenusByUserId - ==> Parameters: 1(Long)
14:02:12.750 [http-nio-8085-exec-10] DEBUG com.dfyy.project.system.menu.dao.IMenuDao.selectMenusByUserId - <==      Total: 64
14:02:13.648 [http-nio-8085-exec-7] DEBUG com.dfyy.project.monitor.online.dao.IUserOnlineDao.saveOnline - ==>  Preparing: replace into sys_user_online(sessionId, login_name, dept_name, ipaddr, browser, os, status, start_timestsamp, last_access_time, expire_time) values (?, ?, ?, ?, ?, ?, ?, ?, ?, ?) 
14:02:13.675 [http-nio-8085-exec-7] DEBUG com.dfyy.project.monitor.online.dao.IUserOnlineDao.saveOnline - ==> Parameters: 6dd08b82-aef9-4cd8-860e-a271e89aaaf1(String), admin(String), 东方易元(String), 0:0:0:0:0:0:0:1(String), Chrome(String), Windows 7(String), on_line(String), 2018-12-06 14:02:01.292(Timestamp), 2018-12-06 14:02:13.642(Timestamp), 1800000(Long)
14:02:13.707 [http-nio-8085-exec-7] DEBUG com.dfyy.project.monitor.online.dao.IUserOnlineDao.saveOnline - <==    Updates: 1
14:02:20.301 [http-nio-8085-exec-1] DEBUG com.dfyy.project.system.role.dao.IRoleDao.selectRolesByUserId - ==>  Preparing: SELECT r.role_id, r.role_name, r.role_key FROM sys_user u LEFT JOIN sys_user_role ur ON u.user_id = ur.user_id LEFT JOIN sys_role r ON ur.role_id = r.role_id WHERE ur.user_id = ? 
14:02:20.303 [http-nio-8085-exec-1] DEBUG com.dfyy.project.system.role.dao.IRoleDao.selectRolesByUserId - ==> Parameters: 1(Long)
14:02:20.329 [http-nio-8085-exec-1] DEBUG com.dfyy.project.system.role.dao.IRoleDao.selectRolesByUserId - <==      Total: 1
14:02:20.331 [http-nio-8085-exec-1] DEBUG com.dfyy.project.system.menu.dao.IMenuDao.selectPermsByUserId - ==>  Preparing: select distinct m.perms from sys_menu m left join sys_role_menu rm on m.menu_id = rm.menu_id left join sys_user_role ur on rm.role_id = ur.role_id where ur.user_id = ? 
14:02:20.332 [http-nio-8085-exec-1] DEBUG com.dfyy.project.system.menu.dao.IMenuDao.selectPermsByUserId - ==> Parameters: 1(Long)
14:02:20.361 [http-nio-8085-exec-1] DEBUG com.dfyy.project.system.menu.dao.IMenuDao.selectPermsByUserId - <==      Total: 226
14:02:20.367 [http-nio-8085-exec-1] DEBUG com.dfyy.project.module.profitdetails.dao.IProfitdetailsDao.selectSumMoney - ==>  Preparing: SELECT SUM(extract_money) sumMoney, IFNULL(( SELECT SUM(extract_money) FROM profitdetails WHERE `status` = 1 ),0) AS haveSumMoney FROM profitdetails 
14:02:20.368 [http-nio-8085-exec-1] DEBUG com.dfyy.project.module.profitdetails.dao.IProfitdetailsDao.selectSumMoney - ==> Parameters: 
14:02:20.394 [http-nio-8085-exec-1] DEBUG com.dfyy.project.module.profitdetails.dao.IProfitdetailsDao.selectSumMoney - <==      Total: 1
14:02:21.494 [http-nio-8085-exec-1] DEBUG c.d.p.module.profitdetails.dao.IProfitdetailsDao.selectProfitdetailsListM_COUNT - ==>  Preparing: SELECT count(0) FROM profitdetails p, t_user u WHERE p.recommend_id = u.id 
14:02:21.495 [http-nio-8085-exec-1] DEBUG c.d.p.module.profitdetails.dao.IProfitdetailsDao.selectProfitdetailsListM_COUNT - ==> Parameters: 
14:02:21.521 [http-nio-8085-exec-1] DEBUG c.d.p.module.profitdetails.dao.IProfitdetailsDao.selectProfitdetailsListM_COUNT - <==      Total: 1
14:02:21.523 [http-nio-8085-exec-1] DEBUG c.d.project.module.profitdetails.dao.IProfitdetailsDao.selectProfitdetailsListM - ==>  Preparing: SELECT p.profitdetails_id, p.number,p.recommend_id,u.username,u.number AS userNumber,u.phone_number,u.grade, p.extract_money,p.create_time,p.`status`,p.type FROM profitdetails p,t_user u WHERE p.recommend_id = u.id ORDER BY p.profitdetails_id DESC LIMIT ? 
14:02:21.524 [http-nio-8085-exec-1] DEBUG c.d.project.module.profitdetails.dao.IProfitdetailsDao.selectProfitdetailsListM - ==> Parameters: 10(Integer)
14:02:21.552 [http-nio-8085-exec-1] DEBUG c.d.project.module.profitdetails.dao.IProfitdetailsDao.selectProfitdetailsListM - <==      Total: 10
14:03:00.001 [pool-3-thread-1] DEBUG com.dfyy.project.module.activity.dao.IActivityDao.selectId - ==>  Preparing: select id from t_activity WHERE DATE_FORMAT(registration_start, '%Y-%m-%d %H:%i') = ? LIMIT 1 
14:03:00.002 [pool-3-thread-1] DEBUG com.dfyy.project.module.activity.dao.IActivityDao.selectId - ==> Parameters: 2018-12-06 14:03(String)
14:03:00.027 [pool-3-thread-1] DEBUG com.dfyy.project.module.activity.dao.IActivityDao.selectId - <==      Total: 0
14:03:00.029 [pool-3-thread-1] DEBUG com.dfyy.project.module.activity.dao.IActivityDao.selectId2 - ==>  Preparing: select id from t_activity WHERE DATE_FORMAT(registration_end, '%Y-%m-%d %H:%i') = ? LIMIT 1 
14:03:00.030 [pool-3-thread-1] DEBUG com.dfyy.project.module.activity.dao.IActivityDao.selectId2 - ==> Parameters: 2018-12-06 14:03(String)
14:03:00.056 [pool-3-thread-1] DEBUG com.dfyy.project.module.activity.dao.IActivityDao.selectId2 - <==      Total: 0
14:03:00.058 [pool-3-thread-1] DEBUG com.dfyy.project.module.activity.dao.IActivityDao.selectId3 - ==>  Preparing: select id from t_activity WHERE DATE_FORMAT(activity_time, '%Y-%m-%d %H:%i') = ? LIMIT 1 
14:03:00.059 [pool-3-thread-1] DEBUG com.dfyy.project.module.activity.dao.IActivityDao.selectId3 - ==> Parameters: 2018-12-06 14:03(String)
14:03:00.085 [pool-3-thread-1] DEBUG com.dfyy.project.module.activity.dao.IActivityDao.selectId3 - <==      Total: 0
14:04:00.004 [pool-3-thread-1] DEBUG com.dfyy.project.module.activity.dao.IActivityDao.selectId - ==>  Preparing: select id from t_activity WHERE DATE_FORMAT(registration_start, '%Y-%m-%d %H:%i') = ? LIMIT 1 
14:04:00.005 [pool-3-thread-1] DEBUG com.dfyy.project.module.activity.dao.IActivityDao.selectId - ==> Parameters: 2018-12-06 14:04(String)
14:04:00.032 [pool-3-thread-1] DEBUG com.dfyy.project.module.activity.dao.IActivityDao.selectId - <==      Total: 0
14:04:00.035 [pool-3-thread-1] DEBUG com.dfyy.project.module.activity.dao.IActivityDao.selectId2 - ==>  Preparing: select id from t_activity WHERE DATE_FORMAT(registration_end, '%Y-%m-%d %H:%i') = ? LIMIT 1 
14:04:00.035 [pool-3-thread-1] DEBUG com.dfyy.project.module.activity.dao.IActivityDao.selectId2 - ==> Parameters: 2018-12-06 14:04(String)
14:04:00.061 [pool-3-thread-1] DEBUG com.dfyy.project.module.activity.dao.IActivityDao.selectId2 - <==      Total: 0
14:04:00.062 [pool-3-thread-1] DEBUG com.dfyy.project.module.activity.dao.IActivityDao.selectId3 - ==>  Preparing: select id from t_activity WHERE DATE_FORMAT(activity_time, '%Y-%m-%d %H:%i') = ? LIMIT 1 
14:04:00.062 [pool-3-thread-1] DEBUG com.dfyy.project.module.activity.dao.IActivityDao.selectId3 - ==> Parameters: 2018-12-06 14:04(String)
14:04:00.088 [pool-3-thread-1] DEBUG com.dfyy.project.module.activity.dao.IActivityDao.selectId3 - <==      Total: 0
14:04:47.343 [main] INFO  com.dfyy.DfyyiApplication - Starting DfyyiApplication on shijieX with PID 11540 (E:\workspaces\dfyy\target\classes started by Administrator in E:\workspaces\dfyy)
14:04:47.348 [main] DEBUG com.dfyy.DfyyiApplication - Running with Spring Boot v1.5.10.RELEASE, Spring v4.3.14.RELEASE
14:04:47.348 [main] INFO  com.dfyy.DfyyiApplication - The following profiles are active: druid
14:04:47.611 [background-preinit] INFO  org.hibernate.validator.internal.util.Version - HV000001: Hibernate Validator 5.3.6.Final
14:04:49.735 [main] INFO  org.apache.shiro.cache.ehcache.EhCacheManager - Cache with name 'com.dfyy.framework.shiro.realm.UserRealm.authorizationCache' does not yet exist.  Creating now.
14:04:49.736 [main] INFO  org.apache.shiro.cache.ehcache.EhCacheManager - Added EhCache named [com.dfyy.framework.shiro.realm.UserRealm.authorizationCache]
14:04:50.959 [main] INFO  com.alibaba.druid.pool.DruidDataSource - {dataSource-1} inited
14:04:51.798 [main] INFO  org.apache.shiro.cache.ehcache.EhCacheManager - Using existing EHCache named [loginRecordCache]
14:04:52.842 [main] INFO  org.apache.catalina.core.StandardService - Starting service [Tomcat]
14:04:52.843 [main] INFO  org.apache.catalina.core.StandardEngine - Starting Servlet Engine: Apache Tomcat/8.5.27
14:04:52.964 [localhost-startStop-1] INFO  org.apache.catalina.core.ContainerBase.[Tomcat].[localhost].[/] - Initializing Spring embedded WebApplicationContext
14:04:56.339 [main] INFO  org.quartz.impl.StdSchedulerFactory - Using default implementation for ThreadExecutor
14:04:56.360 [main] INFO  org.quartz.core.SchedulerSignalerImpl - Initialized Scheduler Signaller of type: class org.quartz.core.SchedulerSignalerImpl
14:04:56.361 [main] INFO  org.quartz.core.QuartzScheduler - Quartz Scheduler v.2.3.0 created.
14:04:56.379 [main] INFO  org.quartz.core.QuartzScheduler - Scheduler meta-data: Quartz Scheduler (v2.3.0) 'dfyyScheduler' with instanceId 'shijieX1544076296341'
  Scheduler class: 'org.quartz.core.QuartzScheduler' - running locally.
  NOT STARTED.
  Currently in standby mode.
  Number of jobs executed: 0
  Using thread pool 'org.quartz.simpl.SimpleThreadPool' - with 20 threads.
  Using job-store 'org.springframework.scheduling.quartz.LocalDataSourceJobStore' - which supports persistence. and is clustered.

14:04:56.379 [main] INFO  org.quartz.impl.StdSchedulerFactory - Quartz scheduler 'dfyyScheduler' initialized from an externally provided properties instance.
14:04:56.379 [main] INFO  org.quartz.impl.StdSchedulerFactory - Quartz scheduler version: 2.3.0
14:04:56.382 [main] INFO  org.quartz.core.QuartzScheduler - JobFactory set to: org.springframework.scheduling.quartz.AdaptableJobFactory@75aa7703
14:04:56.472 [main] DEBUG com.dfyy.project.monitor.job.dao.IJobDao.selectJobAll - ==>  Preparing: SELECT job_id, job_name, job_group, method_name, params, cron_expression, status, create_by, create_time FROM sys_job 
14:04:56.582 [main] DEBUG com.dfyy.project.monitor.job.dao.IJobDao.selectJobAll - ==> Parameters: 
14:04:56.637 [main] DEBUG com.dfyy.project.monitor.job.dao.IJobDao.selectJobAll - <==      Total: 1
14:05:00.500 [main] WARN  org.thymeleaf.templatemode.TemplateMode - [THYMELEAF][main] Template Mode 'LEGACYHTML5' is deprecated. Using Template Mode 'HTML' instead.
14:05:02.272 [main] INFO  org.apache.coyote.http11.Http11NioProtocol - Initializing ProtocolHandler ["http-nio-8085"]
14:05:02.290 [main] INFO  org.apache.coyote.http11.Http11NioProtocol - Starting ProtocolHandler ["http-nio-8085"]
14:05:02.301 [main] INFO  org.apache.tomcat.util.net.NioSelectorPool - Using a shared selector for servlet write/read
14:05:02.328 [main] INFO  com.dfyy.DfyyiApplication - Started DfyyiApplication in 15.353 seconds (JVM running for 15.894)
14:05:03.717 [Quartz Scheduler [dfyyScheduler]] INFO  org.quartz.core.QuartzScheduler - Scheduler dfyyScheduler_$_shijieX1544076296341 started.
14:06:00.013 [pool-2-thread-1] DEBUG com.dfyy.project.module.activity.dao.IActivityDao.selectId - ==>  Preparing: select id from t_activity WHERE DATE_FORMAT(registration_start, '%Y-%m-%d %H:%i') = ? LIMIT 1 
14:06:00.022 [pool-2-thread-1] DEBUG com.dfyy.project.module.activity.dao.IActivityDao.selectId - ==> Parameters: 2018-12-06 14:06(String)
14:06:00.100 [pool-2-thread-1] DEBUG com.dfyy.project.module.activity.dao.IActivityDao.selectId - <==      Total: 0
14:06:00.103 [pool-2-thread-1] DEBUG com.dfyy.project.module.activity.dao.IActivityDao.selectId2 - ==>  Preparing: select id from t_activity WHERE DATE_FORMAT(registration_end, '%Y-%m-%d %H:%i') = ? LIMIT 1 
14:06:00.105 [pool-2-thread-1] DEBUG com.dfyy.project.module.activity.dao.IActivityDao.selectId2 - ==> Parameters: 2018-12-06 14:06(String)
14:06:00.145 [pool-2-thread-1] DEBUG com.dfyy.project.module.activity.dao.IActivityDao.selectId2 - <==      Total: 0
14:06:00.148 [pool-2-thread-1] DEBUG com.dfyy.project.module.activity.dao.IActivityDao.selectId3 - ==>  Preparing: select id from t_activity WHERE DATE_FORMAT(activity_time, '%Y-%m-%d %H:%i') = ? LIMIT 1 
14:06:00.151 [pool-2-thread-1] DEBUG com.dfyy.project.module.activity.dao.IActivityDao.selectId3 - ==> Parameters: 2018-12-06 14:06(String)
14:06:00.190 [pool-2-thread-1] DEBUG com.dfyy.project.module.activity.dao.IActivityDao.selectId3 - <==      Total: 0
14:07:00.003 [pool-2-thread-1] DEBUG com.dfyy.project.module.activity.dao.IActivityDao.selectId - ==>  Preparing: select id from t_activity WHERE DATE_FORMAT(registration_start, '%Y-%m-%d %H:%i') = ? LIMIT 1 
14:07:00.004 [pool-2-thread-1] DEBUG com.dfyy.project.module.activity.dao.IActivityDao.selectId - ==> Parameters: 2018-12-06 14:07(String)
14:07:00.044 [pool-2-thread-1] DEBUG com.dfyy.project.module.activity.dao.IActivityDao.selectId - <==      Total: 0
14:07:00.047 [pool-2-thread-1] DEBUG com.dfyy.project.module.activity.dao.IActivityDao.selectId2 - ==>  Preparing: select id from t_activity WHERE DATE_FORMAT(registration_end, '%Y-%m-%d %H:%i') = ? LIMIT 1 
14:07:00.048 [pool-2-thread-1] DEBUG com.dfyy.project.module.activity.dao.IActivityDao.selectId2 - ==> Parameters: 2018-12-06 14:07(String)
14:07:00.088 [pool-2-thread-1] DEBUG com.dfyy.project.module.activity.dao.IActivityDao.selectId2 - <==      Total: 0
14:07:00.091 [pool-2-thread-1] DEBUG com.dfyy.project.module.activity.dao.IActivityDao.selectId3 - ==>  Preparing: select id from t_activity WHERE DATE_FORMAT(activity_time, '%Y-%m-%d %H:%i') = ? LIMIT 1 
14:07:00.092 [pool-2-thread-1] DEBUG com.dfyy.project.module.activity.dao.IActivityDao.selectId3 - ==> Parameters: 2018-12-06 14:07(String)
14:07:00.132 [pool-2-thread-1] DEBUG com.dfyy.project.module.activity.dao.IActivityDao.selectId3 - <==      Total: 0
14:07:46.717 [http-nio-8085-exec-1] INFO  org.apache.catalina.core.ContainerBase.[Tomcat].[localhost].[/] - Initializing Spring FrameworkServlet 'dispatcherServlet'
14:07:46.766 [http-nio-8085-exec-1] INFO  org.apache.shiro.session.mgt.AbstractValidatingSessionManager - Enabling session validation scheduler...
14:07:46.766 [http-nio-8085-exec-1] DEBUG com.dfyy.framework.shiro.web.session.SpringSessionValidationScheduler - Scheduling session validation job using Spring Scheduler with session validation interval of [600000]ms...
14:07:46.767 [http-nio-8085-exec-1] DEBUG com.dfyy.framework.shiro.web.session.SpringSessionValidationScheduler - Session validation job successfully scheduled with Spring Scheduler.
14:07:46.769 [http-nio-8085-exec-1] INFO  org.apache.shiro.cache.ehcache.EhCacheManager - Using existing EHCache named [shiro-activeSessionCache]
14:07:46.771 [http-nio-8085-exec-1] DEBUG com.dfyy.project.monitor.online.dao.IUserOnlineDao.selectOnlineById - ==>  Preparing: select * from sys_user_online where sessionid = ? 
14:07:46.772 [http-nio-8085-exec-1] DEBUG com.dfyy.project.monitor.online.dao.IUserOnlineDao.selectOnlineById - ==> Parameters: 6dd08b82-aef9-4cd8-860e-a271e89aaaf1(String)
14:07:46.814 [http-nio-8085-exec-1] DEBUG com.dfyy.project.monitor.online.dao.IUserOnlineDao.selectOnlineById - <==      Total: 1
14:07:46.816 [http-nio-8085-exec-1] DEBUG com.dfyy.project.monitor.online.dao.IUserOnlineDao.selectOnlineById - ==>  Preparing: select * from sys_user_online where sessionid = ? 
14:07:46.817 [http-nio-8085-exec-1] DEBUG com.dfyy.project.monitor.online.dao.IUserOnlineDao.selectOnlineById - ==> Parameters: 6dd08b82-aef9-4cd8-860e-a271e89aaaf1(String)
14:07:46.856 [http-nio-8085-exec-1] DEBUG com.dfyy.project.monitor.online.dao.IUserOnlineDao.selectOnlineById - <==      Total: 1
14:07:46.858 [http-nio-8085-exec-1] DEBUG com.dfyy.project.monitor.online.dao.IUserOnlineDao.selectOnlineById - ==>  Preparing: select * from sys_user_online where sessionid = ? 
14:07:46.859 [http-nio-8085-exec-1] DEBUG com.dfyy.project.monitor.online.dao.IUserOnlineDao.selectOnlineById - ==> Parameters: 6dd08b82-aef9-4cd8-860e-a271e89aaaf1(String)
14:07:46.899 [http-nio-8085-exec-1] DEBUG com.dfyy.project.monitor.online.dao.IUserOnlineDao.selectOnlineById - <==      Total: 1
14:07:46.901 [http-nio-8085-exec-1] DEBUG com.dfyy.project.monitor.online.dao.IUserOnlineDao.selectOnlineById - ==>  Preparing: select * from sys_user_online where sessionid = ? 
14:07:46.901 [http-nio-8085-exec-1] DEBUG com.dfyy.project.monitor.online.dao.IUserOnlineDao.selectOnlineById - ==> Parameters: 6dd08b82-aef9-4cd8-860e-a271e89aaaf1(String)
14:07:46.943 [http-nio-8085-exec-1] DEBUG com.dfyy.project.monitor.online.dao.IUserOnlineDao.selectOnlineById - <==      Total: 1
14:07:46.944 [http-nio-8085-exec-1] DEBUG com.dfyy.project.monitor.online.dao.IUserOnlineDao.selectOnlineById - ==>  Preparing: select * from sys_user_online where sessionid = ? 
14:07:46.945 [http-nio-8085-exec-1] DEBUG com.dfyy.project.monitor.online.dao.IUserOnlineDao.selectOnlineById - ==> Parameters: 6dd08b82-aef9-4cd8-860e-a271e89aaaf1(String)
14:07:46.985 [http-nio-8085-exec-1] DEBUG com.dfyy.project.monitor.online.dao.IUserOnlineDao.selectOnlineById - <==      Total: 1
14:07:46.989 [http-nio-8085-exec-1] DEBUG com.dfyy.project.monitor.online.dao.IUserOnlineDao.selectOnlineById - ==>  Preparing: select * from sys_user_online where sessionid = ? 
14:07:46.989 [http-nio-8085-exec-1] DEBUG com.dfyy.project.monitor.online.dao.IUserOnlineDao.selectOnlineById - ==> Parameters: 6dd08b82-aef9-4cd8-860e-a271e89aaaf1(String)
14:07:47.030 [http-nio-8085-exec-1] DEBUG com.dfyy.project.monitor.online.dao.IUserOnlineDao.selectOnlineById - <==      Total: 1
14:07:47.031 [http-nio-8085-exec-1] DEBUG com.dfyy.project.monitor.online.dao.IUserOnlineDao.selectOnlineById - ==>  Preparing: select * from sys_user_online where sessionid = ? 
14:07:47.032 [http-nio-8085-exec-1] DEBUG com.dfyy.project.monitor.online.dao.IUserOnlineDao.selectOnlineById - ==> Parameters: 6dd08b82-aef9-4cd8-860e-a271e89aaaf1(String)
14:07:47.072 [http-nio-8085-exec-1] DEBUG com.dfyy.project.monitor.online.dao.IUserOnlineDao.selectOnlineById - <==      Total: 1
14:07:47.075 [http-nio-8085-exec-1] DEBUG com.dfyy.project.monitor.online.dao.IUserOnlineDao.selectOnlineById - ==>  Preparing: select * from sys_user_online where sessionid = ? 
14:07:47.076 [http-nio-8085-exec-1] DEBUG com.dfyy.project.monitor.online.dao.IUserOnlineDao.selectOnlineById - ==> Parameters: 6dd08b82-aef9-4cd8-860e-a271e89aaaf1(String)
14:07:47.119 [http-nio-8085-exec-1] DEBUG com.dfyy.project.monitor.online.dao.IUserOnlineDao.selectOnlineById - <==      Total: 1
14:07:47.123 [http-nio-8085-exec-1] DEBUG com.dfyy.project.monitor.online.dao.IUserOnlineDao.selectOnlineById - ==>  Preparing: select * from sys_user_online where sessionid = ? 
14:07:47.125 [http-nio-8085-exec-1] DEBUG com.dfyy.project.monitor.online.dao.IUserOnlineDao.selectOnlineById - ==> Parameters: 6dd08b82-aef9-4cd8-860e-a271e89aaaf1(String)
14:07:47.166 [http-nio-8085-exec-1] DEBUG com.dfyy.project.monitor.online.dao.IUserOnlineDao.selectOnlineById - <==      Total: 1
14:07:47.173 [http-nio-8085-exec-1] DEBUG com.dfyy.project.monitor.online.dao.IUserOnlineDao.selectOnlineById - ==>  Preparing: select * from sys_user_online where sessionid = ? 
14:07:47.174 [http-nio-8085-exec-1] DEBUG com.dfyy.project.monitor.online.dao.IUserOnlineDao.selectOnlineById - ==> Parameters: 6dd08b82-aef9-4cd8-860e-a271e89aaaf1(String)
14:07:47.216 [http-nio-8085-exec-1] DEBUG com.dfyy.project.monitor.online.dao.IUserOnlineDao.selectOnlineById - <==      Total: 1
14:07:47.767 [pool-1-thread-1] INFO  com.dfyy.framework.shiro.web.session.OnlineWebSessionManager - invalidation sessions...
14:07:47.781 [pool-1-thread-1] DEBUG com.dfyy.project.monitor.online.dao.IUserOnlineDao.selectOnlineByExpired - ==>  Preparing: SELECT * FROM sys_user_online o WHERE o.last_access_time <= ? ORDER BY o.last_access_time ASC 
14:07:47.782 [pool-1-thread-1] DEBUG com.dfyy.project.monitor.online.dao.IUserOnlineDao.selectOnlineByExpired - ==> Parameters: 2018-12-06 13:37:47(String)
14:07:47.821 [pool-1-thread-1] DEBUG com.dfyy.project.monitor.online.dao.IUserOnlineDao.selectOnlineByExpired - <==      Total: 0
14:07:47.822 [pool-1-thread-1] INFO  com.dfyy.framework.shiro.web.session.OnlineWebSessionManager - Finished invalidation session. No sessions were stopped.
14:07:55.404 [http-nio-8085-exec-2] DEBUG com.dfyy.project.system.user.dao.IUserDao.selectUserByName - ==>  Preparing: select u.user_id, u.dept_id,u.user_number,u.branch_id, u.login_name, u.user_name, u.email, u.phonenumber, u.sex, u.avatar, u.password, u.salt, u.status, u.refuse_des, u.create_time, d.dept_id, d.parent_id, d.dept_name, d.order_num, d.status as dept_status from sys_user u left join sys_dept d on u.dept_id = d.dept_id left join sys_user_role ur on u.user_id = ur.user_id where u.login_name = ? 
14:07:55.410 [http-nio-8085-exec-2] DEBUG com.dfyy.project.system.user.dao.IUserDao.selectUserByName - ==> Parameters: admin(String)
14:07:55.410 [http-nio-8085-exec-4] INFO  sys-user - [0:0:0:0:0:0:0:1][][Error][* 必须填写]
14:07:55.427 [http-nio-8085-exec-4] DEBUG com.dfyy.project.monitor.logininfor.dao.ILogininforDao.insertLogininfor - ==>  Preparing: insert into sys_logininfor (login_name, status, ipaddr, browser, os, msg) values (?, ?, ?, ?, ?, ?) 
14:07:55.429 [http-nio-8085-exec-4] DEBUG com.dfyy.project.monitor.logininfor.dao.ILogininforDao.insertLogininfor - ==> Parameters: null, 1(String), 0:0:0:0:0:0:0:1(String), Chrome(String), Windows 7(String), * 必须填写(String)
14:07:55.451 [http-nio-8085-exec-2] DEBUG com.dfyy.project.system.user.dao.IUserDao.selectUserByName - <==      Total: 1
14:07:55.463 [http-nio-8085-exec-2] INFO  sys-user - [0:0:0:0:0:0:0:1][admin][Success][登录成功]
14:07:55.464 [http-nio-8085-exec-2] DEBUG com.dfyy.project.monitor.logininfor.dao.ILogininforDao.insertLogininfor - ==>  Preparing: insert into sys_logininfor (login_name, status, ipaddr, browser, os, msg) values (?, ?, ?, ?, ?, ?) 
14:07:55.474 [http-nio-8085-exec-2] DEBUG com.dfyy.project.monitor.logininfor.dao.ILogininforDao.insertLogininfor - ==> Parameters: admin(String), 0(String), 0:0:0:0:0:0:0:1(String), Chrome(String), Windows 7(String), 登录成功(String)
14:07:55.510 [http-nio-8085-exec-2] DEBUG com.dfyy.project.monitor.logininfor.dao.ILogininforDao.insertLogininfor - <==    Updates: 1
14:07:55.511 [http-nio-8085-exec-4] DEBUG com.dfyy.project.monitor.logininfor.dao.ILogininforDao.insertLogininfor - <==    Updates: 1
14:07:56.608 [http-nio-8085-exec-6] DEBUG com.dfyy.project.system.menu.dao.IMenuDao.selectMenusByUserId - ==>  Preparing: select distinct m.menu_id, m.parent_id, m.menu_name, m.url, m.perms , m.menu_type, m.icon, m.order_num, m.create_time from sys_menu m left join sys_role_menu rm on m.menu_id = rm.menu_id left join sys_user_role ur on rm.role_id = ur.role_id where ur.user_id = ? and m.menu_type in ('M', 'C') and m.visible = 0 order by m.order_num 
14:07:56.612 [http-nio-8085-exec-6] DEBUG com.dfyy.project.system.menu.dao.IMenuDao.selectMenusByUserId - ==> Parameters: 1(Long)
14:07:56.667 [http-nio-8085-exec-6] DEBUG com.dfyy.project.system.menu.dao.IMenuDao.selectMenusByUserId - <==      Total: 64
14:07:56.848 [http-nio-8085-exec-8] DEBUG com.dfyy.project.monitor.online.dao.IUserOnlineDao.saveOnline - ==>  Preparing: replace into sys_user_online(sessionId, login_name, dept_name, ipaddr, browser, os, status, start_timestsamp, last_access_time, expire_time) values (?, ?, ?, ?, ?, ?, ?, ?, ?, ?) 
14:07:56.870 [http-nio-8085-exec-8] DEBUG com.dfyy.project.monitor.online.dao.IUserOnlineDao.saveOnline - ==> Parameters: 6dd08b82-aef9-4cd8-860e-a271e89aaaf1(String), admin(String), 东方易元(String), 0:0:0:0:0:0:0:1(String), Chrome(String), Windows 7(String), on_line(String), 2018-12-06 14:07:47.215(Timestamp), 2018-12-06 14:07:56.845(Timestamp), 1800000(Long)
14:07:56.913 [http-nio-8085-exec-8] DEBUG com.dfyy.project.monitor.online.dao.IUserOnlineDao.saveOnline - <==    Updates: 2
14:08:00.003 [pool-2-thread-1] DEBUG com.dfyy.project.module.activity.dao.IActivityDao.selectId - ==>  Preparing: select id from t_activity WHERE DATE_FORMAT(registration_start, '%Y-%m-%d %H:%i') = ? LIMIT 1 
14:08:00.004 [pool-2-thread-1] DEBUG com.dfyy.project.module.activity.dao.IActivityDao.selectId - ==> Parameters: 2018-12-06 14:08(String)
14:08:00.044 [pool-2-thread-1] DEBUG com.dfyy.project.module.activity.dao.IActivityDao.selectId - <==      Total: 0
14:08:00.047 [pool-2-thread-1] DEBUG com.dfyy.project.module.activity.dao.IActivityDao.selectId2 - ==>  Preparing: select id from t_activity WHERE DATE_FORMAT(registration_end, '%Y-%m-%d %H:%i') = ? LIMIT 1 
14:08:00.048 [pool-2-thread-1] DEBUG com.dfyy.project.module.activity.dao.IActivityDao.selectId2 - ==> Parameters: 2018-12-06 14:08(String)
14:08:00.087 [pool-2-thread-1] DEBUG com.dfyy.project.module.activity.dao.IActivityDao.selectId2 - <==      Total: 0
14:08:00.089 [pool-2-thread-1] DEBUG com.dfyy.project.module.activity.dao.IActivityDao.selectId3 - ==>  Preparing: select id from t_activity WHERE DATE_FORMAT(activity_time, '%Y-%m-%d %H:%i') = ? LIMIT 1 
14:08:00.090 [pool-2-thread-1] DEBUG com.dfyy.project.module.activity.dao.IActivityDao.selectId3 - ==> Parameters: 2018-12-06 14:08(String)
14:08:00.129 [pool-2-thread-1] DEBUG com.dfyy.project.module.activity.dao.IActivityDao.selectId3 - <==      Total: 0
14:08:00.936 [http-nio-8085-exec-7] DEBUG com.dfyy.project.system.role.dao.IRoleDao.selectRolesByUserId - ==>  Preparing: SELECT r.role_id, r.role_name, r.role_key FROM sys_user u LEFT JOIN sys_user_role ur ON u.user_id = ur.user_id LEFT JOIN sys_role r ON ur.role_id = r.role_id WHERE ur.user_id = ? 
14:08:00.938 [http-nio-8085-exec-7] DEBUG com.dfyy.project.system.role.dao.IRoleDao.selectRolesByUserId - ==> Parameters: 1(Long)
14:08:00.979 [http-nio-8085-exec-7] DEBUG com.dfyy.project.system.role.dao.IRoleDao.selectRolesByUserId - <==      Total: 1
14:08:00.981 [http-nio-8085-exec-7] DEBUG com.dfyy.project.system.menu.dao.IMenuDao.selectPermsByUserId - ==>  Preparing: select distinct m.perms from sys_menu m left join sys_role_menu rm on m.menu_id = rm.menu_id left join sys_user_role ur on rm.role_id = ur.role_id where ur.user_id = ? 
14:08:00.982 [http-nio-8085-exec-7] DEBUG com.dfyy.project.system.menu.dao.IMenuDao.selectPermsByUserId - ==> Parameters: 1(Long)
14:08:01.025 [http-nio-8085-exec-7] DEBUG com.dfyy.project.system.menu.dao.IMenuDao.selectPermsByUserId - <==      Total: 226
14:08:01.030 [http-nio-8085-exec-7] DEBUG com.dfyy.project.module.profitdetails.dao.IProfitdetailsDao.selectSumMoney - ==>  Preparing: SELECT SUM(extract_money) sumMoney, IFNULL(( SELECT SUM(extract_money) FROM profitdetails WHERE `status` = 1 ),0) AS haveSumMoney FROM profitdetails 
14:08:01.031 [http-nio-8085-exec-7] DEBUG com.dfyy.project.module.profitdetails.dao.IProfitdetailsDao.selectSumMoney - ==> Parameters: 
14:08:01.071 [http-nio-8085-exec-7] DEBUG com.dfyy.project.module.profitdetails.dao.IProfitdetailsDao.selectSumMoney - <==      Total: 1
14:08:01.533 [http-nio-8085-exec-10] DEBUG c.d.p.module.profitdetails.dao.IProfitdetailsDao.selectProfitdetailsListM_COUNT - ==>  Preparing: SELECT count(0) FROM profitdetails p, t_user u WHERE p.recommend_id = u.id 
14:08:01.534 [http-nio-8085-exec-10] DEBUG c.d.p.module.profitdetails.dao.IProfitdetailsDao.selectProfitdetailsListM_COUNT - ==> Parameters: 
14:08:01.573 [http-nio-8085-exec-10] DEBUG c.d.p.module.profitdetails.dao.IProfitdetailsDao.selectProfitdetailsListM_COUNT - <==      Total: 1
14:08:01.575 [http-nio-8085-exec-10] DEBUG c.d.project.module.profitdetails.dao.IProfitdetailsDao.selectProfitdetailsListM - ==>  Preparing: SELECT p.profitdetails_id, p.balance_number, p.number,p.recommend_id,u.username,u.number AS userNumber,u.phone_number,u.grade, p.extract_money,p.create_time,p.`status`,p.type FROM profitdetails p,t_user u WHERE p.recommend_id = u.id ORDER BY p.profitdetails_id DESC LIMIT ? 
14:08:01.576 [http-nio-8085-exec-10] DEBUG c.d.project.module.profitdetails.dao.IProfitdetailsDao.selectProfitdetailsListM - ==> Parameters: 10(Integer)
14:08:01.622 [http-nio-8085-exec-10] DEBUG c.d.project.module.profitdetails.dao.IProfitdetailsDao.selectProfitdetailsListM - <==      Total: 10
