15:52:59.938 [main] INFO  com.dfyy.DfyyiApplication - Starting DfyyiApplication on shijieX with PID 9884 (E:\workspaces\dfyy\target\classes started by Administrator in E:\workspaces\dfyy)
15:52:59.999 [main] DEBUG com.dfyy.DfyyiApplication - Running with Spring Boot v1.5.10.RELEASE, Spring v4.3.14.RELEASE
15:52:59.999 [main] INFO  com.dfyy.DfyyiApplication - The following profiles are active: druid
15:53:00.220 [background-preinit] INFO  org.hibernate.validator.internal.util.Version - HV000001: Hibernate Validator 5.3.6.Final
15:53:05.182 [main] INFO  org.apache.shiro.cache.ehcache.EhCacheManager - Cache with name 'com.dfyy.framework.shiro.realm.UserRealm.authorizationCache' does not yet exist.  Creating now.
15:53:05.183 [main] INFO  org.apache.shiro.cache.ehcache.EhCacheManager - Added EhCache named [com.dfyy.framework.shiro.realm.UserRealm.authorizationCache]
15:53:06.279 [main] INFO  com.alibaba.druid.pool.DruidDataSource - {dataSource-1} inited
15:53:07.763 [main] INFO  org.apache.shiro.cache.ehcache.EhCacheManager - Using existing EHCache named [loginRecordCache]
15:53:08.803 [main] INFO  org.apache.catalina.core.StandardService - Starting service [Tomcat]
15:53:08.804 [main] INFO  org.apache.catalina.core.StandardEngine - Starting Servlet Engine: Apache Tomcat/8.5.27
15:53:08.924 [localhost-startStop-1] INFO  org.apache.catalina.core.ContainerBase.[Tomcat].[localhost].[/] - Initializing Spring embedded WebApplicationContext
15:53:12.352 [main] INFO  org.quartz.impl.StdSchedulerFactory - Using default implementation for ThreadExecutor
15:53:12.376 [main] INFO  org.quartz.core.SchedulerSignalerImpl - Initialized Scheduler Signaller of type: class org.quartz.core.SchedulerSignalerImpl
15:53:12.377 [main] INFO  org.quartz.core.QuartzScheduler - Quartz Scheduler v.2.3.0 created.
15:53:12.396 [main] INFO  org.quartz.core.QuartzScheduler - Scheduler meta-data: Quartz Scheduler (v2.3.0) 'dfyyScheduler' with instanceId 'shijieX1544687592355'
  Scheduler class: 'org.quartz.core.QuartzScheduler' - running locally.
  NOT STARTED.
  Currently in standby mode.
  Number of jobs executed: 0
  Using thread pool 'org.quartz.simpl.SimpleThreadPool' - with 20 threads.
  Using job-store 'org.springframework.scheduling.quartz.LocalDataSourceJobStore' - which supports persistence. and is clustered.

15:53:12.397 [main] INFO  org.quartz.impl.StdSchedulerFactory - Quartz scheduler 'dfyyScheduler' initialized from an externally provided properties instance.
15:53:12.397 [main] INFO  org.quartz.impl.StdSchedulerFactory - Quartz scheduler version: 2.3.0
15:53:12.399 [main] INFO  org.quartz.core.QuartzScheduler - JobFactory set to: org.springframework.scheduling.quartz.AdaptableJobFactory@cfb94fd
15:53:12.477 [main] DEBUG com.dfyy.project.monitor.job.dao.IJobDao.selectJobAll - ==>  Preparing: SELECT job_id, job_name, job_group, method_name, params, cron_expression, status, create_by, create_time FROM sys_job 
15:53:12.587 [main] DEBUG com.dfyy.project.monitor.job.dao.IJobDao.selectJobAll - ==> Parameters: 
15:53:12.637 [main] DEBUG com.dfyy.project.monitor.job.dao.IJobDao.selectJobAll - <==      Total: 1
15:53:16.183 [main] WARN  org.thymeleaf.templatemode.TemplateMode - [THYMELEAF][main] Template Mode 'LEGACYHTML5' is deprecated. Using Template Mode 'HTML' instead.
15:53:17.948 [main] INFO  org.apache.coyote.http11.Http11NioProtocol - Initializing ProtocolHandler ["http-nio-8085"]
15:53:17.962 [main] INFO  org.apache.coyote.http11.Http11NioProtocol - Starting ProtocolHandler ["http-nio-8085"]
15:53:17.972 [main] INFO  org.apache.tomcat.util.net.NioSelectorPool - Using a shared selector for servlet write/read
15:53:17.999 [main] INFO  com.dfyy.DfyyiApplication - Started DfyyiApplication in 18.459 seconds (JVM running for 19.738)
15:53:19.197 [Quartz Scheduler [dfyyScheduler]] INFO  org.quartz.core.QuartzScheduler - Scheduler dfyyScheduler_$_shijieX1544687592355 started.
15:54:00.012 [pool-3-thread-1] DEBUG com.dfyy.project.module.activity.dao.IActivityDao.selectId - ==>  Preparing: select id from t_activity WHERE DATE_FORMAT(registration_start, '%Y-%m-%d %H:%i') = ? LIMIT 1 
15:54:00.020 [pool-3-thread-1] DEBUG com.dfyy.project.module.activity.dao.IActivityDao.selectId - ==> Parameters: 2018-12-13 15:54(String)
15:54:00.057 [pool-3-thread-1] DEBUG com.dfyy.project.module.activity.dao.IActivityDao.selectId - <==      Total: 0
15:54:00.059 [pool-3-thread-1] DEBUG com.dfyy.project.module.activity.dao.IActivityDao.selectId2 - ==>  Preparing: select id from t_activity WHERE DATE_FORMAT(registration_end, '%Y-%m-%d %H:%i') = ? LIMIT 1 
15:54:00.060 [pool-3-thread-1] DEBUG com.dfyy.project.module.activity.dao.IActivityDao.selectId2 - ==> Parameters: 2018-12-13 15:54(String)
15:54:00.092 [pool-3-thread-1] DEBUG com.dfyy.project.module.activity.dao.IActivityDao.selectId2 - <==      Total: 0
15:54:00.094 [pool-3-thread-1] DEBUG com.dfyy.project.module.activity.dao.IActivityDao.selectId3 - ==>  Preparing: select id from t_activity WHERE DATE_FORMAT(activity_time, '%Y-%m-%d %H:%i') = ? LIMIT 1 
15:54:00.095 [pool-3-thread-1] DEBUG com.dfyy.project.module.activity.dao.IActivityDao.selectId3 - ==> Parameters: 2018-12-13 15:54(String)
15:54:00.126 [pool-3-thread-1] DEBUG com.dfyy.project.module.activity.dao.IActivityDao.selectId3 - <==      Total: 0
15:54:17.225 [http-nio-8085-exec-3] INFO  org.apache.catalina.core.ContainerBase.[Tomcat].[localhost].[/] - Initializing Spring FrameworkServlet 'dispatcherServlet'
15:54:17.268 [http-nio-8085-exec-3] INFO  org.apache.shiro.session.mgt.AbstractValidatingSessionManager - Enabling session validation scheduler...
15:54:17.268 [http-nio-8085-exec-3] DEBUG com.dfyy.framework.shiro.web.session.SpringSessionValidationScheduler - Scheduling session validation job using Spring Scheduler with session validation interval of [600000]ms...
15:54:17.269 [http-nio-8085-exec-3] DEBUG com.dfyy.framework.shiro.web.session.SpringSessionValidationScheduler - Session validation job successfully scheduled with Spring Scheduler.
15:54:17.271 [http-nio-8085-exec-3] INFO  org.apache.shiro.cache.ehcache.EhCacheManager - Using existing EHCache named [shiro-activeSessionCache]
15:54:17.274 [http-nio-8085-exec-3] DEBUG com.dfyy.project.monitor.online.dao.IUserOnlineDao.selectOnlineById - ==>  Preparing: select * from sys_user_online where sessionid = ? 
15:54:17.275 [http-nio-8085-exec-3] DEBUG com.dfyy.project.monitor.online.dao.IUserOnlineDao.selectOnlineById - ==> Parameters: 8383FBEEBA14BBCFB88C79DFBCCF5251(String)
15:54:17.339 [http-nio-8085-exec-3] DEBUG com.dfyy.project.monitor.online.dao.IUserOnlineDao.selectOnlineById - <==      Total: 0
15:54:18.270 [pool-2-thread-1] INFO  com.dfyy.framework.shiro.web.session.OnlineWebSessionManager - invalidation sessions...
15:54:18.275 [pool-2-thread-1] DEBUG com.dfyy.project.monitor.online.dao.IUserOnlineDao.selectOnlineByExpired - ==>  Preparing: SELECT * FROM sys_user_online o WHERE o.last_access_time <= ? ORDER BY o.last_access_time ASC 
15:54:18.276 [pool-2-thread-1] DEBUG com.dfyy.project.monitor.online.dao.IUserOnlineDao.selectOnlineByExpired - ==> Parameters: 2018-12-13 15:24:18(String)
15:54:18.308 [pool-2-thread-1] DEBUG com.dfyy.project.monitor.online.dao.IUserOnlineDao.selectOnlineByExpired - <==      Total: 0
15:54:18.309 [pool-2-thread-1] INFO  com.dfyy.framework.shiro.web.session.OnlineWebSessionManager - Finished invalidation session. No sessions were stopped.
15:54:28.889 [http-nio-8085-exec-2] DEBUG com.dfyy.project.system.user.dao.IUserDao.selectUserByName - ==>  Preparing: select u.user_id, u.dept_id,u.user_number,u.branch_id, u.login_name, u.user_name, u.email, u.phonenumber, u.sex, u.avatar, u.password, u.salt, u.status, u.refuse_des, u.create_time, d.dept_id, d.parent_id, d.dept_name, d.order_num, d.status as dept_status from sys_user u left join sys_dept d on u.dept_id = d.dept_id left join sys_user_role ur on u.user_id = ur.user_id where u.login_name = ? 
15:54:28.895 [http-nio-8085-exec-2] DEBUG com.dfyy.project.system.user.dao.IUserDao.selectUserByName - ==> Parameters: admin(String)
15:54:28.938 [http-nio-8085-exec-2] DEBUG com.dfyy.project.system.user.dao.IUserDao.selectUserByName - <==      Total: 1
15:54:28.906 [http-nio-8085-exec-8] INFO  sys-user - [0:0:0:0:0:0:0:1][][Error][* 必须填写]
15:54:28.943 [http-nio-8085-exec-2] INFO  sys-user - [0:0:0:0:0:0:0:1][admin][Success][登录成功]
15:54:28.959 [http-nio-8085-exec-2] DEBUG com.dfyy.project.monitor.logininfor.dao.ILogininforDao.insertLogininfor - ==>  Preparing: insert into sys_logininfor (login_name, status, ipaddr, browser, os, msg) values (?, ?, ?, ?, ?, ?) 
15:54:28.962 [http-nio-8085-exec-8] DEBUG com.dfyy.project.monitor.logininfor.dao.ILogininforDao.insertLogininfor - ==>  Preparing: insert into sys_logininfor (login_name, status, ipaddr, browser, os, msg) values (?, ?, ?, ?, ?, ?) 
15:54:28.962 [http-nio-8085-exec-2] DEBUG com.dfyy.project.monitor.logininfor.dao.ILogininforDao.insertLogininfor - ==> Parameters: admin(String), 0(String), 0:0:0:0:0:0:0:1(String), Chrome(String), Windows 7(String), 登录成功(String)
15:54:28.963 [http-nio-8085-exec-8] DEBUG com.dfyy.project.monitor.logininfor.dao.ILogininforDao.insertLogininfor - ==> Parameters: null, 1(String), 0:0:0:0:0:0:0:1(String), Chrome(String), Windows 7(String), * 必须填写(String)
15:54:28.996 [http-nio-8085-exec-2] DEBUG com.dfyy.project.monitor.logininfor.dao.ILogininforDao.insertLogininfor - <==    Updates: 1
15:54:29.007 [http-nio-8085-exec-8] DEBUG com.dfyy.project.monitor.logininfor.dao.ILogininforDao.insertLogininfor - <==    Updates: 1
15:54:30.092 [http-nio-8085-exec-5] DEBUG com.dfyy.project.system.menu.dao.IMenuDao.selectMenusByUserId - ==>  Preparing: select distinct m.menu_id, m.parent_id, m.menu_name, m.url, m.perms , m.menu_type, m.icon, m.order_num, m.create_time from sys_menu m left join sys_role_menu rm on m.menu_id = rm.menu_id left join sys_user_role ur on rm.role_id = ur.role_id where ur.user_id = ? and m.menu_type in ('M', 'C') and m.visible = 0 order by m.order_num 
15:54:30.096 [http-nio-8085-exec-5] DEBUG com.dfyy.project.system.menu.dao.IMenuDao.selectMenusByUserId - ==> Parameters: 1(Long)
15:54:30.153 [http-nio-8085-exec-5] DEBUG com.dfyy.project.system.menu.dao.IMenuDao.selectMenusByUserId - <==      Total: 64
15:54:30.656 [http-nio-8085-exec-1] DEBUG com.dfyy.project.monitor.online.dao.IUserOnlineDao.saveOnline - ==>  Preparing: replace into sys_user_online(sessionId, login_name, dept_name, ipaddr, browser, os, status, start_timestsamp, last_access_time, expire_time) values (?, ?, ?, ?, ?, ?, ?, ?, ?, ?) 
15:54:30.685 [http-nio-8085-exec-1] DEBUG com.dfyy.project.monitor.online.dao.IUserOnlineDao.saveOnline - ==> Parameters: 6b4a14c4-f517-44cb-9311-3caac1a97d8f(String), admin(String), 东方易元(String), 0:0:0:0:0:0:0:1(String), Chrome(String), Windows 7(String), on_line(String), 2018-12-13 15:54:17.347(Timestamp), 2018-12-13 15:54:30.655(Timestamp), 1800000(Long)
15:54:30.727 [http-nio-8085-exec-1] DEBUG com.dfyy.project.monitor.online.dao.IUserOnlineDao.saveOnline - <==    Updates: 1
15:54:34.103 [http-nio-8085-exec-7] DEBUG com.dfyy.project.system.role.dao.IRoleDao.selectRolesByUserId - ==>  Preparing: SELECT r.role_id, r.role_name, r.role_key FROM sys_user u LEFT JOIN sys_user_role ur ON u.user_id = ur.user_id LEFT JOIN sys_role r ON ur.role_id = r.role_id WHERE ur.user_id = ? 
15:54:34.107 [http-nio-8085-exec-7] DEBUG com.dfyy.project.system.role.dao.IRoleDao.selectRolesByUserId - ==> Parameters: 1(Long)
15:54:34.149 [http-nio-8085-exec-7] DEBUG com.dfyy.project.system.role.dao.IRoleDao.selectRolesByUserId - <==      Total: 1
15:54:34.152 [http-nio-8085-exec-7] DEBUG com.dfyy.project.system.menu.dao.IMenuDao.selectPermsByUserId - ==>  Preparing: select distinct m.perms from sys_menu m left join sys_role_menu rm on m.menu_id = rm.menu_id left join sys_user_role ur on rm.role_id = ur.role_id where ur.user_id = ? 
15:54:34.155 [http-nio-8085-exec-7] DEBUG com.dfyy.project.system.menu.dao.IMenuDao.selectPermsByUserId - ==> Parameters: 1(Long)
15:54:34.205 [http-nio-8085-exec-7] DEBUG com.dfyy.project.system.menu.dao.IMenuDao.selectPermsByUserId - <==      Total: 226
15:54:36.126 [http-nio-8085-exec-9] DEBUG com.dfyy.project.module.order.dao.IOrderDao.selectOrderList_COUNT - ==>  Preparing: SELECT count(0) FROM t_order o 
15:54:36.127 [http-nio-8085-exec-9] DEBUG com.dfyy.project.module.order.dao.IOrderDao.selectOrderList_COUNT - ==> Parameters: 
15:54:36.168 [http-nio-8085-exec-9] DEBUG com.dfyy.project.module.order.dao.IOrderDao.selectOrderList_COUNT - <==      Total: 1
15:54:36.171 [http-nio-8085-exec-9] DEBUG com.dfyy.project.module.order.dao.IOrderDao.selectOrderList - ==>  Preparing: select o.order_id , o.order_number , o.curriculum_id,o.user_id,(select username from t_user where id= o.user_id) as user_name , (select phone_number from t_user where id= o.user_id) AS phoneNumber , o.curriculum_name , o.number , o.order_time , o.end_time , o.order_money , o.actual_money , o.salesman_id , o.status , o.type from t_order o ORDER BY o.order_time DESC LIMIT ? 
15:54:36.173 [http-nio-8085-exec-9] DEBUG com.dfyy.project.module.order.dao.IOrderDao.selectOrderList - ==> Parameters: 10(Integer)
15:54:36.220 [http-nio-8085-exec-9] DEBUG com.dfyy.project.module.order.dao.IOrderDao.selectOrderList - <==      Total: 10
15:55:00.006 [pool-3-thread-1] DEBUG com.dfyy.project.module.activity.dao.IActivityDao.selectId - ==>  Preparing: select id from t_activity WHERE DATE_FORMAT(registration_start, '%Y-%m-%d %H:%i') = ? LIMIT 1 
15:55:00.010 [pool-3-thread-1] DEBUG com.dfyy.project.module.activity.dao.IActivityDao.selectId - ==> Parameters: 2018-12-13 15:55(String)
15:55:00.051 [pool-3-thread-1] DEBUG com.dfyy.project.module.activity.dao.IActivityDao.selectId - <==      Total: 0
15:55:00.056 [pool-3-thread-1] DEBUG com.dfyy.project.module.activity.dao.IActivityDao.selectId2 - ==>  Preparing: select id from t_activity WHERE DATE_FORMAT(registration_end, '%Y-%m-%d %H:%i') = ? LIMIT 1 
15:55:00.058 [pool-3-thread-1] DEBUG com.dfyy.project.module.activity.dao.IActivityDao.selectId2 - ==> Parameters: 2018-12-13 15:55(String)
15:55:00.099 [pool-3-thread-1] DEBUG com.dfyy.project.module.activity.dao.IActivityDao.selectId2 - <==      Total: 0
15:55:00.103 [pool-3-thread-1] DEBUG com.dfyy.project.module.activity.dao.IActivityDao.selectId3 - ==>  Preparing: select id from t_activity WHERE DATE_FORMAT(activity_time, '%Y-%m-%d %H:%i') = ? LIMIT 1 
15:55:00.104 [pool-3-thread-1] DEBUG com.dfyy.project.module.activity.dao.IActivityDao.selectId3 - ==> Parameters: 2018-12-13 15:55(String)
15:55:00.145 [pool-3-thread-1] DEBUG com.dfyy.project.module.activity.dao.IActivityDao.selectId3 - <==      Total: 0
15:56:00.005 [pool-3-thread-1] DEBUG com.dfyy.project.module.activity.dao.IActivityDao.selectId - ==>  Preparing: select id from t_activity WHERE DATE_FORMAT(registration_start, '%Y-%m-%d %H:%i') = ? LIMIT 1 
15:56:00.007 [pool-3-thread-1] DEBUG com.dfyy.project.module.activity.dao.IActivityDao.selectId - ==> Parameters: 2018-12-13 15:56(String)
15:56:00.089 [pool-3-thread-1] DEBUG com.dfyy.project.module.activity.dao.IActivityDao.selectId - <==      Total: 0
15:56:00.094 [pool-3-thread-1] DEBUG com.dfyy.project.module.activity.dao.IActivityDao.selectId2 - ==>  Preparing: select id from t_activity WHERE DATE_FORMAT(registration_end, '%Y-%m-%d %H:%i') = ? LIMIT 1 
15:56:00.095 [pool-3-thread-1] DEBUG com.dfyy.project.module.activity.dao.IActivityDao.selectId2 - ==> Parameters: 2018-12-13 15:56(String)
15:56:00.135 [pool-3-thread-1] DEBUG com.dfyy.project.module.activity.dao.IActivityDao.selectId2 - <==      Total: 0
15:56:00.137 [pool-3-thread-1] DEBUG com.dfyy.project.module.activity.dao.IActivityDao.selectId3 - ==>  Preparing: select id from t_activity WHERE DATE_FORMAT(activity_time, '%Y-%m-%d %H:%i') = ? LIMIT 1 
15:56:00.138 [pool-3-thread-1] DEBUG com.dfyy.project.module.activity.dao.IActivityDao.selectId3 - ==> Parameters: 2018-12-13 15:56(String)
15:56:00.179 [pool-3-thread-1] DEBUG com.dfyy.project.module.activity.dao.IActivityDao.selectId3 - <==      Total: 0
15:57:00.004 [pool-3-thread-1] DEBUG com.dfyy.project.module.activity.dao.IActivityDao.selectId - ==>  Preparing: select id from t_activity WHERE DATE_FORMAT(registration_start, '%Y-%m-%d %H:%i') = ? LIMIT 1 
15:57:00.005 [pool-3-thread-1] DEBUG com.dfyy.project.module.activity.dao.IActivityDao.selectId - ==> Parameters: 2018-12-13 15:57(String)
15:57:00.046 [pool-3-thread-1] DEBUG com.dfyy.project.module.activity.dao.IActivityDao.selectId - <==      Total: 0
15:57:00.048 [pool-3-thread-1] DEBUG com.dfyy.project.module.activity.dao.IActivityDao.selectId2 - ==>  Preparing: select id from t_activity WHERE DATE_FORMAT(registration_end, '%Y-%m-%d %H:%i') = ? LIMIT 1 
15:57:00.049 [pool-3-thread-1] DEBUG com.dfyy.project.module.activity.dao.IActivityDao.selectId2 - ==> Parameters: 2018-12-13 15:57(String)
15:57:00.090 [pool-3-thread-1] DEBUG com.dfyy.project.module.activity.dao.IActivityDao.selectId2 - <==      Total: 0
15:57:00.092 [pool-3-thread-1] DEBUG com.dfyy.project.module.activity.dao.IActivityDao.selectId3 - ==>  Preparing: select id from t_activity WHERE DATE_FORMAT(activity_time, '%Y-%m-%d %H:%i') = ? LIMIT 1 
15:57:00.094 [pool-3-thread-1] DEBUG com.dfyy.project.module.activity.dao.IActivityDao.selectId3 - ==> Parameters: 2018-12-13 15:57(String)
15:57:00.134 [pool-3-thread-1] DEBUG com.dfyy.project.module.activity.dao.IActivityDao.selectId3 - <==      Total: 0
15:58:00.003 [pool-3-thread-1] DEBUG com.dfyy.project.module.activity.dao.IActivityDao.selectId - ==>  Preparing: select id from t_activity WHERE DATE_FORMAT(registration_start, '%Y-%m-%d %H:%i') = ? LIMIT 1 
15:58:00.004 [pool-3-thread-1] DEBUG com.dfyy.project.module.activity.dao.IActivityDao.selectId - ==> Parameters: 2018-12-13 15:58(String)
15:58:00.045 [pool-3-thread-1] DEBUG com.dfyy.project.module.activity.dao.IActivityDao.selectId - <==      Total: 0
15:58:00.048 [pool-3-thread-1] DEBUG com.dfyy.project.module.activity.dao.IActivityDao.selectId2 - ==>  Preparing: select id from t_activity WHERE DATE_FORMAT(registration_end, '%Y-%m-%d %H:%i') = ? LIMIT 1 
15:58:00.049 [pool-3-thread-1] DEBUG com.dfyy.project.module.activity.dao.IActivityDao.selectId2 - ==> Parameters: 2018-12-13 15:58(String)
15:58:00.089 [pool-3-thread-1] DEBUG com.dfyy.project.module.activity.dao.IActivityDao.selectId2 - <==      Total: 0
15:58:00.092 [pool-3-thread-1] DEBUG com.dfyy.project.module.activity.dao.IActivityDao.selectId3 - ==>  Preparing: select id from t_activity WHERE DATE_FORMAT(activity_time, '%Y-%m-%d %H:%i') = ? LIMIT 1 
15:58:00.093 [pool-3-thread-1] DEBUG com.dfyy.project.module.activity.dao.IActivityDao.selectId3 - ==> Parameters: 2018-12-13 15:58(String)
15:58:00.134 [pool-3-thread-1] DEBUG com.dfyy.project.module.activity.dao.IActivityDao.selectId3 - <==      Total: 0
15:59:00.004 [pool-3-thread-1] DEBUG com.dfyy.project.module.activity.dao.IActivityDao.selectId - ==>  Preparing: select id from t_activity WHERE DATE_FORMAT(registration_start, '%Y-%m-%d %H:%i') = ? LIMIT 1 
15:59:00.005 [pool-3-thread-1] DEBUG com.dfyy.project.module.activity.dao.IActivityDao.selectId - ==> Parameters: 2018-12-13 15:59(String)
15:59:00.045 [pool-3-thread-1] DEBUG com.dfyy.project.module.activity.dao.IActivityDao.selectId - <==      Total: 0
15:59:00.048 [pool-3-thread-1] DEBUG com.dfyy.project.module.activity.dao.IActivityDao.selectId2 - ==>  Preparing: select id from t_activity WHERE DATE_FORMAT(registration_end, '%Y-%m-%d %H:%i') = ? LIMIT 1 
15:59:00.049 [pool-3-thread-1] DEBUG com.dfyy.project.module.activity.dao.IActivityDao.selectId2 - ==> Parameters: 2018-12-13 15:59(String)
15:59:00.090 [pool-3-thread-1] DEBUG com.dfyy.project.module.activity.dao.IActivityDao.selectId2 - <==      Total: 0
15:59:00.093 [pool-3-thread-1] DEBUG com.dfyy.project.module.activity.dao.IActivityDao.selectId3 - ==>  Preparing: select id from t_activity WHERE DATE_FORMAT(activity_time, '%Y-%m-%d %H:%i') = ? LIMIT 1 
15:59:00.094 [pool-3-thread-1] DEBUG com.dfyy.project.module.activity.dao.IActivityDao.selectId3 - ==> Parameters: 2018-12-13 15:59(String)
15:59:00.134 [pool-3-thread-1] DEBUG com.dfyy.project.module.activity.dao.IActivityDao.selectId3 - <==      Total: 0
15:59:20.802 [http-nio-8085-exec-5] DEBUG com.dfyy.project.system.menu.dao.IMenuDao.selectMenusByUserId - ==>  Preparing: select distinct m.menu_id, m.parent_id, m.menu_name, m.url, m.perms , m.menu_type, m.icon, m.order_num, m.create_time from sys_menu m left join sys_role_menu rm on m.menu_id = rm.menu_id left join sys_user_role ur on rm.role_id = ur.role_id where ur.user_id = ? and m.menu_type in ('M', 'C') and m.visible = 0 order by m.order_num 
15:59:20.804 [http-nio-8085-exec-5] DEBUG com.dfyy.project.system.menu.dao.IMenuDao.selectMenusByUserId - ==> Parameters: 1(Long)
15:59:20.861 [http-nio-8085-exec-5] DEBUG com.dfyy.project.system.menu.dao.IMenuDao.selectMenusByUserId - <==      Total: 64
15:59:20.951 [http-nio-8085-exec-10] DEBUG com.dfyy.project.monitor.online.dao.IUserOnlineDao.saveOnline - ==>  Preparing: replace into sys_user_online(sessionId, login_name, dept_name, ipaddr, browser, os, status, start_timestsamp, last_access_time, expire_time) values (?, ?, ?, ?, ?, ?, ?, ?, ?, ?) 
15:59:20.955 [http-nio-8085-exec-10] DEBUG com.dfyy.project.monitor.online.dao.IUserOnlineDao.saveOnline - ==> Parameters: 6b4a14c4-f517-44cb-9311-3caac1a97d8f(String), admin(String), 东方易元(String), 0:0:0:0:0:0:0:1(String), Chrome(String), Windows 7(String), on_line(String), 2018-12-13 15:54:17.347(Timestamp), 2018-12-13 15:59:20.95(Timestamp), 1800000(Long)
15:59:20.999 [http-nio-8085-exec-10] DEBUG com.dfyy.project.monitor.online.dao.IUserOnlineDao.saveOnline - <==    Updates: 2
15:59:23.498 [http-nio-8085-exec-7] DEBUG com.dfyy.project.module.order.dao.IOrderDao.selectOrderList_COUNT - ==>  Preparing: SELECT count(0) FROM t_order o 
15:59:23.499 [http-nio-8085-exec-7] DEBUG com.dfyy.project.module.order.dao.IOrderDao.selectOrderList_COUNT - ==> Parameters: 
15:59:23.539 [http-nio-8085-exec-7] DEBUG com.dfyy.project.module.order.dao.IOrderDao.selectOrderList_COUNT - <==      Total: 1
15:59:23.541 [http-nio-8085-exec-7] DEBUG com.dfyy.project.module.order.dao.IOrderDao.selectOrderList - ==>  Preparing: select o.order_id , o.order_number , o.curriculum_id,o.user_id,(select username from t_user where id= o.user_id) as user_name , (select phone_number from t_user where id= o.user_id) AS phoneNumber , o.curriculum_name , o.number , o.order_time , o.end_time , o.order_money , o.actual_money , o.salesman_id , o.status , o.type from t_order o ORDER BY o.order_time DESC LIMIT ? 
15:59:23.541 [http-nio-8085-exec-7] DEBUG com.dfyy.project.module.order.dao.IOrderDao.selectOrderList - ==> Parameters: 10(Integer)
15:59:23.588 [http-nio-8085-exec-7] DEBUG com.dfyy.project.module.order.dao.IOrderDao.selectOrderList - <==      Total: 10
15:59:38.741 [http-nio-8085-exec-4] DEBUG com.dfyy.project.system.menu.dao.IMenuDao.selectMenusByUserId - ==>  Preparing: select distinct m.menu_id, m.parent_id, m.menu_name, m.url, m.perms , m.menu_type, m.icon, m.order_num, m.create_time from sys_menu m left join sys_role_menu rm on m.menu_id = rm.menu_id left join sys_user_role ur on rm.role_id = ur.role_id where ur.user_id = ? and m.menu_type in ('M', 'C') and m.visible = 0 order by m.order_num 
15:59:38.742 [http-nio-8085-exec-4] DEBUG com.dfyy.project.system.menu.dao.IMenuDao.selectMenusByUserId - ==> Parameters: 1(Long)
15:59:38.799 [http-nio-8085-exec-4] DEBUG com.dfyy.project.system.menu.dao.IMenuDao.selectMenusByUserId - <==      Total: 64
15:59:42.475 [http-nio-8085-exec-5] DEBUG com.dfyy.project.module.order.dao.IOrderDao.selectOrderList_COUNT - ==>  Preparing: SELECT count(0) FROM t_order o 
15:59:42.475 [http-nio-8085-exec-5] DEBUG com.dfyy.project.module.order.dao.IOrderDao.selectOrderList_COUNT - ==> Parameters: 
15:59:42.516 [http-nio-8085-exec-5] DEBUG com.dfyy.project.module.order.dao.IOrderDao.selectOrderList_COUNT - <==      Total: 1
15:59:42.519 [http-nio-8085-exec-5] DEBUG com.dfyy.project.module.order.dao.IOrderDao.selectOrderList - ==>  Preparing: select o.order_id , o.order_number , o.curriculum_id,o.user_id,(select username from t_user where id= o.user_id) as user_name , (select phone_number from t_user where id= o.user_id) AS phoneNumber , o.curriculum_name , o.number , o.order_time , o.end_time , o.order_money , o.actual_money , o.salesman_id , o.status , o.type from t_order o ORDER BY o.order_time DESC LIMIT ? 
15:59:42.520 [http-nio-8085-exec-5] DEBUG com.dfyy.project.module.order.dao.IOrderDao.selectOrderList - ==> Parameters: 10(Integer)
15:59:42.567 [http-nio-8085-exec-5] DEBUG com.dfyy.project.module.order.dao.IOrderDao.selectOrderList - <==      Total: 10
15:59:44.960 [http-nio-8085-exec-9] DEBUG com.dfyy.project.module.order.dao.IOrderDao.selectCoucurriculum - ==>  Preparing: SELECT curriculum_id,curriculum_name,curriculum_money,sort FROM `curriculum`; 
15:59:44.961 [http-nio-8085-exec-9] DEBUG com.dfyy.project.module.order.dao.IOrderDao.selectCoucurriculum - ==> Parameters: 
15:59:45.007 [http-nio-8085-exec-9] DEBUG com.dfyy.project.module.order.dao.IOrderDao.selectCoucurriculum - <==      Total: 4
15:59:58.307 [http-nio-8085-exec-7] DEBUG com.dfyy.project.module.order.dao.IOrderDao.selectUserByPhone - ==>  Preparing: select u.* ,IF(`salesman_id` IS NULL,0,(SELECT salesman_id FROM salesman WHERE salesman_id = u.salesman_id LIMIT 1)) AS isSaleman, (SELECT region FROM healthy WHERE name = u.id) AS address from t_user u where u.phone_number = ? LIMIT 1 
15:59:58.314 [http-nio-8085-exec-7] DEBUG com.dfyy.project.module.order.dao.IOrderDao.selectUserByPhone - ==> Parameters: 13911111111(String)
15:59:58.372 [http-nio-8085-exec-7] DEBUG com.dfyy.project.module.order.dao.IOrderDao.selectUserByPhone - <==      Total: 1
15:59:58.376 [http-nio-8085-exec-7] DEBUG com.dfyy.project.module.practice.dao.IPracticeDao.selectPracticeList - ==>  Preparing: select p.id , p.intro ,p.order_number, p.curriculum_id , p.content ,p.curriculum_money, DATE_FORMAT(p.start_time,'%Y-%m-%d %H:%i:%s') AS start_time , DATE_FORMAT(p.end_time,'%Y-%m-%d %H:%i:%s') AS end_time , DATE_FORMAT(p.create_time,'%Y-%m-%d %H:%i:%s') AS create_time , p.classify , p.type , p.state , (select `name` from `coach` where coach_id =(SELECT coach_id FROM t_user where id= p.user_id)) AS coach_name , p.coach_id , p.user_id from practice p WHERE p.curriculum_id = ? and p.user_id = ? 
15:59:58.377 [http-nio-8085-exec-7] DEBUG com.dfyy.project.module.practice.dao.IPracticeDao.selectPracticeList - ==> Parameters: 51(Integer), 83(Integer)
15:59:58.419 [http-nio-8085-exec-7] DEBUG com.dfyy.project.module.practice.dao.IPracticeDao.selectPracticeList - <==      Total: 0
15:59:58.422 [http-nio-8085-exec-7] DEBUG com.dfyy.project.module.healthy.dao.IHealthyDao.selectByName - ==>  Preparing: select * from `healthy` where `name` = ? 
15:59:58.425 [http-nio-8085-exec-7] DEBUG com.dfyy.project.module.healthy.dao.IHealthyDao.selectByName - ==> Parameters: 83(String)
15:59:58.469 [http-nio-8085-exec-7] DEBUG com.dfyy.project.module.healthy.dao.IHealthyDao.selectByName - <==      Total: 1
15:59:58.494 [http-nio-8085-exec-4] DEBUG com.dfyy.project.module.order.dao.IOrderDao.selectUserByPhone - ==>  Preparing: select u.* ,IF(`salesman_id` IS NULL,0,(SELECT salesman_id FROM salesman WHERE salesman_id = u.salesman_id LIMIT 1)) AS isSaleman, (SELECT region FROM healthy WHERE name = u.id) AS address from t_user u where u.phone_number = ? LIMIT 1 
15:59:58.495 [http-nio-8085-exec-4] DEBUG com.dfyy.project.module.order.dao.IOrderDao.selectUserByPhone - ==> Parameters: 13911111111(String)
15:59:58.536 [http-nio-8085-exec-4] DEBUG com.dfyy.project.module.order.dao.IOrderDao.selectUserByPhone - <==      Total: 1
15:59:58.538 [http-nio-8085-exec-4] DEBUG com.dfyy.project.module.practice.dao.IPracticeDao.selectPracticeList - ==>  Preparing: select p.id , p.intro ,p.order_number, p.curriculum_id , p.content ,p.curriculum_money, DATE_FORMAT(p.start_time,'%Y-%m-%d %H:%i:%s') AS start_time , DATE_FORMAT(p.end_time,'%Y-%m-%d %H:%i:%s') AS end_time , DATE_FORMAT(p.create_time,'%Y-%m-%d %H:%i:%s') AS create_time , p.classify , p.type , p.state , (select `name` from `coach` where coach_id =(SELECT coach_id FROM t_user where id= p.user_id)) AS coach_name , p.coach_id , p.user_id from practice p WHERE p.user_id = ? 
15:59:58.539 [http-nio-8085-exec-4] DEBUG com.dfyy.project.module.practice.dao.IPracticeDao.selectPracticeList - ==> Parameters: 83(Integer)
15:59:58.581 [http-nio-8085-exec-4] DEBUG com.dfyy.project.module.practice.dao.IPracticeDao.selectPracticeList - <==      Total: 2
15:59:58.582 [http-nio-8085-exec-4] DEBUG com.dfyy.project.module.curriculum.dao.ICurriculumDao.selectCurriculumById - ==>  Preparing: select curriculum_id , curriculum_number , curriculum_name , curriculum_money , establish_time , cover_url , curriculum_cover_id , number , sort , status from curriculum where curriculum_id = ? 
15:59:58.583 [http-nio-8085-exec-4] DEBUG com.dfyy.project.module.curriculum.dao.ICurriculumDao.selectCurriculumById - ==> Parameters: 51(Integer)
15:59:58.624 [http-nio-8085-exec-4] DEBUG com.dfyy.project.module.curriculum.dao.ICurriculumDao.selectCurriculumById - <==      Total: 1
15:59:58.637 [http-nio-8085-exec-4] DEBUG com.dfyy.project.module.curriculum.dao.ICurriculumDao.selectByIds - ==>  Preparing: select curriculum_id , curriculum_number , curriculum_name , curriculum_money , establish_time , cover_url , curriculum_cover_id , number , sort , status from curriculum where curriculum_id in (49,50) ORDER BY sort DESC LIMIT 1 
15:59:58.640 [http-nio-8085-exec-4] DEBUG com.dfyy.project.module.curriculum.dao.ICurriculumDao.selectByIds - ==> Parameters: 
15:59:58.681 [http-nio-8085-exec-4] DEBUG com.dfyy.project.module.curriculum.dao.ICurriculumDao.selectByIds - <==      Total: 1
15:59:58.684 [http-nio-8085-exec-4] DEBUG com.dfyy.project.module.user.dao.IAppUserDao.selectUserById1 - ==>  Preparing: select id , number , username , password , phone_number , inviter , rank , grade , salesman_id,cuservice_id,create_time , last_login_time , advance , revenue , spend , coach_id , user_state , user_type , change_time , openid , consume , avatarUrl , face , sex , string1 , string2 , string3 , by2 , by3, if(u.inviter is NULL,NULL, (SELECT username FROM t_user where id = u.inviter)) as invitername, if(u.inviter is NULL,NULL,(SELECT phone_number FROM t_user where id = u.inviter)) as inviterphone, if(u.coach_id is NULL,NULL,(SELECT name FROM coach where coach_id = u.coach_id)) as coachname, if(u.salesman_id is NULL,NULL,(SELECT name FROM salesman where salesman_id = u.salesman_id)) as salesman_name, if(u.cuservice_id is NULL,NULL,(SELECT name FROM salesman where salesman_id = u.cuservice_id)) as cuservice_name from t_user u where u.id = ? 
15:59:58.688 [http-nio-8085-exec-4] DEBUG com.dfyy.project.module.user.dao.IAppUserDao.selectUserById1 - ==> Parameters: 65(Integer)
15:59:58.732 [http-nio-8085-exec-4] DEBUG com.dfyy.project.module.user.dao.IAppUserDao.selectUserById1 - <==      Total: 1
15:59:58.734 [http-nio-8085-exec-4] DEBUG com.dfyy.project.module.province.dao.IProvinceDao.selectByCity - ==>  Preparing: SELECT id FROM `t_province` WHERE `name` LIKE '%河南省%'; 
15:59:58.736 [http-nio-8085-exec-4] DEBUG com.dfyy.project.module.province.dao.IProvinceDao.selectByCity - ==> Parameters: 
15:59:58.776 [http-nio-8085-exec-4] DEBUG com.dfyy.project.module.province.dao.IProvinceDao.selectByCity - <==      Total: 1
15:59:58.779 [http-nio-8085-exec-4] DEBUG com.dfyy.project.module.coach.dao.ICoachDao.selectByCityId - ==>  Preparing: SELECT * FROM `coach` WHERE FIND_IN_SET(?, city) AND `sex` = ? 
15:59:58.781 [http-nio-8085-exec-4] DEBUG com.dfyy.project.module.coach.dao.ICoachDao.selectByCityId - ==> Parameters: 12(Integer), 0(Integer)
15:59:58.822 [http-nio-8085-exec-4] DEBUG com.dfyy.project.module.coach.dao.ICoachDao.selectByCityId - <==      Total: 1
15:59:58.824 [http-nio-8085-exec-4] DEBUG com.dfyy.project.module.province.dao.IProvinceDao.selectByCity - ==>  Preparing: SELECT id FROM `t_province` WHERE `name` LIKE '%河南省%'; 
15:59:58.825 [http-nio-8085-exec-4] DEBUG com.dfyy.project.module.province.dao.IProvinceDao.selectByCity - ==> Parameters: 
15:59:58.865 [http-nio-8085-exec-4] DEBUG com.dfyy.project.module.province.dao.IProvinceDao.selectByCity - <==      Total: 1
15:59:58.868 [http-nio-8085-exec-4] DEBUG com.dfyy.project.module.salesman.dao.ISalesmanDao.selectKeFu - ==>  Preparing: SELECT * FROM salesman WHERE `type` = 2 and FIND_IN_SET(?, region) 
15:59:58.869 [http-nio-8085-exec-4] DEBUG com.dfyy.project.module.salesman.dao.ISalesmanDao.selectKeFu - ==> Parameters: 12(String)
15:59:58.910 [http-nio-8085-exec-4] DEBUG com.dfyy.project.module.salesman.dao.ISalesmanDao.selectKeFu - <==      Total: 1
16:00:00.004 [pool-3-thread-1] DEBUG com.dfyy.project.module.activity.dao.IActivityDao.selectId - ==>  Preparing: select id from t_activity WHERE DATE_FORMAT(registration_start, '%Y-%m-%d %H:%i') = ? LIMIT 1 
16:00:00.005 [pool-3-thread-1] DEBUG com.dfyy.project.module.activity.dao.IActivityDao.selectId - ==> Parameters: 2018-12-13 16:00(String)
16:00:00.085 [pool-3-thread-1] DEBUG com.dfyy.project.module.activity.dao.IActivityDao.selectId - <==      Total: 0
16:00:00.088 [pool-3-thread-1] DEBUG com.dfyy.project.module.activity.dao.IActivityDao.selectId2 - ==>  Preparing: select id from t_activity WHERE DATE_FORMAT(registration_end, '%Y-%m-%d %H:%i') = ? LIMIT 1 
16:00:00.089 [pool-3-thread-1] DEBUG com.dfyy.project.module.activity.dao.IActivityDao.selectId2 - ==> Parameters: 2018-12-13 16:00(String)
16:00:00.130 [pool-3-thread-1] DEBUG com.dfyy.project.module.activity.dao.IActivityDao.selectId2 - <==      Total: 0
16:00:00.135 [pool-3-thread-1] DEBUG com.dfyy.project.module.activity.dao.IActivityDao.selectId3 - ==>  Preparing: select id from t_activity WHERE DATE_FORMAT(activity_time, '%Y-%m-%d %H:%i') = ? LIMIT 1 
16:00:00.138 [pool-3-thread-1] DEBUG com.dfyy.project.module.activity.dao.IActivityDao.selectId3 - ==> Parameters: 2018-12-13 16:00(String)
16:00:00.178 [pool-3-thread-1] DEBUG com.dfyy.project.module.activity.dao.IActivityDao.selectId3 - <==      Total: 0
16:00:00.179 [pool-3-thread-1] DEBUG com.dfyy.project.module.activity.dao.IActivityDao.selectActivityEndByTime - ==>  Preparing: SELECT ta.id, tu.username, tu.phone_number, tae.money_status, ta.activity_name, ta.place, DATE_FORMAT( ta.activity_time, '%Y-%m-%d' ) activity_time, DATE_FORMAT( ta.registration_start, '%Y-%m-%d' ) registration_start, DATE_FORMAT( ta.registration_end, '%Y-%m-%d' ) registration_end FROM t_activity ta LEFT JOIN t_activity_enroll tae ON ta.id = tae.activity_id LEFT JOIN t_user tu ON tae.user_id = tu.id WHERE DATE_FORMAT(ta.registration_end, '%Y-%m-%d %H') = ? LIMIT 1 
16:00:00.182 [pool-3-thread-1] DEBUG com.dfyy.project.module.activity.dao.IActivityDao.selectActivityEndByTime - ==> Parameters: 2018-12-14 16(String)
16:00:00.223 [pool-3-thread-1] DEBUG com.dfyy.project.module.activity.dao.IActivityDao.selectActivityEndByTime - <==      Total: 0
16:00:00.224 [pool-3-thread-1] DEBUG com.dfyy.project.module.activity.dao.IActivityDao.selectActivitySucceedByTime - ==>  Preparing: SELECT ta.id, tu.username, tu.phone_number, tae.money_status, ta.activity_name, ta.place, DATE_FORMAT( ta.activity_time, '%Y-%m-%d' ) activity_time, DATE_FORMAT( ta.registration_start, '%Y-%m-%d' ) registration_start, DATE_FORMAT( ta.registration_end, '%Y-%m-%d' ) registration_end FROM t_activity ta LEFT JOIN t_activity_enroll tae ON ta.id = tae.activity_id LEFT JOIN t_user tu ON tae.user_id = tu.id WHERE DATE_FORMAT(ta.activity_time, '%Y-%m-%d %H') = ? LIMIT 1 
16:00:00.227 [pool-3-thread-1] DEBUG com.dfyy.project.module.activity.dao.IActivityDao.selectActivitySucceedByTime - ==> Parameters: 2018-12-14 16(String)
16:00:00.268 [pool-3-thread-1] DEBUG com.dfyy.project.module.activity.dao.IActivityDao.selectActivitySucceedByTime - <==      Total: 0
16:00:14.586 [http-nio-8085-exec-6] DEBUG com.dfyy.project.module.order.dao.IOrderDao.insertOrder - ==>  Preparing: insert into t_order ( order_id, order_number, user_id,user_name, curriculum_id, curriculum_name,number, order_time,end_time,order_money, actual_money,salesman_id, status, type ) values ( ?, ?, ?,?,?, ?, ?, ?,?, ?, ?,?,?, ? ) 
16:00:14.590 [http-nio-8085-exec-6] DEBUG com.dfyy.project.module.order.dao.IOrderDao.insertOrder - ==> Parameters: null, O201812135733(String), 83(Integer), null, 51(Integer), 少林易元洗髓养生大关班(String), null, 2018-12-13 16:00:14(String), null, 50000(BigDecimal), 3000(BigDecimal), null, 0(Integer), 1(Integer)
16:00:14.632 [http-nio-8085-exec-6] DEBUG com.dfyy.project.module.order.dao.IOrderDao.insertOrder - <==    Updates: 1
16:00:14.641 [http-nio-8085-exec-6] DEBUG com.dfyy.project.module.user.dao.IAppUserDao.updateUser - ==>  Preparing: update t_user SET `coach_id` = ?, `cuservice_id` = ? where id = ? 
16:00:14.642 [http-nio-8085-exec-6] DEBUG com.dfyy.project.module.user.dao.IAppUserDao.updateUser - ==> Parameters: 44(Integer), 54(Integer), 83(Integer)
16:00:14.689 [http-nio-8085-exec-6] DEBUG com.dfyy.project.module.user.dao.IAppUserDao.updateUser - <==    Updates: 1
16:00:14.690 [http-nio-8085-exec-6] DEBUG com.dfyy.project.module.curriculum.dao.ICurriculumDao.selectCurriculumById - ==>  Preparing: select curriculum_id , curriculum_number , curriculum_name , curriculum_money , establish_time , cover_url , curriculum_cover_id , number , sort , status from curriculum where curriculum_id = ? 
16:00:14.691 [http-nio-8085-exec-6] DEBUG com.dfyy.project.module.curriculum.dao.ICurriculumDao.selectCurriculumById - ==> Parameters: 51(Integer)
16:00:14.732 [http-nio-8085-exec-6] DEBUG com.dfyy.project.module.curriculum.dao.ICurriculumDao.selectCurriculumById - <==      Total: 1
16:00:14.737 [http-nio-8085-exec-6] DEBUG com.dfyy.project.module.practice.dao.IPracticeDao.selectPracticeList - ==>  Preparing: select p.id , p.intro ,p.order_number, p.curriculum_id , p.content ,p.curriculum_money, DATE_FORMAT(p.start_time,'%Y-%m-%d %H:%i:%s') AS start_time , DATE_FORMAT(p.end_time,'%Y-%m-%d %H:%i:%s') AS end_time , DATE_FORMAT(p.create_time,'%Y-%m-%d %H:%i:%s') AS create_time , p.classify , p.type , p.state , (select `name` from `coach` where coach_id =(SELECT coach_id FROM t_user where id= p.user_id)) AS coach_name , p.coach_id , p.user_id from practice p WHERE p.user_id = ? 
16:00:14.738 [http-nio-8085-exec-6] DEBUG com.dfyy.project.module.practice.dao.IPracticeDao.selectPracticeList - ==> Parameters: 83(Integer)
16:00:14.781 [http-nio-8085-exec-6] DEBUG com.dfyy.project.module.practice.dao.IPracticeDao.selectPracticeList - <==      Total: 2
16:00:14.783 [http-nio-8085-exec-6] DEBUG com.dfyy.project.module.curriculum.dao.ICurriculumDao.selectByIds - ==>  Preparing: select curriculum_id , curriculum_number , curriculum_name , curriculum_money , establish_time , cover_url , curriculum_cover_id , number , sort , status from curriculum where curriculum_id in (49,50) ORDER BY sort DESC LIMIT 1 
16:00:14.784 [http-nio-8085-exec-6] DEBUG com.dfyy.project.module.curriculum.dao.ICurriculumDao.selectByIds - ==> Parameters: 
16:00:14.825 [http-nio-8085-exec-6] DEBUG com.dfyy.project.module.curriculum.dao.ICurriculumDao.selectByIds - <==      Total: 1
16:00:14.827 [http-nio-8085-exec-6] DEBUG com.dfyy.project.module.curriculum.dao.ICurriculumDao.selectBySort - ==>  Preparing: select curriculum_id , curriculum_number , curriculum_name , curriculum_money , establish_time , cover_url , curriculum_cover_id , number , sort , status from curriculum WHERE sort is NOT NULL AND sort <=? GROUP BY sort ORDER BY establish_time 
16:00:14.830 [http-nio-8085-exec-6] DEBUG com.dfyy.project.module.curriculum.dao.ICurriculumDao.selectBySort - ==> Parameters: 3(Integer)
16:00:14.870 [http-nio-8085-exec-6] DEBUG com.dfyy.project.module.curriculum.dao.ICurriculumDao.selectBySort - <==      Total: 3
16:00:14.872 [http-nio-8085-exec-6] DEBUG com.dfyy.project.module.practice.dao.IPracticeDao.insertPractice - ==>  Preparing: insert into practice ( id,intro,order_number,curriculum_id,content,curriculum_money,start_time, end_time, create_time, classify,type,state, coach_name, coach_id, user_id ) values ( ?, ?,?,?,?,?, ?,?,?, ?, ?,?, ?, ?, ? ) 
16:00:14.874 [http-nio-8085-exec-6] DEBUG com.dfyy.project.module.practice.dao.IPracticeDao.insertPractice - ==> Parameters: null, null, O201812135733(String), 51(Integer), 少林易元洗髓养生大关班(String), 50000(BigDecimal), null, null, 2018-12-13 16:00:14(String), null, 1(String), 1(String), null, null, 83(Integer)
16:00:14.916 [http-nio-8085-exec-6] DEBUG com.dfyy.project.module.practice.dao.IPracticeDao.insertPractice - <==    Updates: 1
16:00:14.917 [http-nio-8085-exec-6] DEBUG com.dfyy.project.module.user.dao.IAppUserDao.selectById - ==>  Preparing: select * from t_user where id = ? 
16:00:14.918 [http-nio-8085-exec-6] DEBUG com.dfyy.project.module.user.dao.IAppUserDao.selectById - ==> Parameters: 83(Integer)
16:00:14.959 [http-nio-8085-exec-6] DEBUG com.dfyy.project.module.user.dao.IAppUserDao.selectById - <==      Total: 1
16:00:14.960 [http-nio-8085-exec-6] DEBUG com.dfyy.project.module.user.dao.IAppUserDao.selectById - ==>  Preparing: select * from t_user where id = ? 
16:00:14.961 [http-nio-8085-exec-6] DEBUG com.dfyy.project.module.user.dao.IAppUserDao.selectById - ==> Parameters: 65(Integer)
16:00:15.002 [http-nio-8085-exec-6] DEBUG com.dfyy.project.module.user.dao.IAppUserDao.selectById - <==      Total: 1
16:00:15.003 [http-nio-8085-exec-6] DEBUG com.dfyy.project.module.user.dao.IAppUserDao.updateUser - ==>  Preparing: update t_user SET `spend` = ? where id = ? 
16:00:15.004 [http-nio-8085-exec-6] DEBUG com.dfyy.project.module.user.dao.IAppUserDao.updateUser - ==> Parameters: 817000(BigDecimal), 65(Integer)
16:00:15.045 [http-nio-8085-exec-6] DEBUG com.dfyy.project.module.user.dao.IAppUserDao.updateUser - <==    Updates: 1
16:00:15.047 [http-nio-8085-exec-6] DEBUG com.dfyy.project.module.money.dao.IMoneyDao.insertMoney - ==>  Preparing: insert into practice_money ( id, channel_id, user_id, curriculum_id, curriculum_name, type, expenditure, create_time, update_time ) values ( ?, ?, ?, ?, ?, ?, ?, ?, ? ) 
16:00:15.051 [http-nio-8085-exec-6] DEBUG com.dfyy.project.module.money.dao.IMoneyDao.insertMoney - ==> Parameters: null, 65(Integer), 83(Integer), 51(Integer), 少林易元洗髓养生大关班(String), null, 3000(BigDecimal), 2018-12-13 16:00:14(String), null
16:00:15.093 [http-nio-8085-exec-6] DEBUG com.dfyy.project.module.money.dao.IMoneyDao.insertMoney - <==    Updates: 1
16:00:18.508 [http-nio-8085-exec-3] DEBUG com.dfyy.project.module.order.dao.IOrderDao.selectOrderList_COUNT - ==>  Preparing: SELECT count(0) FROM t_order o 
16:00:18.510 [http-nio-8085-exec-3] DEBUG com.dfyy.project.module.order.dao.IOrderDao.selectOrderList_COUNT - ==> Parameters: 
16:00:18.551 [http-nio-8085-exec-3] DEBUG com.dfyy.project.module.order.dao.IOrderDao.selectOrderList_COUNT - <==      Total: 1
16:00:18.552 [http-nio-8085-exec-3] DEBUG com.dfyy.project.module.order.dao.IOrderDao.selectOrderList - ==>  Preparing: select o.order_id , o.order_number , o.curriculum_id,o.user_id,(select username from t_user where id= o.user_id) as user_name , (select phone_number from t_user where id= o.user_id) AS phoneNumber , o.curriculum_name , o.number , o.order_time , o.end_time , o.order_money , o.actual_money , o.salesman_id , o.status , o.type from t_order o ORDER BY o.order_time DESC LIMIT ? 
16:00:18.552 [http-nio-8085-exec-3] DEBUG com.dfyy.project.module.order.dao.IOrderDao.selectOrderList - ==> Parameters: 10(Integer)
16:00:18.596 [http-nio-8085-exec-3] DEBUG com.dfyy.project.module.order.dao.IOrderDao.selectOrderList - <==      Total: 10
16:00:34.685 [http-nio-8085-exec-2] DEBUG com.dfyy.project.module.order.dao.IOrderDao.selectOrderById - ==>  Preparing: select order_id , order_number , user_id ,user_name, curriculum_id , curriculum_name , number , order_time , end_time , order_money , actual_money , salesman_id , status , type from t_order where order_id = ? 
16:00:34.686 [http-nio-8085-exec-2] DEBUG com.dfyy.project.module.order.dao.IOrderDao.selectOrderById - ==> Parameters: 171(Integer)
16:00:34.729 [http-nio-8085-exec-2] DEBUG com.dfyy.project.module.order.dao.IOrderDao.selectOrderById - <==      Total: 1
16:00:51.835 [http-nio-8085-exec-8] DEBUG com.dfyy.project.module.order.dao.IOrderDao.updateOrder - ==>  Preparing: update t_order SET `order_number` = ?, `user_id` = ?, `curriculum_id` = ?, `curriculum_name` = ?, `order_money` = ?, `actual_money` = ?, `status` = ? where order_id = ? 
16:00:51.850 [http-nio-8085-exec-8] DEBUG com.dfyy.project.module.order.dao.IOrderDao.updateOrder - ==> Parameters: O201812135733(String), 83(Integer), 51(Integer), 少林易元洗髓养生大关班(String), 50000.00(BigDecimal), 50000.00(BigDecimal), 1(Integer), 171(Integer)
16:00:51.917 [http-nio-8085-exec-8] DEBUG com.dfyy.project.module.order.dao.IOrderDao.updateOrder - <==    Updates: 1
16:00:55.737 [http-nio-8085-exec-8] DEBUG com.dfyy.project.module.order.dao.IOrderDao.selectOrderById - ==>  Preparing: select order_id , order_number , user_id ,user_name, curriculum_id , curriculum_name , number , order_time , end_time , order_money , actual_money , salesman_id , status , type from t_order where order_id = ? 
16:00:55.741 [http-nio-8085-exec-8] DEBUG com.dfyy.project.module.order.dao.IOrderDao.selectOrderById - ==> Parameters: 171(Integer)
16:00:55.799 [http-nio-8085-exec-8] DEBUG com.dfyy.project.module.order.dao.IOrderDao.selectOrderById - <==      Total: 1
16:00:56.774 [http-nio-8085-exec-8] DEBUG com.dfyy.project.module.curriculum.dao.ICurriculumDao.selectCurriculumById - ==>  Preparing: select curriculum_id , curriculum_number , curriculum_name , curriculum_money , establish_time , cover_url , curriculum_cover_id , number , sort , status from curriculum where curriculum_id = ? 
16:00:56.779 [http-nio-8085-exec-8] DEBUG com.dfyy.project.module.curriculum.dao.ICurriculumDao.selectCurriculumById - ==> Parameters: 51(Integer)
16:00:56.829 [http-nio-8085-exec-8] DEBUG com.dfyy.project.module.curriculum.dao.ICurriculumDao.selectCurriculumById - <==      Total: 1
16:00:58.398 [http-nio-8085-exec-8] DEBUG com.dfyy.project.module.user.dao.IAppUserDao.selectById - ==>  Preparing: select * from t_user where id = ? 
16:00:58.404 [http-nio-8085-exec-8] DEBUG com.dfyy.project.module.user.dao.IAppUserDao.selectById - ==> Parameters: 83(Integer)
16:00:58.488 [http-nio-8085-exec-8] DEBUG com.dfyy.project.module.user.dao.IAppUserDao.selectById - <==      Total: 1
16:01:00.005 [pool-3-thread-1] DEBUG com.dfyy.project.module.activity.dao.IActivityDao.selectId - ==>  Preparing: select id from t_activity WHERE DATE_FORMAT(registration_start, '%Y-%m-%d %H:%i') = ? LIMIT 1 
16:01:00.006 [pool-3-thread-1] DEBUG com.dfyy.project.module.activity.dao.IActivityDao.selectId - ==> Parameters: 2018-12-13 16:01(String)
16:01:00.039 [pool-3-thread-1] DEBUG com.dfyy.project.module.activity.dao.IActivityDao.selectId - <==      Total: 0
16:01:00.041 [pool-3-thread-1] DEBUG com.dfyy.project.module.activity.dao.IActivityDao.selectId2 - ==>  Preparing: select id from t_activity WHERE DATE_FORMAT(registration_end, '%Y-%m-%d %H:%i') = ? LIMIT 1 
16:01:00.042 [pool-3-thread-1] DEBUG com.dfyy.project.module.activity.dao.IActivityDao.selectId2 - ==> Parameters: 2018-12-13 16:01(String)
16:01:00.073 [pool-3-thread-1] DEBUG com.dfyy.project.module.activity.dao.IActivityDao.selectId2 - <==      Total: 0
16:01:00.074 [pool-3-thread-1] DEBUG com.dfyy.project.module.activity.dao.IActivityDao.selectId3 - ==>  Preparing: select id from t_activity WHERE DATE_FORMAT(activity_time, '%Y-%m-%d %H:%i') = ? LIMIT 1 
16:01:00.075 [pool-3-thread-1] DEBUG com.dfyy.project.module.activity.dao.IActivityDao.selectId3 - ==> Parameters: 2018-12-13 16:01(String)
16:01:00.106 [pool-3-thread-1] DEBUG com.dfyy.project.module.activity.dao.IActivityDao.selectId3 - <==      Total: 0
16:01:24.679 [http-nio-8085-exec-8] DEBUG com.dfyy.project.module.order.dao.IOrderDao.selectOrderList - ==>  Preparing: select o.order_id , o.order_number , o.curriculum_id,o.user_id,(select username from t_user where id= o.user_id) as user_name , (select phone_number from t_user where id= o.user_id) AS phoneNumber , o.curriculum_name , o.number , o.order_time , o.end_time , o.order_money , o.actual_money , o.salesman_id , o.status , o.type from t_order o WHERE o.order_number = ? ORDER BY o.order_time DESC 
16:01:24.705 [http-nio-8085-exec-8] DEBUG com.dfyy.project.module.order.dao.IOrderDao.selectOrderList - ==> Parameters: O201812135733(String)
16:01:24.792 [http-nio-8085-exec-8] DEBUG com.dfyy.project.module.order.dao.IOrderDao.selectOrderList - <==      Total: 1
16:02:00.003 [pool-3-thread-1] DEBUG com.dfyy.project.module.activity.dao.IActivityDao.selectId - ==>  Preparing: select id from t_activity WHERE DATE_FORMAT(registration_start, '%Y-%m-%d %H:%i') = ? LIMIT 1 
16:02:00.004 [pool-3-thread-1] DEBUG com.dfyy.project.module.activity.dao.IActivityDao.selectId - ==> Parameters: 2018-12-13 16:02(String)
16:02:00.036 [pool-3-thread-1] DEBUG com.dfyy.project.module.activity.dao.IActivityDao.selectId - <==      Total: 0
16:02:00.039 [pool-3-thread-1] DEBUG com.dfyy.project.module.activity.dao.IActivityDao.selectId2 - ==>  Preparing: select id from t_activity WHERE DATE_FORMAT(registration_end, '%Y-%m-%d %H:%i') = ? LIMIT 1 
16:02:00.039 [pool-3-thread-1] DEBUG com.dfyy.project.module.activity.dao.IActivityDao.selectId2 - ==> Parameters: 2018-12-13 16:02(String)
16:02:00.072 [pool-3-thread-1] DEBUG com.dfyy.project.module.activity.dao.IActivityDao.selectId2 - <==      Total: 0
16:02:00.074 [pool-3-thread-1] DEBUG com.dfyy.project.module.activity.dao.IActivityDao.selectId3 - ==>  Preparing: select id from t_activity WHERE DATE_FORMAT(activity_time, '%Y-%m-%d %H:%i') = ? LIMIT 1 
16:02:00.075 [pool-3-thread-1] DEBUG com.dfyy.project.module.activity.dao.IActivityDao.selectId3 - ==> Parameters: 2018-12-13 16:02(String)
16:02:00.107 [pool-3-thread-1] DEBUG com.dfyy.project.module.activity.dao.IActivityDao.selectId3 - <==      Total: 0
16:02:02.884 [http-nio-8085-exec-8] DEBUG com.dfyy.project.module.user.dao.IAppUserDao.selectById - ==>  Preparing: select * from t_user where id = ? 
16:02:02.887 [http-nio-8085-exec-8] DEBUG com.dfyy.project.module.user.dao.IAppUserDao.selectById - ==> Parameters: 83(Integer)
16:02:02.946 [http-nio-8085-exec-8] DEBUG com.dfyy.project.module.user.dao.IAppUserDao.selectById - <==      Total: 1
16:02:05.521 [http-nio-8085-exec-8] DEBUG com.dfyy.project.module.user.dao.IAppUserDao.selectById - ==>  Preparing: select * from t_user where id = ? 
16:02:05.524 [http-nio-8085-exec-8] DEBUG com.dfyy.project.module.user.dao.IAppUserDao.selectById - ==> Parameters: 65(Integer)
16:02:05.599 [http-nio-8085-exec-8] DEBUG com.dfyy.project.module.user.dao.IAppUserDao.selectById - <==      Total: 1
16:03:00.004 [pool-3-thread-1] DEBUG com.dfyy.project.module.activity.dao.IActivityDao.selectId - ==>  Preparing: select id from t_activity WHERE DATE_FORMAT(registration_start, '%Y-%m-%d %H:%i') = ? LIMIT 1 
16:03:00.006 [pool-3-thread-1] DEBUG com.dfyy.project.module.activity.dao.IActivityDao.selectId - ==> Parameters: 2018-12-13 16:03(String)
16:03:00.038 [pool-3-thread-1] DEBUG com.dfyy.project.module.activity.dao.IActivityDao.selectId - <==      Total: 0
16:03:00.040 [pool-3-thread-1] DEBUG com.dfyy.project.module.activity.dao.IActivityDao.selectId2 - ==>  Preparing: select id from t_activity WHERE DATE_FORMAT(registration_end, '%Y-%m-%d %H:%i') = ? LIMIT 1 
16:03:00.041 [pool-3-thread-1] DEBUG com.dfyy.project.module.activity.dao.IActivityDao.selectId2 - ==> Parameters: 2018-12-13 16:03(String)
16:03:00.073 [pool-3-thread-1] DEBUG com.dfyy.project.module.activity.dao.IActivityDao.selectId2 - <==      Total: 0
16:03:00.075 [pool-3-thread-1] DEBUG com.dfyy.project.module.activity.dao.IActivityDao.selectId3 - ==>  Preparing: select id from t_activity WHERE DATE_FORMAT(activity_time, '%Y-%m-%d %H:%i') = ? LIMIT 1 
16:03:00.076 [pool-3-thread-1] DEBUG com.dfyy.project.module.activity.dao.IActivityDao.selectId3 - ==> Parameters: 2018-12-13 16:03(String)
16:03:00.109 [pool-3-thread-1] DEBUG com.dfyy.project.module.activity.dao.IActivityDao.selectId3 - <==      Total: 0
16:03:14.825 [http-nio-8085-exec-8] DEBUG com.dfyy.project.module.order.dao.IOrderDao.selectIsFirst - ==>  Preparing: SELECT * FROM t_order WHERE user_id = ? AND order_number <> ? AND `status` = 1 
16:03:14.833 [http-nio-8085-exec-8] DEBUG com.dfyy.project.module.order.dao.IOrderDao.selectIsFirst - ==> Parameters: 83(Integer), O201812135733(String)
16:03:14.901 [http-nio-8085-exec-8] DEBUG com.dfyy.project.module.order.dao.IOrderDao.selectIsFirst - <==      Total: 1
16:03:15.513 [http-nio-8085-exec-8] DEBUG com.dfyy.project.module.salesman.dao.ISalesmanDao.selectSalesmanById - ==>  Preparing: select salesman_id , salesman_number , type , name ,login_name, phone ,wxnumber,region, level , superior , establish_time , status ,sales_picture from salesman where salesman_id = ? 
16:03:15.524 [http-nio-8085-exec-8] DEBUG com.dfyy.project.module.salesman.dao.ISalesmanDao.selectSalesmanById - ==> Parameters: 10(Integer)
16:03:15.579 [http-nio-8085-exec-8] DEBUG com.dfyy.project.module.salesman.dao.ISalesmanDao.selectSalesmanById - <==      Total: 1
16:03:20.489 [http-nio-8085-exec-8] DEBUG c.d.p.module.salescommission.dao.ISalescommissionDao.selectSalescommissionList - ==>  Preparing: select id , yewu_type , sales_type , level , push_ratio , create_time from salescommission WHERE yewu_type = ? and level = ? 
16:03:20.493 [http-nio-8085-exec-8] DEBUG c.d.p.module.salescommission.dao.ISalescommissionDao.selectSalescommissionList - ==> Parameters: 2(Integer), 5(Integer)
16:03:20.534 [http-nio-8085-exec-8] DEBUG c.d.p.module.salescommission.dao.ISalescommissionDao.selectSalescommissionList - <==      Total: 2
16:03:20.535 [http-nio-8085-exec-8] DEBUG com.dfyy.project.module.salesman.dao.ISalesmanDao.selectSalesmanById - ==>  Preparing: select salesman_id , salesman_number , type , name ,login_name, phone ,wxnumber,region, level , superior , establish_time , status ,sales_picture from salesman where salesman_id = ? 
16:03:20.536 [http-nio-8085-exec-8] DEBUG com.dfyy.project.module.salesman.dao.ISalesmanDao.selectSalesmanById - ==> Parameters: 54(Integer)
16:03:20.577 [http-nio-8085-exec-8] DEBUG com.dfyy.project.module.salesman.dao.ISalesmanDao.selectSalesmanById - <==      Total: 1
16:03:20.579 [http-nio-8085-exec-8] DEBUG c.d.p.m.servicecommission.dao.IServicecommissionDao.selectServicecommissionList - ==>  Preparing: select id , grade , percentage from servicecommission WHERE grade = ? 
16:03:20.580 [http-nio-8085-exec-8] DEBUG c.d.p.m.servicecommission.dao.IServicecommissionDao.selectServicecommissionList - ==> Parameters: 2(Integer)
16:03:20.620 [http-nio-8085-exec-8] DEBUG c.d.p.m.servicecommission.dao.IServicecommissionDao.selectServicecommissionList - <==      Total: 1
16:03:20.622 [http-nio-8085-exec-8] DEBUG c.d.project.module.accountRakeback.dao.IAccountRakebackDao.insertAccountRakeback - ==>  Preparing: insert into t_account_rakeback ( id, user_id, user_type,user_level, contributor_id, order_num, balance_num, practice_status, practice_name, money,total_money, status, create_time, update_time, order_time ) values ( ?, ?, ?, ?, ?, ?,?, ?, ?, ?,?, ?, NOW(), ?,? ) 
16:03:20.626 [http-nio-8085-exec-8] DEBUG c.d.project.module.accountRakeback.dao.IAccountRakebackDao.insertAccountRakeback - ==> Parameters: null, 54(Integer), 3(Integer), null, 83(Integer), O201812135733(String), F201812134162(String), null, 少林易元洗髓养生大关班(String), 50.00(BigDecimal), 50000.00(BigDecimal), null, null, null
16:03:20.670 [http-nio-8085-exec-8] DEBUG c.d.project.module.accountRakeback.dao.IAccountRakebackDao.insertAccountRakeback - <==    Updates: 1
16:03:20.673 [http-nio-8085-exec-8] DEBUG c.d.project.module.accountRakeback.dao.IAccountRakebackDao.insertAccountRakeback - ==>  Preparing: insert into t_account_rakeback ( id, user_id, user_type,user_level, contributor_id, order_num, balance_num, practice_status, practice_name, money,total_money, status, create_time, update_time, order_time ) values ( ?, ?, ?, ?, ?, ?,?, ?, ?, ?,?, ?, NOW(), ?,? ) 
16:03:20.674 [http-nio-8085-exec-8] DEBUG c.d.project.module.accountRakeback.dao.IAccountRakebackDao.insertAccountRakeback - ==> Parameters: null, 10(Integer), 0(Integer), null, 83(Integer), O201812135733(String), F201812132844(String), null, 少林易元洗髓养生大关班(String), 2450.00(BigDecimal), 50000.00(BigDecimal), null, null, null
16:03:20.715 [http-nio-8085-exec-8] DEBUG c.d.project.module.accountRakeback.dao.IAccountRakebackDao.insertAccountRakeback - <==    Updates: 1
16:03:23.653 [http-nio-8085-exec-8] DEBUG c.d.p.module.salescommission.dao.ISalescommissionDao.selectSalescommissionList - ==>  Preparing: select id , yewu_type , sales_type , level , push_ratio , create_time from salescommission WHERE yewu_type = ? and level = ? 
16:03:23.659 [http-nio-8085-exec-8] DEBUG c.d.p.module.salescommission.dao.ISalescommissionDao.selectSalescommissionList - ==> Parameters: 2(Integer), 5(Integer)
16:03:23.700 [http-nio-8085-exec-8] DEBUG c.d.p.module.salescommission.dao.ISalescommissionDao.selectSalescommissionList - <==      Total: 2
16:03:23.702 [http-nio-8085-exec-8] DEBUG com.dfyy.project.module.salesman.dao.ISalesmanDao.selectSalesmanById - ==>  Preparing: select salesman_id , salesman_number , type , name ,login_name, phone ,wxnumber,region, level , superior , establish_time , status ,sales_picture from salesman where salesman_id = ? 
16:03:23.702 [http-nio-8085-exec-8] DEBUG com.dfyy.project.module.salesman.dao.ISalesmanDao.selectSalesmanById - ==> Parameters: 5(Integer)
16:03:23.742 [http-nio-8085-exec-8] DEBUG com.dfyy.project.module.salesman.dao.ISalesmanDao.selectSalesmanById - <==      Total: 1
16:03:23.743 [http-nio-8085-exec-8] DEBUG c.d.p.module.salescommission.dao.ISalescommissionDao.selectSalescommissionList - ==>  Preparing: select id , yewu_type , sales_type , level , push_ratio , create_time from salescommission WHERE yewu_type = ? and level = ? 
16:03:23.744 [http-nio-8085-exec-8] DEBUG c.d.p.module.salescommission.dao.ISalescommissionDao.selectSalescommissionList - ==> Parameters: 2(Integer), 7(Integer)
16:03:23.784 [http-nio-8085-exec-8] DEBUG c.d.p.module.salescommission.dao.ISalescommissionDao.selectSalescommissionList - <==      Total: 2
16:03:23.786 [http-nio-8085-exec-8] DEBUG c.d.project.module.accountRakeback.dao.IAccountRakebackDao.insertAccountRakeback - ==>  Preparing: insert into t_account_rakeback ( id, user_id, user_type,user_level, contributor_id, order_num, balance_num, practice_status, practice_name, money,total_money, status, create_time, update_time, order_time ) values ( ?, ?, ?, ?, ?, ?,?, ?, ?, ?,?, ?, NOW(), ?,? ) 
16:03:23.786 [http-nio-8085-exec-8] DEBUG c.d.project.module.accountRakeback.dao.IAccountRakebackDao.insertAccountRakeback - ==> Parameters: null, 5(Integer), 0(Integer), null, 83(Integer), O201812135733(String), F201812131124(String), null, 少林易元洗髓养生大关班(String), 500.00(BigDecimal), 50000.00(BigDecimal), null, null, null
16:03:23.828 [http-nio-8085-exec-8] DEBUG c.d.project.module.accountRakeback.dao.IAccountRakebackDao.insertAccountRakeback - <==    Updates: 1
16:03:23.829 [http-nio-8085-exec-8] DEBUG com.dfyy.project.module.salesman.dao.ISalesmanDao.selectSalesmanById - ==>  Preparing: select salesman_id , salesman_number , type , name ,login_name, phone ,wxnumber,region, level , superior , establish_time , status ,sales_picture from salesman where salesman_id = ? 
16:03:23.830 [http-nio-8085-exec-8] DEBUG com.dfyy.project.module.salesman.dao.ISalesmanDao.selectSalesmanById - ==> Parameters: 2(Integer)
16:03:23.871 [http-nio-8085-exec-8] DEBUG com.dfyy.project.module.salesman.dao.ISalesmanDao.selectSalesmanById - <==      Total: 1
16:03:23.873 [http-nio-8085-exec-8] DEBUG c.d.p.module.salescommission.dao.ISalescommissionDao.selectSalescommissionList - ==>  Preparing: select id , yewu_type , sales_type , level , push_ratio , create_time from salescommission WHERE yewu_type = ? and level = ? 
16:03:23.874 [http-nio-8085-exec-8] DEBUG c.d.p.module.salescommission.dao.ISalescommissionDao.selectSalescommissionList - ==> Parameters: 2(Integer), 2(Integer)
16:03:23.914 [http-nio-8085-exec-8] DEBUG c.d.p.module.salescommission.dao.ISalescommissionDao.selectSalescommissionList - <==      Total: 2
16:03:23.915 [http-nio-8085-exec-8] DEBUG c.d.project.module.accountRakeback.dao.IAccountRakebackDao.insertAccountRakeback - ==>  Preparing: insert into t_account_rakeback ( id, user_id, user_type,user_level, contributor_id, order_num, balance_num, practice_status, practice_name, money,total_money, status, create_time, update_time, order_time ) values ( ?, ?, ?, ?, ?, ?,?, ?, ?, ?,?, ?, NOW(), ?,? ) 
16:03:23.916 [http-nio-8085-exec-8] DEBUG c.d.project.module.accountRakeback.dao.IAccountRakebackDao.insertAccountRakeback - ==> Parameters: null, 2(Integer), 0(Integer), null, 83(Integer), O201812135733(String), F201812137176(String), null, 少林易元洗髓养生大关班(String), -1250.00(BigDecimal), 50000.00(BigDecimal), null, null, null
16:03:23.958 [http-nio-8085-exec-8] DEBUG c.d.project.module.accountRakeback.dao.IAccountRakebackDao.insertAccountRakeback - <==    Updates: 1
16:03:23.960 [http-nio-8085-exec-8] DEBUG com.dfyy.project.module.salesman.dao.ISalesmanDao.selectSalesmanById - ==>  Preparing: select salesman_id , salesman_number , type , name ,login_name, phone ,wxnumber,region, level , superior , establish_time , status ,sales_picture from salesman where salesman_id = ? 
16:03:23.960 [http-nio-8085-exec-8] DEBUG com.dfyy.project.module.salesman.dao.ISalesmanDao.selectSalesmanById - ==> Parameters: 6(Integer)
16:03:24.001 [http-nio-8085-exec-8] DEBUG com.dfyy.project.module.salesman.dao.ISalesmanDao.selectSalesmanById - <==      Total: 1
16:03:24.003 [http-nio-8085-exec-8] DEBUG c.d.p.module.salescommission.dao.ISalescommissionDao.selectSalescommissionList - ==>  Preparing: select id , yewu_type , sales_type , level , push_ratio , create_time from salescommission WHERE yewu_type = ? and level = ? 
16:03:24.004 [http-nio-8085-exec-8] DEBUG c.d.p.module.salescommission.dao.ISalescommissionDao.selectSalescommissionList - ==> Parameters: 2(Integer), 5(Integer)
16:03:24.043 [http-nio-8085-exec-8] DEBUG c.d.p.module.salescommission.dao.ISalescommissionDao.selectSalescommissionList - <==      Total: 2
16:03:24.045 [http-nio-8085-exec-8] DEBUG c.d.project.module.accountRakeback.dao.IAccountRakebackDao.insertAccountRakeback - ==>  Preparing: insert into t_account_rakeback ( id, user_id, user_type,user_level, contributor_id, order_num, balance_num, practice_status, practice_name, money,total_money, status, create_time, update_time, order_time ) values ( ?, ?, ?, ?, ?, ?,?, ?, ?, ?,?, ?, NOW(), ?,? ) 
16:03:24.046 [http-nio-8085-exec-8] DEBUG c.d.project.module.accountRakeback.dao.IAccountRakebackDao.insertAccountRakeback - ==> Parameters: null, 6(Integer), 0(Integer), null, 83(Integer), O201812135733(String), F201812130183(String), null, 少林易元洗髓养生大关班(String), 750.00(BigDecimal), 50000.00(BigDecimal), null, null, null
16:03:24.089 [http-nio-8085-exec-8] DEBUG c.d.project.module.accountRakeback.dao.IAccountRakebackDao.insertAccountRakeback - <==    Updates: 1
16:03:25.081 [http-nio-8085-exec-4] DEBUG com.dfyy.project.module.order.dao.IOrderDao.selectOrderList_COUNT - ==>  Preparing: SELECT count(0) FROM t_order o 
16:03:25.081 [http-nio-8085-exec-4] DEBUG com.dfyy.project.module.order.dao.IOrderDao.selectOrderList_COUNT - ==> Parameters: 
16:03:25.122 [http-nio-8085-exec-4] DEBUG com.dfyy.project.module.order.dao.IOrderDao.selectOrderList_COUNT - <==      Total: 1
16:03:25.125 [http-nio-8085-exec-4] DEBUG com.dfyy.project.module.order.dao.IOrderDao.selectOrderList - ==>  Preparing: select o.order_id , o.order_number , o.curriculum_id,o.user_id,(select username from t_user where id= o.user_id) as user_name , (select phone_number from t_user where id= o.user_id) AS phoneNumber , o.curriculum_name , o.number , o.order_time , o.end_time , o.order_money , o.actual_money , o.salesman_id , o.status , o.type from t_order o ORDER BY o.order_time DESC LIMIT ? 
16:03:25.126 [http-nio-8085-exec-4] DEBUG com.dfyy.project.module.order.dao.IOrderDao.selectOrderList - ==> Parameters: 10(Integer)
16:03:25.170 [http-nio-8085-exec-4] DEBUG com.dfyy.project.module.order.dao.IOrderDao.selectOrderList - <==      Total: 10
16:04:00.004 [pool-3-thread-1] DEBUG com.dfyy.project.module.activity.dao.IActivityDao.selectId - ==>  Preparing: select id from t_activity WHERE DATE_FORMAT(registration_start, '%Y-%m-%d %H:%i') = ? LIMIT 1 
16:04:00.006 [pool-3-thread-1] DEBUG com.dfyy.project.module.activity.dao.IActivityDao.selectId - ==> Parameters: 2018-12-13 16:04(String)
16:04:00.046 [pool-3-thread-1] DEBUG com.dfyy.project.module.activity.dao.IActivityDao.selectId - <==      Total: 0
16:04:00.048 [pool-3-thread-1] DEBUG com.dfyy.project.module.activity.dao.IActivityDao.selectId2 - ==>  Preparing: select id from t_activity WHERE DATE_FORMAT(registration_end, '%Y-%m-%d %H:%i') = ? LIMIT 1 
16:04:00.048 [pool-3-thread-1] DEBUG com.dfyy.project.module.activity.dao.IActivityDao.selectId2 - ==> Parameters: 2018-12-13 16:04(String)
16:04:00.088 [pool-3-thread-1] DEBUG com.dfyy.project.module.activity.dao.IActivityDao.selectId2 - <==      Total: 0
16:04:00.091 [pool-3-thread-1] DEBUG com.dfyy.project.module.activity.dao.IActivityDao.selectId3 - ==>  Preparing: select id from t_activity WHERE DATE_FORMAT(activity_time, '%Y-%m-%d %H:%i') = ? LIMIT 1 
16:04:00.092 [pool-3-thread-1] DEBUG com.dfyy.project.module.activity.dao.IActivityDao.selectId3 - ==> Parameters: 2018-12-13 16:04(String)
16:04:00.144 [pool-3-thread-1] DEBUG com.dfyy.project.module.activity.dao.IActivityDao.selectId3 - <==      Total: 0
16:04:18.280 [pool-2-thread-1] INFO  com.dfyy.framework.shiro.web.session.OnlineWebSessionManager - invalidation sessions...
16:04:18.282 [pool-2-thread-1] DEBUG com.dfyy.project.monitor.online.dao.IUserOnlineDao.selectOnlineByExpired - ==>  Preparing: SELECT * FROM sys_user_online o WHERE o.last_access_time <= ? ORDER BY o.last_access_time ASC 
16:04:18.283 [pool-2-thread-1] DEBUG com.dfyy.project.monitor.online.dao.IUserOnlineDao.selectOnlineByExpired - ==> Parameters: 2018-12-13 15:34:18(String)
16:04:18.324 [pool-2-thread-1] DEBUG com.dfyy.project.monitor.online.dao.IUserOnlineDao.selectOnlineByExpired - <==      Total: 0
16:04:18.325 [pool-2-thread-1] INFO  com.dfyy.framework.shiro.web.session.OnlineWebSessionManager - Finished invalidation session. No sessions were stopped.
16:05:00.003 [pool-3-thread-1] DEBUG com.dfyy.project.module.activity.dao.IActivityDao.selectId - ==>  Preparing: select id from t_activity WHERE DATE_FORMAT(registration_start, '%Y-%m-%d %H:%i') = ? LIMIT 1 
16:05:00.004 [pool-3-thread-1] DEBUG com.dfyy.project.module.activity.dao.IActivityDao.selectId - ==> Parameters: 2018-12-13 16:05(String)
16:05:00.042 [pool-3-thread-1] DEBUG com.dfyy.project.module.activity.dao.IActivityDao.selectId - <==      Total: 0
16:05:00.044 [pool-3-thread-1] DEBUG com.dfyy.project.module.activity.dao.IActivityDao.selectId2 - ==>  Preparing: select id from t_activity WHERE DATE_FORMAT(registration_end, '%Y-%m-%d %H:%i') = ? LIMIT 1 
16:05:00.045 [pool-3-thread-1] DEBUG com.dfyy.project.module.activity.dao.IActivityDao.selectId2 - ==> Parameters: 2018-12-13 16:05(String)
16:05:00.077 [pool-3-thread-1] DEBUG com.dfyy.project.module.activity.dao.IActivityDao.selectId2 - <==      Total: 0
16:05:00.080 [pool-3-thread-1] DEBUG com.dfyy.project.module.activity.dao.IActivityDao.selectId3 - ==>  Preparing: select id from t_activity WHERE DATE_FORMAT(activity_time, '%Y-%m-%d %H:%i') = ? LIMIT 1 
16:05:00.080 [pool-3-thread-1] DEBUG com.dfyy.project.module.activity.dao.IActivityDao.selectId3 - ==> Parameters: 2018-12-13 16:05(String)
16:05:00.113 [pool-3-thread-1] DEBUG com.dfyy.project.module.activity.dao.IActivityDao.selectId3 - <==      Total: 0
