10:37:25.958 [main] INFO  com.dfyy.DfyyiApplication - Starting DfyyiApplication on shijieX with PID 308 (E:\workspaces\dfyy\target\classes started by Administrator in E:\workspaces\dfyy)
10:37:25.967 [main] DEBUG com.dfyy.DfyyiApplication - Running with Spring Boot v1.5.10.RELEASE, Spring v4.3.14.RELEASE
10:37:25.969 [main] INFO  com.dfyy.DfyyiApplication - The following profiles are active: druid
10:37:27.842 [background-preinit] INFO  org.hibernate.validator.internal.util.Version - HV000001: Hibernate Validator 5.3.6.Final
10:37:59.080 [main] INFO  org.apache.shiro.cache.ehcache.EhCacheManager - Cache with name 'com.dfyy.framework.shiro.realm.UserRealm.authorizationCache' does not yet exist.  Creating now.
10:37:59.082 [main] INFO  org.apache.shiro.cache.ehcache.EhCacheManager - Added EhCache named [com.dfyy.framework.shiro.realm.UserRealm.authorizationCache]
10:38:06.237 [main] INFO  com.alibaba.druid.pool.DruidDataSource - {dataSource-1} inited
10:38:19.237 [main] INFO  org.apache.shiro.cache.ehcache.EhCacheManager - Using existing EHCache named [loginRecordCache]
10:38:23.171 [main] INFO  org.apache.catalina.core.StandardService - Starting service [Tomcat]
10:38:23.174 [main] INFO  org.apache.catalina.core.StandardEngine - Starting Servlet Engine: Apache Tomcat/8.5.27
10:38:23.426 [localhost-startStop-1] INFO  org.apache.catalina.core.ContainerBase.[Tomcat].[localhost].[/] - Initializing Spring embedded WebApplicationContext
10:38:25.774 [main] INFO  org.quartz.impl.StdSchedulerFactory - Using default implementation for ThreadExecutor
10:38:26.132 [main] INFO  org.quartz.core.SchedulerSignalerImpl - Initialized Scheduler Signaller of type: class org.quartz.core.SchedulerSignalerImpl
10:38:26.132 [main] INFO  org.quartz.core.QuartzScheduler - Quartz Scheduler v.2.3.0 created.
10:38:26.393 [main] INFO  org.quartz.core.QuartzScheduler - Scheduler meta-data: Quartz Scheduler (v2.3.0) 'dfyyScheduler' with instanceId 'shijieX1543891106021'
  Scheduler class: 'org.quartz.core.QuartzScheduler' - running locally.
  NOT STARTED.
  Currently in standby mode.
  Number of jobs executed: 0
  Using thread pool 'org.quartz.simpl.SimpleThreadPool' - with 20 threads.
  Using job-store 'org.springframework.scheduling.quartz.LocalDataSourceJobStore' - which supports persistence. and is clustered.

10:38:26.394 [main] INFO  org.quartz.impl.StdSchedulerFactory - Quartz scheduler 'dfyyScheduler' initialized from an externally provided properties instance.
10:38:26.395 [main] INFO  org.quartz.impl.StdSchedulerFactory - Quartz scheduler version: 2.3.0
10:38:26.400 [main] INFO  org.quartz.core.QuartzScheduler - JobFactory set to: org.springframework.scheduling.quartz.AdaptableJobFactory@5864e8bf
10:38:27.161 [main] DEBUG com.dfyy.project.monitor.job.dao.IJobDao.selectJobAll - ==>  Preparing: SELECT job_id, job_name, job_group, method_name, params, cron_expression, status, create_by, create_time FROM sys_job 
10:38:27.944 [main] DEBUG com.dfyy.project.monitor.job.dao.IJobDao.selectJobAll - ==> Parameters: 
10:38:27.998 [main] DEBUG com.dfyy.project.monitor.job.dao.IJobDao.selectJobAll - <==      Total: 1
10:38:32.120 [main] WARN  org.thymeleaf.templatemode.TemplateMode - [THYMELEAF][main] Template Mode 'LEGACYHTML5' is deprecated. Using Template Mode 'HTML' instead.
10:38:35.731 [main] INFO  org.apache.coyote.http11.Http11NioProtocol - Initializing ProtocolHandler ["http-nio-8085"]
10:38:35.852 [main] INFO  org.apache.coyote.http11.Http11NioProtocol - Starting ProtocolHandler ["http-nio-8085"]
10:38:35.860 [main] INFO  org.apache.tomcat.util.net.NioSelectorPool - Using a shared selector for servlet write/read
10:38:36.026 [main] INFO  com.dfyy.DfyyiApplication - Started DfyyiApplication in 73.822 seconds (JVM running for 78.763)
10:39:00.475 [pool-3-thread-1] DEBUG com.dfyy.project.module.activity.dao.IActivityDao.selectId - ==>  Preparing: select id from t_activity WHERE DATE_FORMAT(registration_start, '%Y-%m-%d %H:%i') = ? LIMIT 1 
10:39:00.483 [pool-3-thread-1] DEBUG com.dfyy.project.module.activity.dao.IActivityDao.selectId - ==> Parameters: 2018-12-04 10:39(String)
10:39:00.531 [pool-3-thread-1] DEBUG com.dfyy.project.module.activity.dao.IActivityDao.selectId - <==      Total: 0
10:39:00.535 [pool-3-thread-1] DEBUG com.dfyy.project.module.activity.dao.IActivityDao.selectId2 - ==>  Preparing: select id from t_activity WHERE DATE_FORMAT(registration_end, '%Y-%m-%d %H:%i') = ? LIMIT 1 
10:39:00.537 [pool-3-thread-1] DEBUG com.dfyy.project.module.activity.dao.IActivityDao.selectId2 - ==> Parameters: 2018-12-04 10:39(String)
10:39:00.584 [pool-3-thread-1] DEBUG com.dfyy.project.module.activity.dao.IActivityDao.selectId2 - <==      Total: 0
10:39:00.588 [pool-3-thread-1] DEBUG com.dfyy.project.module.activity.dao.IActivityDao.selectId3 - ==>  Preparing: select id from t_activity WHERE DATE_FORMAT(activity_time, '%Y-%m-%d %H:%i') = ? LIMIT 1 
10:39:00.591 [pool-3-thread-1] DEBUG com.dfyy.project.module.activity.dao.IActivityDao.selectId3 - ==> Parameters: 2018-12-04 10:39(String)
10:39:00.637 [pool-3-thread-1] DEBUG com.dfyy.project.module.activity.dao.IActivityDao.selectId3 - <==      Total: 0
10:39:28.114 [Quartz Scheduler [dfyyScheduler]] ERROR druid.sql.Statement - {conn-10001, pstmt-20003} execute error. SELECT * FROM QRTZ_LOCKS WHERE SCHED_NAME = 'dfyyScheduler' AND LOCK_NAME = ? FOR UPDATE
com.mysql.jdbc.exceptions.jdbc4.MySQLTransactionRollbackException: Lock wait timeout exceeded; try restarting transaction
	at sun.reflect.NativeConstructorAccessorImpl.newInstance0(Native Method)
	at sun.reflect.NativeConstructorAccessorImpl.newInstance(NativeConstructorAccessorImpl.java:62)
	at sun.reflect.DelegatingConstructorAccessorImpl.newInstance(DelegatingConstructorAccessorImpl.java:45)
	at java.lang.reflect.Constructor.newInstance(Constructor.java:423)
	at com.mysql.jdbc.Util.handleNewInstance(Util.java:425)
	at com.mysql.jdbc.Util.getInstance(Util.java:408)
	at com.mysql.jdbc.SQLError.createSQLException(SQLError.java:952)
	at com.mysql.jdbc.MysqlIO.checkErrorPacket(MysqlIO.java:3973)
	at com.mysql.jdbc.MysqlIO.checkErrorPacket(MysqlIO.java:3909)
	at com.mysql.jdbc.MysqlIO.sendCommand(MysqlIO.java:2527)
	at com.mysql.jdbc.MysqlIO.sqlQueryDirect(MysqlIO.java:2680)
	at com.mysql.jdbc.ConnectionImpl.execSQL(ConnectionImpl.java:2484)
	at com.mysql.jdbc.PreparedStatement.executeInternal(PreparedStatement.java:1858)
	at com.mysql.jdbc.PreparedStatement.executeQuery(PreparedStatement.java:1966)
	at com.alibaba.druid.filter.FilterChainImpl.preparedStatement_executeQuery(FilterChainImpl.java:2714)
	at com.alibaba.druid.filter.FilterEventAdapter.preparedStatement_executeQuery(FilterEventAdapter.java:465)
	at com.alibaba.druid.filter.FilterChainImpl.preparedStatement_executeQuery(FilterChainImpl.java:2711)
	at com.alibaba.druid.wall.WallFilter.preparedStatement_executeQuery(WallFilter.java:622)
	at com.alibaba.druid.filter.FilterChainImpl.preparedStatement_executeQuery(FilterChainImpl.java:2711)
	at com.alibaba.druid.filter.FilterEventAdapter.preparedStatement_executeQuery(FilterEventAdapter.java:465)
	at com.alibaba.druid.filter.FilterChainImpl.preparedStatement_executeQuery(FilterChainImpl.java:2711)
	at com.alibaba.druid.proxy.jdbc.PreparedStatementProxyImpl.executeQuery(PreparedStatementProxyImpl.java:145)
	at com.alibaba.druid.pool.DruidPooledPreparedStatement.executeQuery(DruidPooledPreparedStatement.java:227)
	at org.quartz.impl.jdbcjobstore.StdRowLockSemaphore.executeSQL(StdRowLockSemaphore.java:96)
	at org.quartz.impl.jdbcjobstore.DBSemaphore.obtainLock(DBSemaphore.java:113)
	at org.quartz.impl.jdbcjobstore.JobStoreSupport.doCheckin(JobStoreSupport.java:3320)
	at org.quartz.impl.jdbcjobstore.JobStoreSupport$ClusterManager.manage(JobStoreSupport.java:3920)
	at org.quartz.impl.jdbcjobstore.JobStoreSupport$ClusterManager.initialize(JobStoreSupport.java:3905)
	at org.quartz.impl.jdbcjobstore.JobStoreSupport.schedulerStarted(JobStoreSupport.java:692)
	at org.quartz.core.QuartzScheduler.start(QuartzScheduler.java:539)
	at org.quartz.impl.StdScheduler.start(StdScheduler.java:142)
	at org.springframework.scheduling.quartz.SchedulerFactoryBean$1.run(SchedulerFactoryBean.java:668)
10:39:29.115 [Quartz Scheduler [dfyyScheduler]] ERROR com.alibaba.druid.pool.DruidPooledPreparedStatement - getMaxFieldSize error
java.sql.SQLException: No operations allowed after statement closed.
	at com.mysql.jdbc.SQLError.createSQLException(SQLError.java:965)
	at com.mysql.jdbc.SQLError.createSQLException(SQLError.java:898)
	at com.mysql.jdbc.SQLError.createSQLException(SQLError.java:887)
	at com.mysql.jdbc.SQLError.createSQLException(SQLError.java:861)
	at com.mysql.jdbc.StatementImpl.checkClosed(StatementImpl.java:442)
	at com.mysql.jdbc.StatementImpl.getMaxFieldSize(StatementImpl.java:1854)
	at com.alibaba.druid.filter.FilterChainImpl.statement_getMaxFieldSize(FilterChainImpl.java:2394)
	at com.alibaba.druid.filter.FilterAdapter.statement_getMaxFieldSize(FilterAdapter.java:2529)
	at com.alibaba.druid.filter.FilterChainImpl.statement_getMaxFieldSize(FilterChainImpl.java:2392)
	at com.alibaba.druid.filter.FilterAdapter.statement_getMaxFieldSize(FilterAdapter.java:2529)
	at com.alibaba.druid.filter.FilterChainImpl.statement_getMaxFieldSize(FilterChainImpl.java:2392)
	at com.alibaba.druid.filter.FilterAdapter.statement_getMaxFieldSize(FilterAdapter.java:2529)
	at com.alibaba.druid.filter.FilterChainImpl.statement_getMaxFieldSize(FilterChainImpl.java:2392)
	at com.alibaba.druid.proxy.jdbc.StatementProxyImpl.getMaxFieldSize(StatementProxyImpl.java:307)
	at com.alibaba.druid.pool.DruidPooledPreparedStatement.<init>(DruidPooledPreparedStatement.java:80)
	at com.alibaba.druid.pool.DruidPooledConnection.prepareStatement(DruidPooledConnection.java:340)
	at sun.reflect.GeneratedMethodAccessor44.invoke(Unknown Source)
	at sun.reflect.DelegatingMethodAccessorImpl.invoke(DelegatingMethodAccessorImpl.java:43)
	at java.lang.reflect.Method.invoke(Method.java:498)
	at org.quartz.impl.jdbcjobstore.AttributeRestoringConnectionInvocationHandler.invoke(AttributeRestoringConnectionInvocationHandler.java:73)
	at com.sun.proxy.$Proxy142.prepareStatement(Unknown Source)
	at org.quartz.impl.jdbcjobstore.StdRowLockSemaphore.executeSQL(StdRowLockSemaphore.java:88)
	at org.quartz.impl.jdbcjobstore.DBSemaphore.obtainLock(DBSemaphore.java:113)
	at org.quartz.impl.jdbcjobstore.JobStoreSupport.doCheckin(JobStoreSupport.java:3320)
	at org.quartz.impl.jdbcjobstore.JobStoreSupport$ClusterManager.manage(JobStoreSupport.java:3920)
	at org.quartz.impl.jdbcjobstore.JobStoreSupport$ClusterManager.initialize(JobStoreSupport.java:3905)
	at org.quartz.impl.jdbcjobstore.JobStoreSupport.schedulerStarted(JobStoreSupport.java:692)
	at org.quartz.core.QuartzScheduler.start(QuartzScheduler.java:539)
	at org.quartz.impl.StdScheduler.start(StdScheduler.java:142)
	at org.springframework.scheduling.quartz.SchedulerFactoryBean$1.run(SchedulerFactoryBean.java:668)
10:39:29.115 [Quartz Scheduler [dfyyScheduler]] ERROR com.alibaba.druid.pool.DruidPooledPreparedStatement - getMaxRows error
java.sql.SQLException: No operations allowed after statement closed.
	at com.mysql.jdbc.SQLError.createSQLException(SQLError.java:965)
	at com.mysql.jdbc.SQLError.createSQLException(SQLError.java:898)
	at com.mysql.jdbc.SQLError.createSQLException(SQLError.java:887)
	at com.mysql.jdbc.SQLError.createSQLException(SQLError.java:861)
	at com.mysql.jdbc.StatementImpl.checkClosed(StatementImpl.java:442)
	at com.mysql.jdbc.StatementImpl.getMaxRows(StatementImpl.java:1870)
	at com.alibaba.druid.filter.FilterChainImpl.statement_getMaxRows(FilterChainImpl.java:2411)
	at com.alibaba.druid.filter.FilterAdapter.statement_getMaxRows(FilterAdapter.java:2534)
	at com.alibaba.druid.filter.FilterChainImpl.statement_getMaxRows(FilterChainImpl.java:2409)
	at com.alibaba.druid.filter.FilterAdapter.statement_getMaxRows(FilterAdapter.java:2534)
	at com.alibaba.druid.filter.FilterChainImpl.statement_getMaxRows(FilterChainImpl.java:2409)
	at com.alibaba.druid.filter.FilterAdapter.statement_getMaxRows(FilterAdapter.java:2534)
	at com.alibaba.druid.filter.FilterChainImpl.statement_getMaxRows(FilterChainImpl.java:2409)
	at com.alibaba.druid.proxy.jdbc.StatementProxyImpl.getMaxRows(StatementProxyImpl.java:315)
	at com.alibaba.druid.pool.DruidPooledPreparedStatement.<init>(DruidPooledPreparedStatement.java:86)
	at com.alibaba.druid.pool.DruidPooledConnection.prepareStatement(DruidPooledConnection.java:340)
	at sun.reflect.GeneratedMethodAccessor44.invoke(Unknown Source)
	at sun.reflect.DelegatingMethodAccessorImpl.invoke(DelegatingMethodAccessorImpl.java:43)
	at java.lang.reflect.Method.invoke(Method.java:498)
	at org.quartz.impl.jdbcjobstore.AttributeRestoringConnectionInvocationHandler.invoke(AttributeRestoringConnectionInvocationHandler.java:73)
	at com.sun.proxy.$Proxy142.prepareStatement(Unknown Source)
	at org.quartz.impl.jdbcjobstore.StdRowLockSemaphore.executeSQL(StdRowLockSemaphore.java:88)
	at org.quartz.impl.jdbcjobstore.DBSemaphore.obtainLock(DBSemaphore.java:113)
	at org.quartz.impl.jdbcjobstore.JobStoreSupport.doCheckin(JobStoreSupport.java:3320)
	at org.quartz.impl.jdbcjobstore.JobStoreSupport$ClusterManager.manage(JobStoreSupport.java:3920)
	at org.quartz.impl.jdbcjobstore.JobStoreSupport$ClusterManager.initialize(JobStoreSupport.java:3905)
	at org.quartz.impl.jdbcjobstore.JobStoreSupport.schedulerStarted(JobStoreSupport.java:692)
	at org.quartz.core.QuartzScheduler.start(QuartzScheduler.java:539)
	at org.quartz.impl.StdScheduler.start(StdScheduler.java:142)
	at org.springframework.scheduling.quartz.SchedulerFactoryBean$1.run(SchedulerFactoryBean.java:668)
10:39:29.116 [Quartz Scheduler [dfyyScheduler]] ERROR com.alibaba.druid.pool.DruidPooledPreparedStatement - getMaxRows error
java.sql.SQLException: No operations allowed after statement closed.
	at com.mysql.jdbc.SQLError.createSQLException(SQLError.java:965)
	at com.mysql.jdbc.SQLError.createSQLException(SQLError.java:898)
	at com.mysql.jdbc.SQLError.createSQLException(SQLError.java:887)
	at com.mysql.jdbc.SQLError.createSQLException(SQLError.java:861)
	at com.mysql.jdbc.StatementImpl.checkClosed(StatementImpl.java:442)
	at com.mysql.jdbc.StatementImpl.getQueryTimeout(StatementImpl.java:1985)
	at com.alibaba.druid.filter.FilterChainImpl.statement_getQueryTimeout(FilterChainImpl.java:2437)
	at com.alibaba.druid.filter.FilterAdapter.statement_getQueryTimeout(FilterAdapter.java:2550)
	at com.alibaba.druid.filter.FilterChainImpl.statement_getQueryTimeout(FilterChainImpl.java:2435)
	at com.alibaba.druid.filter.FilterAdapter.statement_getQueryTimeout(FilterAdapter.java:2550)
	at com.alibaba.druid.filter.FilterChainImpl.statement_getQueryTimeout(FilterChainImpl.java:2435)
	at com.alibaba.druid.filter.FilterAdapter.statement_getQueryTimeout(FilterAdapter.java:2550)
	at com.alibaba.druid.filter.FilterChainImpl.statement_getQueryTimeout(FilterChainImpl.java:2435)
	at com.alibaba.druid.proxy.jdbc.StatementProxyImpl.getQueryTimeout(StatementProxyImpl.java:341)
	at com.alibaba.druid.pool.DruidPooledPreparedStatement.<init>(DruidPooledPreparedStatement.java:92)
	at com.alibaba.druid.pool.DruidPooledConnection.prepareStatement(DruidPooledConnection.java:340)
	at sun.reflect.GeneratedMethodAccessor44.invoke(Unknown Source)
	at sun.reflect.DelegatingMethodAccessorImpl.invoke(DelegatingMethodAccessorImpl.java:43)
	at java.lang.reflect.Method.invoke(Method.java:498)
	at org.quartz.impl.jdbcjobstore.AttributeRestoringConnectionInvocationHandler.invoke(AttributeRestoringConnectionInvocationHandler.java:73)
	at com.sun.proxy.$Proxy142.prepareStatement(Unknown Source)
	at org.quartz.impl.jdbcjobstore.StdRowLockSemaphore.executeSQL(StdRowLockSemaphore.java:88)
	at org.quartz.impl.jdbcjobstore.DBSemaphore.obtainLock(DBSemaphore.java:113)
	at org.quartz.impl.jdbcjobstore.JobStoreSupport.doCheckin(JobStoreSupport.java:3320)
	at org.quartz.impl.jdbcjobstore.JobStoreSupport$ClusterManager.manage(JobStoreSupport.java:3920)
	at org.quartz.impl.jdbcjobstore.JobStoreSupport$ClusterManager.initialize(JobStoreSupport.java:3905)
	at org.quartz.impl.jdbcjobstore.JobStoreSupport.schedulerStarted(JobStoreSupport.java:692)
	at org.quartz.core.QuartzScheduler.start(QuartzScheduler.java:539)
	at org.quartz.impl.StdScheduler.start(StdScheduler.java:142)
	at org.springframework.scheduling.quartz.SchedulerFactoryBean$1.run(SchedulerFactoryBean.java:668)
10:39:29.116 [Quartz Scheduler [dfyyScheduler]] ERROR com.alibaba.druid.pool.DruidPooledPreparedStatement - getFetchSize error
java.sql.SQLException: No operations allowed after statement closed.
	at com.mysql.jdbc.SQLError.createSQLException(SQLError.java:965)
	at com.mysql.jdbc.SQLError.createSQLException(SQLError.java:898)
	at com.mysql.jdbc.SQLError.createSQLException(SQLError.java:887)
	at com.mysql.jdbc.SQLError.createSQLException(SQLError.java:861)
	at com.mysql.jdbc.StatementImpl.checkClosed(StatementImpl.java:442)
	at com.mysql.jdbc.StatementImpl.getFetchSize(StatementImpl.java:1682)
	at com.alibaba.druid.filter.FilterChainImpl.statement_getFetchSize(FilterChainImpl.java:2554)
	at com.alibaba.druid.filter.FilterAdapter.statement_getFetchSize(FilterAdapter.java:2519)
	at com.alibaba.druid.filter.FilterChainImpl.statement_getFetchSize(FilterChainImpl.java:2552)
	at com.alibaba.druid.filter.FilterAdapter.statement_getFetchSize(FilterAdapter.java:2519)
	at com.alibaba.druid.filter.FilterChainImpl.statement_getFetchSize(FilterChainImpl.java:2552)
	at com.alibaba.druid.filter.FilterAdapter.statement_getFetchSize(FilterAdapter.java:2519)
	at com.alibaba.druid.filter.FilterChainImpl.statement_getFetchSize(FilterChainImpl.java:2552)
	at com.alibaba.druid.proxy.jdbc.StatementProxyImpl.getFetchSize(StatementProxyImpl.java:291)
	at com.alibaba.druid.pool.DruidPooledPreparedStatement.<init>(DruidPooledPreparedStatement.java:104)
	at com.alibaba.druid.pool.DruidPooledConnection.prepareStatement(DruidPooledConnection.java:340)
	at sun.reflect.GeneratedMethodAccessor44.invoke(Unknown Source)
	at sun.reflect.DelegatingMethodAccessorImpl.invoke(DelegatingMethodAccessorImpl.java:43)
	at java.lang.reflect.Method.invoke(Method.java:498)
	at org.quartz.impl.jdbcjobstore.AttributeRestoringConnectionInvocationHandler.invoke(AttributeRestoringConnectionInvocationHandler.java:73)
	at com.sun.proxy.$Proxy142.prepareStatement(Unknown Source)
	at org.quartz.impl.jdbcjobstore.StdRowLockSemaphore.executeSQL(StdRowLockSemaphore.java:88)
	at org.quartz.impl.jdbcjobstore.DBSemaphore.obtainLock(DBSemaphore.java:113)
	at org.quartz.impl.jdbcjobstore.JobStoreSupport.doCheckin(JobStoreSupport.java:3320)
	at org.quartz.impl.jdbcjobstore.JobStoreSupport$ClusterManager.manage(JobStoreSupport.java:3920)
	at org.quartz.impl.jdbcjobstore.JobStoreSupport$ClusterManager.initialize(JobStoreSupport.java:3905)
	at org.quartz.impl.jdbcjobstore.JobStoreSupport.schedulerStarted(JobStoreSupport.java:692)
	at org.quartz.core.QuartzScheduler.start(QuartzScheduler.java:539)
	at org.quartz.impl.StdScheduler.start(StdScheduler.java:142)
	at org.springframework.scheduling.quartz.SchedulerFactoryBean$1.run(SchedulerFactoryBean.java:668)
10:39:44.608 [http-nio-8085-exec-3] INFO  org.apache.catalina.core.ContainerBase.[Tomcat].[localhost].[/] - Initializing Spring FrameworkServlet 'dispatcherServlet'
10:39:44.666 [http-nio-8085-exec-3] INFO  org.apache.shiro.session.mgt.AbstractValidatingSessionManager - Enabling session validation scheduler...
10:39:44.667 [http-nio-8085-exec-3] DEBUG com.dfyy.framework.shiro.web.session.SpringSessionValidationScheduler - Scheduling session validation job using Spring Scheduler with session validation interval of [600000]ms...
10:39:44.667 [http-nio-8085-exec-3] DEBUG com.dfyy.framework.shiro.web.session.SpringSessionValidationScheduler - Session validation job successfully scheduled with Spring Scheduler.
10:39:45.668 [pool-2-thread-1] INFO  com.dfyy.framework.shiro.web.session.OnlineWebSessionManager - invalidation sessions...
10:39:45.692 [pool-2-thread-1] DEBUG com.dfyy.project.monitor.online.dao.IUserOnlineDao.selectOnlineByExpired - ==>  Preparing: SELECT * FROM sys_user_online o WHERE o.last_access_time <= ? ORDER BY o.last_access_time ASC 
10:39:45.696 [pool-2-thread-1] DEBUG com.dfyy.project.monitor.online.dao.IUserOnlineDao.selectOnlineByExpired - ==> Parameters: 2018-12-04 10:09:45(String)
10:39:45.742 [pool-2-thread-1] DEBUG com.dfyy.project.monitor.online.dao.IUserOnlineDao.selectOnlineByExpired - <==      Total: 0
10:39:45.743 [pool-2-thread-1] INFO  com.dfyy.framework.shiro.web.session.OnlineWebSessionManager - Finished invalidation session. No sessions were stopped.
10:39:45.756 [http-nio-8085-exec-1] DEBUG com.dfyy.project.module.relationship.dao.IRelationshipDao.selectRelationshipList - ==>  Preparing: select id, user_number , user_id , type , name , open_id , user_name , phone_number , user_url,status from user_relationship WHERE open_id = ? 
10:39:45.757 [http-nio-8085-exec-1] DEBUG com.dfyy.project.module.relationship.dao.IRelationshipDao.selectRelationshipList - ==> Parameters: oabDM4jOVL2BfkGTosxJp5LjAibM(String)
10:39:45.809 [http-nio-8085-exec-1] DEBUG com.dfyy.project.module.relationship.dao.IRelationshipDao.selectRelationshipList - <==      Total: 1
10:39:45.869 [http-nio-8085-exec-2] DEBUG com.dfyy.project.module.carousel.dao.ICarouselDao.appSelectPicture - ==>  Preparing: SELECT ( SELECT url FROM picture WHERE picture.content_id = carousel.image_id ) img,url_type,url_id FROM carousel where type=0 order by sort 
10:39:45.872 [http-nio-8085-exec-2] DEBUG com.dfyy.project.module.carousel.dao.ICarouselDao.appSelectPicture - ==> Parameters: 
10:39:45.920 [http-nio-8085-exec-2] DEBUG com.dfyy.project.module.carousel.dao.ICarouselDao.appSelectPicture - <==      Total: 3
10:39:45.920 [http-nio-8085-exec-4] DEBUG c.dfyy.project.module.certificate.dao.ICertificateDao.selectCertificateListByUid - ==>  Preparing: select id , uid , course , create_time , number , url,type from certificate where uid = ? and type=0 order by id desc 
10:39:45.921 [http-nio-8085-exec-4] DEBUG c.dfyy.project.module.certificate.dao.ICertificateDao.selectCertificateListByUid - ==> Parameters: 4(Integer)
10:39:45.983 [http-nio-8085-exec-4] DEBUG c.dfyy.project.module.certificate.dao.ICertificateDao.selectCertificateListByUid - <==      Total: 0
10:39:45.990 [http-nio-8085-exec-7] DEBUG com.dfyy.project.module.activity.dao.IActivityDao.selectActivityListA - ==>  Preparing: SELECT id, picture.url as picture, ta.activity_num activityNum, ta.activity_name activityName, (SELECT cl.content FROM classify cl WHERE cl.id=ta.activity_type) activityType, REPLACE(RIGHT(SUBSTRING_INDEX(ta.city ,'-' ,2), LOCATE('-' ,ta.city)),'-','')citys, ta.city, ta.place, ta.activity_introduce activityIntroduce, ta.lecturer, DATE_FORMAT( ta.create_time, '%Y-%m-%d %H:%i' ) createTime, DATE_FORMAT( ta.activity_time, '%Y-%m-%d %H:%i' ) activityTime, DATE_FORMAT( ta.activity_time, '%m-%d' ) activityTimes, DATE_FORMAT( ta.registration_start, '%Y-%m-%d' ) registrationStart, DATE_FORMAT( ta.registration_end, '%Y-%m-%d' ) registrationEnd, ta.activity_status activityStatus, ta.is_release isRelease, ta.activity_qrcode activityQrcode, ta.activity_money activityMoney, ( SELECT COUNT(tae.id) FROM t_activity_enroll tae WHERE tae.activity_id = ta.id ) enroll, ( SELECT COUNT(tae.id) FROM t_activity_enroll tae WHERE tae.activity_id = ta.id AND tae.money_status = 1 ) paid FROM t_activity ta left join picture on picture.content_id = ta.picture WHERE 1 = 1 ORDER BY ta.registration_start desc 
10:39:46.050 [http-nio-8085-exec-7] DEBUG com.dfyy.project.module.activity.dao.IActivityDao.selectActivityListA - ==> Parameters: 
10:39:46.118 [http-nio-8085-exec-7] DEBUG com.dfyy.project.module.activity.dao.IActivityDao.selectActivityListA - <==      Total: 9
10:39:46.132 [http-nio-8085-exec-9] DEBUG com.dfyy.project.module.coach.dao.ICoachDao.selectCoachList - ==>  Preparing: select a.coach_id , a.intro,a.coach_number ,a.city, a.name , a.phone , a.wx , a.status , a.image_url , a.sex ,sort,(select count(1) from t_user b where b.coach_id = a.coach_id) as number, (select count(DISTINCT t.id)as numbers from t_user t join practice p on p.user_id = t.id and p.type = '1' where t.coach_id = a.coach_id)as numberw, (select count(DISTINCT t.id)as numbers from t_user t join practice p on p.user_id = t.id and p.type = '2' where t.coach_id = a.coach_id)as numbers, (select count(DISTINCT t.id)as numbers from t_user t join practice p on p.user_id = t.id and p.type = '3' where t.coach_id = a.coach_id)as numberx from coach a WHERE a.status != 1 
10:39:46.135 [http-nio-8085-exec-9] DEBUG com.dfyy.project.module.coach.dao.ICoachDao.selectCoachList - ==> Parameters: 
10:39:46.227 [http-nio-8085-exec-9] DEBUG com.dfyy.project.module.coach.dao.ICoachDao.selectCoachList - <==      Total: 15
10:39:46.235 [http-nio-8085-exec-8] DEBUG com.dfyy.project.module.video.dao.IVideoDao.selectVideoListA_COUNT - ==>  Preparing: SELECT count(0) FROM video vi WHERE 1 = 1 AND vi.classify_id = ? 
10:39:46.246 [http-nio-8085-exec-8] DEBUG com.dfyy.project.module.video.dao.IVideoDao.selectVideoListA_COUNT - ==> Parameters: 12(Integer)
10:39:46.285 [http-nio-8085-exec-6] DEBUG com.dfyy.project.module.video.dao.IVideoDao.selectVideoListA_COUNT - ==>  Preparing: SELECT count(0) FROM video vi WHERE 1 = 1 AND vi.classify_id != '12' 
10:39:46.286 [http-nio-8085-exec-6] DEBUG com.dfyy.project.module.video.dao.IVideoDao.selectVideoListA_COUNT - ==> Parameters: 
10:39:46.295 [http-nio-8085-exec-8] DEBUG com.dfyy.project.module.video.dao.IVideoDao.selectVideoListA_COUNT - <==      Total: 1
10:39:46.298 [http-nio-8085-exec-8] DEBUG com.dfyy.project.module.video.dao.IVideoDao.selectVideoListA - ==>  Preparing: SELECT vi.grade, vi.id, vi.video_number, vi.video_name, vi.pictureurl, (SELECT cl.content FROM classify cl WHERE cl.id=vi.classify_id) classifyType, ( SELECT COUNT(*) FROM playrecord pr WHERE pr.video_id = vi.id ) counts, vi.create_time, vi.videourl, vi.intro FROM video vi where 1 = 1 AND vi.classify_id = ? order by classifyType,vi.id desc LIMIT ? 
10:39:46.300 [http-nio-8085-exec-8] DEBUG com.dfyy.project.module.video.dao.IVideoDao.selectVideoListA - ==> Parameters: 12(Integer), 6(Integer)
10:39:46.333 [http-nio-8085-exec-6] DEBUG com.dfyy.project.module.video.dao.IVideoDao.selectVideoListA_COUNT - <==      Total: 1
10:39:46.333 [http-nio-8085-exec-8] DEBUG com.dfyy.project.module.video.dao.IVideoDao.selectVideoListA - <==      Total: 2
10:39:46.334 [http-nio-8085-exec-6] DEBUG com.dfyy.project.module.video.dao.IVideoDao.selectVideoListA - ==>  Preparing: SELECT vi.grade, vi.id, vi.video_number, vi.video_name, vi.pictureurl, (SELECT cl.content FROM classify cl WHERE cl.id=vi.classify_id) classifyType, ( SELECT COUNT(*) FROM playrecord pr WHERE pr.video_id = vi.id ) counts, vi.create_time, vi.videourl, vi.intro FROM video vi where 1 = 1 AND vi.classify_id != '12' order by classifyType,vi.id desc LIMIT ? 
10:39:46.335 [http-nio-8085-exec-5] DEBUG c.d.project.module.companynews.dao.ICompanynewsDao.selectCompanynewsList_COUNT - ==>  Preparing: SELECT count(0) FROM (SELECT picture.url AS pictureNum, id, companynews_num, title, (SELECT count(1) FROM playrecord p WHERE p.video_id = ?) playrecord, content, DATE_FORMAT(picture.create_time, '%Y-%m-%d %H:%i') create_time, sort, readsum, status FROM companynews LEFT JOIN picture ON picture.content_id = companynews.pictureNum WHERE status = ?) table_count 
10:39:46.336 [http-nio-8085-exec-6] DEBUG com.dfyy.project.module.video.dao.IVideoDao.selectVideoListA - ==> Parameters: 4(Integer)
10:39:46.373 [http-nio-8085-exec-5] DEBUG c.d.project.module.companynews.dao.ICompanynewsDao.selectCompanynewsList_COUNT - ==> Parameters: null, 0(Integer)
10:39:46.385 [http-nio-8085-exec-6] DEBUG com.dfyy.project.module.video.dao.IVideoDao.selectVideoListA - <==      Total: 3
10:39:46.406 [http-nio-8085-exec-5] DEBUG c.d.project.module.companynews.dao.ICompanynewsDao.selectCompanynewsList_COUNT - <==      Total: 1
10:39:46.407 [http-nio-8085-exec-5] DEBUG com.dfyy.project.module.companynews.dao.ICompanynewsDao.selectCompanynewsList - ==>  Preparing: select picture.url as pictureNum,id , companynews_num , title , (select count(1) from playrecord p where p.video_id = ?) playrecord, content , DATE_FORMAT( picture.create_time, '%Y-%m-%d %H:%i' ) create_time , sort , readsum , status from companynews left join picture on picture.content_id = companynews.pictureNum WHERE status = ? order by sort LIMIT ? 
10:39:46.411 [http-nio-8085-exec-5] DEBUG com.dfyy.project.module.companynews.dao.ICompanynewsDao.selectCompanynewsList - ==> Parameters: null, 0(Integer), 3(Integer)
10:39:46.488 [http-nio-8085-exec-5] DEBUG com.dfyy.project.module.companynews.dao.ICompanynewsDao.selectCompanynewsList - <==      Total: 2
10:39:47.290 [http-nio-8085-exec-8] DEBUG com.dfyy.project.module.relationship.dao.IRelationshipDao.selectRelationshipList - ==>  Preparing: select id, user_number , user_id , type , name , open_id , user_name , phone_number , user_url,status from user_relationship WHERE open_id = ? 
10:39:47.291 [http-nio-8085-exec-8] DEBUG com.dfyy.project.module.relationship.dao.IRelationshipDao.selectRelationshipList - ==> Parameters: oabDM4jOVL2BfkGTosxJp5LjAibM(String)
10:39:47.326 [http-nio-8085-exec-8] DEBUG com.dfyy.project.module.relationship.dao.IRelationshipDao.selectRelationshipList - <==      Total: 1
10:39:47.340 [http-nio-8085-exec-3] DEBUG com.dfyy.project.module.user.dao.IAppUserDao.selectMemberList - ==>  Preparing: SELECT u.avatarUrl,u.username,u.user_type,u.grade,IFNULL(u.advance,0.00) AS advance ,IFNULL(u.revenue,0.00) AS revenue FROM t_user u WHERE u.id=? 
10:39:47.341 [http-nio-8085-exec-3] DEBUG com.dfyy.project.module.user.dao.IAppUserDao.selectMemberList - ==> Parameters: 4(Integer)
10:39:47.374 [http-nio-8085-exec-3] DEBUG com.dfyy.project.module.user.dao.IAppUserDao.selectMemberList - <==      Total: 1
10:39:47.376 [http-nio-8085-exec-3] DEBUG com.dfyy.project.module.user.dao.IAppUserDao.selectRevenue - ==>  Preparing: SELECT IFNULL(SUM(extract_money),0) AS revenue FROM profitdetails WHERE recommend_id = ? 
10:39:47.377 [http-nio-8085-exec-3] DEBUG com.dfyy.project.module.user.dao.IAppUserDao.selectRevenue - ==> Parameters: 4(Integer)
10:39:47.410 [http-nio-8085-exec-3] DEBUG com.dfyy.project.module.user.dao.IAppUserDao.selectRevenue - <==      Total: 1
10:39:47.411 [http-nio-8085-exec-3] DEBUG com.dfyy.project.module.practice.dao.IPracticeDao.selectSort - ==>  Preparing: SELECT sort FROM curriculum WHERE curriculum_id IN(SELECT curriculum_id FROM practice WHERE user_id = ? AND type=3 AND state = 1) ORDER BY sort DESC LIMIT 1 
10:39:47.413 [http-nio-8085-exec-3] DEBUG com.dfyy.project.module.practice.dao.IPracticeDao.selectSort - ==> Parameters: 4(Integer)
10:39:47.446 [http-nio-8085-exec-3] DEBUG com.dfyy.project.module.practice.dao.IPracticeDao.selectSort - <==      Total: 0
10:39:47.458 [http-nio-8085-exec-5] DEBUG com.dfyy.project.module.user.dao.IAppUserDao.selectMemberList - ==>  Preparing: SELECT u.avatarUrl,u.username,u.user_type,u.grade,IFNULL(u.advance,0.00) AS advance ,IFNULL(u.revenue,0.00) AS revenue FROM t_user u WHERE u.id=? 
10:39:47.458 [http-nio-8085-exec-5] DEBUG com.dfyy.project.module.user.dao.IAppUserDao.selectMemberList - ==> Parameters: 4(Integer)
10:39:47.491 [http-nio-8085-exec-5] DEBUG com.dfyy.project.module.user.dao.IAppUserDao.selectMemberList - <==      Total: 1
10:39:47.492 [http-nio-8085-exec-5] DEBUG com.dfyy.project.module.user.dao.IAppUserDao.selectRevenue - ==>  Preparing: SELECT IFNULL(SUM(extract_money),0) AS revenue FROM profitdetails WHERE recommend_id = ? 
10:39:47.493 [http-nio-8085-exec-5] DEBUG com.dfyy.project.module.user.dao.IAppUserDao.selectRevenue - ==> Parameters: 4(Integer)
10:39:47.525 [http-nio-8085-exec-5] DEBUG com.dfyy.project.module.user.dao.IAppUserDao.selectRevenue - <==      Total: 1
10:39:47.526 [http-nio-8085-exec-5] DEBUG com.dfyy.project.module.practice.dao.IPracticeDao.selectSort - ==>  Preparing: SELECT sort FROM curriculum WHERE curriculum_id IN(SELECT curriculum_id FROM practice WHERE user_id = ? AND type=3 AND state = 1) ORDER BY sort DESC LIMIT 1 
10:39:47.527 [http-nio-8085-exec-5] DEBUG com.dfyy.project.module.practice.dao.IPracticeDao.selectSort - ==> Parameters: 4(Integer)
10:39:47.559 [http-nio-8085-exec-5] DEBUG com.dfyy.project.module.practice.dao.IPracticeDao.selectSort - <==      Total: 0
10:39:51.596 [http-nio-8085-exec-10] DEBUG com.dfyy.project.module.user.dao.IAppUserDao.selectById - ==>  Preparing: select * from t_user where id = ? 
10:39:51.597 [http-nio-8085-exec-10] DEBUG com.dfyy.project.module.user.dao.IAppUserDao.selectById - ==> Parameters: 4(Integer)
10:39:51.638 [http-nio-8085-exec-10] DEBUG com.dfyy.project.module.user.dao.IAppUserDao.selectById - <==      Total: 1
10:39:51.640 [http-nio-8085-exec-10] DEBUG com.dfyy.project.module.user.dao.IAppUserDao.selectMyBalance - ==>  Preparing: SELECT a.type,a.actual_money, DATE_FORMAT(a.create_time,'%m-%d %H:%i') AS create_time FROM t_account_income a WHERE a.user_id = ? AND a.type in (2,3,4) 
10:39:51.642 [http-nio-8085-exec-10] DEBUG com.dfyy.project.module.user.dao.IAppUserDao.selectMyBalance - ==> Parameters: 4(Integer)
10:39:51.676 [http-nio-8085-exec-10] DEBUG com.dfyy.project.module.user.dao.IAppUserDao.selectMyBalance - <==      Total: 0
10:39:53.452 [http-nio-8085-exec-1] DEBUG c.d.p.module.rechargeSetting.dao.IRechargeSettingDao.selectRechargeSettingWxPay - ==>  Preparing: select id , name , value , recharge_money , actual_money , create_time , update_time from t_recharge_setting where name = ? ORDER BY recharge_money 
10:39:53.453 [http-nio-8085-exec-1] DEBUG c.d.p.module.rechargeSetting.dao.IRechargeSettingDao.selectRechargeSettingWxPay - ==> Parameters: jk(String)
10:39:53.489 [http-nio-8085-exec-1] DEBUG c.d.p.module.rechargeSetting.dao.IRechargeSettingDao.selectRechargeSettingWxPay - <==      Total: 6
10:40:00.002 [pool-3-thread-1] DEBUG com.dfyy.project.module.activity.dao.IActivityDao.selectId - ==>  Preparing: select id from t_activity WHERE DATE_FORMAT(registration_start, '%Y-%m-%d %H:%i') = ? LIMIT 1 
10:40:00.004 [pool-3-thread-1] DEBUG com.dfyy.project.module.activity.dao.IActivityDao.selectId - ==> Parameters: 2018-12-04 10:40(String)
10:40:00.038 [pool-3-thread-1] DEBUG com.dfyy.project.module.activity.dao.IActivityDao.selectId - <==      Total: 0
10:40:00.041 [pool-3-thread-1] DEBUG com.dfyy.project.module.activity.dao.IActivityDao.selectId2 - ==>  Preparing: select id from t_activity WHERE DATE_FORMAT(registration_end, '%Y-%m-%d %H:%i') = ? LIMIT 1 
10:40:00.043 [pool-3-thread-1] DEBUG com.dfyy.project.module.activity.dao.IActivityDao.selectId2 - ==> Parameters: 2018-12-04 10:40(String)
10:40:00.076 [pool-3-thread-1] DEBUG com.dfyy.project.module.activity.dao.IActivityDao.selectId2 - <==      Total: 0
10:40:00.078 [pool-3-thread-1] DEBUG com.dfyy.project.module.activity.dao.IActivityDao.selectId3 - ==>  Preparing: select id from t_activity WHERE DATE_FORMAT(activity_time, '%Y-%m-%d %H:%i') = ? LIMIT 1 
10:40:00.080 [pool-3-thread-1] DEBUG com.dfyy.project.module.activity.dao.IActivityDao.selectId3 - ==> Parameters: 2018-12-04 10:40(String)
10:40:00.113 [pool-3-thread-1] DEBUG com.dfyy.project.module.activity.dao.IActivityDao.selectId3 - <==      Total: 0
10:40:21.093 [Quartz Scheduler [dfyyScheduler]] ERROR druid.sql.Statement - {conn-10001, pstmt-20018} execute error. SELECT * FROM QRTZ_LOCKS WHERE SCHED_NAME = 'dfyyScheduler' AND LOCK_NAME = ? FOR UPDATE
com.mysql.jdbc.exceptions.jdbc4.MySQLTransactionRollbackException: Lock wait timeout exceeded; try restarting transaction
	at sun.reflect.NativeConstructorAccessorImpl.newInstance0(Native Method)
	at sun.reflect.NativeConstructorAccessorImpl.newInstance(NativeConstructorAccessorImpl.java:62)
	at sun.reflect.DelegatingConstructorAccessorImpl.newInstance(DelegatingConstructorAccessorImpl.java:45)
	at java.lang.reflect.Constructor.newInstance(Constructor.java:423)
	at com.mysql.jdbc.Util.handleNewInstance(Util.java:425)
	at com.mysql.jdbc.Util.getInstance(Util.java:408)
	at com.mysql.jdbc.SQLError.createSQLException(SQLError.java:952)
	at com.mysql.jdbc.MysqlIO.checkErrorPacket(MysqlIO.java:3973)
	at com.mysql.jdbc.MysqlIO.checkErrorPacket(MysqlIO.java:3909)
	at com.mysql.jdbc.MysqlIO.sendCommand(MysqlIO.java:2527)
	at com.mysql.jdbc.MysqlIO.sqlQueryDirect(MysqlIO.java:2680)
	at com.mysql.jdbc.ConnectionImpl.execSQL(ConnectionImpl.java:2484)
	at com.mysql.jdbc.PreparedStatement.executeInternal(PreparedStatement.java:1858)
	at com.mysql.jdbc.PreparedStatement.executeQuery(PreparedStatement.java:1966)
	at com.alibaba.druid.filter.FilterChainImpl.preparedStatement_executeQuery(FilterChainImpl.java:2714)
	at com.alibaba.druid.filter.FilterEventAdapter.preparedStatement_executeQuery(FilterEventAdapter.java:465)
	at com.alibaba.druid.filter.FilterChainImpl.preparedStatement_executeQuery(FilterChainImpl.java:2711)
	at com.alibaba.druid.wall.WallFilter.preparedStatement_executeQuery(WallFilter.java:622)
	at com.alibaba.druid.filter.FilterChainImpl.preparedStatement_executeQuery(FilterChainImpl.java:2711)
	at com.alibaba.druid.filter.FilterEventAdapter.preparedStatement_executeQuery(FilterEventAdapter.java:465)
	at com.alibaba.druid.filter.FilterChainImpl.preparedStatement_executeQuery(FilterChainImpl.java:2711)
	at com.alibaba.druid.proxy.jdbc.PreparedStatementProxyImpl.executeQuery(PreparedStatementProxyImpl.java:145)
	at com.alibaba.druid.pool.DruidPooledPreparedStatement.executeQuery(DruidPooledPreparedStatement.java:227)
	at org.quartz.impl.jdbcjobstore.StdRowLockSemaphore.executeSQL(StdRowLockSemaphore.java:96)
	at org.quartz.impl.jdbcjobstore.DBSemaphore.obtainLock(DBSemaphore.java:113)
	at org.quartz.impl.jdbcjobstore.JobStoreSupport.doCheckin(JobStoreSupport.java:3320)
	at org.quartz.impl.jdbcjobstore.JobStoreSupport$ClusterManager.manage(JobStoreSupport.java:3920)
	at org.quartz.impl.jdbcjobstore.JobStoreSupport$ClusterManager.initialize(JobStoreSupport.java:3905)
	at org.quartz.impl.jdbcjobstore.JobStoreSupport.schedulerStarted(JobStoreSupport.java:692)
	at org.quartz.core.QuartzScheduler.start(QuartzScheduler.java:539)
	at org.quartz.impl.StdScheduler.start(StdScheduler.java:142)
	at org.springframework.scheduling.quartz.SchedulerFactoryBean$1.run(SchedulerFactoryBean.java:668)
10:40:21.170 [Quartz Scheduler [dfyyScheduler]] ERROR org.springframework.scheduling.quartz.LocalDataSourceJobStore - ClusterManager: Error managing cluster: Failure obtaining db row lock: Lock wait timeout exceeded; try restarting transaction
org.quartz.impl.jdbcjobstore.LockException: Failure obtaining db row lock: Lock wait timeout exceeded; try restarting transaction
	at org.quartz.impl.jdbcjobstore.StdRowLockSemaphore.executeSQL(StdRowLockSemaphore.java:157)
	at org.quartz.impl.jdbcjobstore.DBSemaphore.obtainLock(DBSemaphore.java:113)
	at org.quartz.impl.jdbcjobstore.JobStoreSupport.doCheckin(JobStoreSupport.java:3320)
	at org.quartz.impl.jdbcjobstore.JobStoreSupport$ClusterManager.manage(JobStoreSupport.java:3920)
	at org.quartz.impl.jdbcjobstore.JobStoreSupport$ClusterManager.initialize(JobStoreSupport.java:3905)
	at org.quartz.impl.jdbcjobstore.JobStoreSupport.schedulerStarted(JobStoreSupport.java:692)
	at org.quartz.core.QuartzScheduler.start(QuartzScheduler.java:539)
	at org.quartz.impl.StdScheduler.start(StdScheduler.java:142)
	at org.springframework.scheduling.quartz.SchedulerFactoryBean$1.run(SchedulerFactoryBean.java:668)
Caused by: com.mysql.jdbc.exceptions.jdbc4.MySQLTransactionRollbackException: Lock wait timeout exceeded; try restarting transaction
	at sun.reflect.NativeConstructorAccessorImpl.newInstance0(Native Method)
	at sun.reflect.NativeConstructorAccessorImpl.newInstance(NativeConstructorAccessorImpl.java:62)
	at sun.reflect.DelegatingConstructorAccessorImpl.newInstance(DelegatingConstructorAccessorImpl.java:45)
	at java.lang.reflect.Constructor.newInstance(Constructor.java:423)
	at com.mysql.jdbc.Util.handleNewInstance(Util.java:425)
	at com.mysql.jdbc.Util.getInstance(Util.java:408)
	at com.mysql.jdbc.SQLError.createSQLException(SQLError.java:952)
	at com.mysql.jdbc.MysqlIO.checkErrorPacket(MysqlIO.java:3973)
	at com.mysql.jdbc.MysqlIO.checkErrorPacket(MysqlIO.java:3909)
	at com.mysql.jdbc.MysqlIO.sendCommand(MysqlIO.java:2527)
	at com.mysql.jdbc.MysqlIO.sqlQueryDirect(MysqlIO.java:2680)
	at com.mysql.jdbc.ConnectionImpl.execSQL(ConnectionImpl.java:2484)
	at com.mysql.jdbc.PreparedStatement.executeInternal(PreparedStatement.java:1858)
	at com.mysql.jdbc.PreparedStatement.executeQuery(PreparedStatement.java:1966)
	at com.alibaba.druid.filter.FilterChainImpl.preparedStatement_executeQuery(FilterChainImpl.java:2714)
	at com.alibaba.druid.filter.FilterEventAdapter.preparedStatement_executeQuery(FilterEventAdapter.java:465)
	at com.alibaba.druid.filter.FilterChainImpl.preparedStatement_executeQuery(FilterChainImpl.java:2711)
	at com.alibaba.druid.wall.WallFilter.preparedStatement_executeQuery(WallFilter.java:622)
	at com.alibaba.druid.filter.FilterChainImpl.preparedStatement_executeQuery(FilterChainImpl.java:2711)
	at com.alibaba.druid.filter.FilterEventAdapter.preparedStatement_executeQuery(FilterEventAdapter.java:465)
	at com.alibaba.druid.filter.FilterChainImpl.preparedStatement_executeQuery(FilterChainImpl.java:2711)
	at com.alibaba.druid.proxy.jdbc.PreparedStatementProxyImpl.executeQuery(PreparedStatementProxyImpl.java:145)
	at com.alibaba.druid.pool.DruidPooledPreparedStatement.executeQuery(DruidPooledPreparedStatement.java:227)
	at org.quartz.impl.jdbcjobstore.StdRowLockSemaphore.executeSQL(StdRowLockSemaphore.java:96)
	... 8 common frames omitted
10:40:21.171 [Quartz Scheduler [dfyyScheduler]] INFO  org.quartz.core.QuartzScheduler - Scheduler dfyyScheduler_$_shijieX1543891106021 started.
